[14-Nov-2019 21:33:23 America/Sao_Paulo] PHP Fatal error:  Uncaught PDOException: SQLSTATE[28000] [1045] Access denied for user 'root'@'localhost' (using password: NO) in /home2/unive271/public_html/conecta_banco.inc:6
Stack trace:
#0 /home2/unive271/public_html/conecta_banco.inc(6): PDO->__construct('mysql:host=loca...', 'root', '')
#1 /home2/unive271/public_html/cadastrar_creche.php(35): include('/home2/unive271...')
#2 {main}
  thrown in /home2/unive271/public_html/conecta_banco.inc on line 6
[14-Nov-2019 21:33:51 America/Sao_Paulo] PHP Fatal error:  Uncaught PDOException: SQLSTATE[28000] [1045] Access denied for user 'root'@'localhost' (using password: NO) in /home2/unive271/public_html/conecta_banco.inc:6
Stack trace:
#0 /home2/unive271/public_html/conecta_banco.inc(6): PDO->__construct('mysql:host=loca...', 'root', '')
#1 /home2/unive271/public_html/confere_login.php(2): include('/home2/unive271...')
#2 {main}
  thrown in /home2/unive271/public_html/conecta_banco.inc on line 6
[15-Nov-2019 10:27:19 America/Sao_Paulo] PHP Fatal error:  Uncaught PDOException: SQLSTATE[28000] [1045] Access denied for user 'root'@'localhost' (using password: NO) in /home2/unive271/public_html/conecta_banco.inc:6
Stack trace:
#0 /home2/unive271/public_html/conecta_banco.inc(6): PDO->__construct('mysql:host=loca...', 'root', '')
#1 /home2/unive271/public_html/confere_login.php(2): include('/home2/unive271...')
#2 {main}
  thrown in /home2/unive271/public_html/conecta_banco.inc on line 6
[15-Nov-2019 10:27:24 America/Sao_Paulo] PHP Fatal error:  Uncaught PDOException: SQLSTATE[28000] [1045] Access denied for user 'root'@'localhost' (using password: NO) in /home2/unive271/public_html/conecta_banco.inc:6
Stack trace:
#0 /home2/unive271/public_html/conecta_banco.inc(6): PDO->__construct('mysql:host=loca...', 'root', '')
#1 /home2/unive271/public_html/cadastrar_creche.php(35): include('/home2/unive271...')
#2 {main}
  thrown in /home2/unive271/public_html/conecta_banco.inc on line 6
[15-Nov-2019 11:51:40 America/Sao_Paulo] PHP Fatal error:  Uncaught PDOException: SQLSTATE[28000] [1045] Access denied for user 'root'@'localhost' (using password: NO) in /home2/unive271/public_html/conecta_banco.inc:6
Stack trace:
#0 /home2/unive271/public_html/conecta_banco.inc(6): PDO->__construct('mysql:host=loca...', 'root', '')
#1 /home2/unive271/public_html/cadastrar_creche.php(35): include('/home2/unive271...')
#2 {main}
  thrown in /home2/unive271/public_html/conecta_banco.inc on line 6
[16-Nov-2019 10:21:59 America/Sao_Paulo] PHP Fatal error:  Uncaught PDOException: SQLSTATE[28000] [1045] Access denied for user 'root'@'localhost' (using password: NO) in /home2/unive271/public_html/conecta_banco.inc:6
Stack trace:
#0 /home2/unive271/public_html/conecta_banco.inc(6): PDO->__construct('mysql:host=loca...', 'root', '')
#1 /home2/unive271/public_html/confere_login.php(2): include('/home2/unive271...')
#2 {main}
  thrown in /home2/unive271/public_html/conecta_banco.inc on line 6
[16-Nov-2019 10:22:04 America/Sao_Paulo] PHP Fatal error:  Uncaught PDOException: SQLSTATE[28000] [1045] Access denied for user 'root'@'localhost' (using password: NO) in /home2/unive271/public_html/conecta_banco.inc:6
Stack trace:
#0 /home2/unive271/public_html/conecta_banco.inc(6): PDO->__construct('mysql:host=loca...', 'root', '')
#1 /home2/unive271/public_html/cadastrar_creche.php(35): include('/home2/unive271...')
#2 {main}
  thrown in /home2/unive271/public_html/conecta_banco.inc on line 6
[17-Nov-2019 10:25:07 America/Sao_Paulo] PHP Fatal error:  Uncaught PDOException: SQLSTATE[28000] [1045] Access denied for user 'root'@'localhost' (using password: NO) in /home2/unive271/public_html/conecta_banco.inc:6
Stack trace:
#0 /home2/unive271/public_html/conecta_banco.inc(6): PDO->__construct('mysql:host=loca...', 'root', '')
#1 /home2/unive271/public_html/confere_login.php(2): include('/home2/unive271...')
#2 {main}
  thrown in /home2/unive271/public_html/conecta_banco.inc on line 6
[17-Nov-2019 10:25:14 America/Sao_Paulo] PHP Fatal error:  Uncaught PDOException: SQLSTATE[28000] [1045] Access denied for user 'root'@'localhost' (using password: NO) in /home2/unive271/public_html/conecta_banco.inc:6
Stack trace:
#0 /home2/unive271/public_html/conecta_banco.inc(6): PDO->__construct('mysql:host=loca...', 'root', '')
#1 /home2/unive271/public_html/cadastrar_creche.php(35): include('/home2/unive271...')
#2 {main}
  thrown in /home2/unive271/public_html/conecta_banco.inc on line 6
[18-Nov-2019 10:29:33 America/Sao_Paulo] PHP Fatal error:  Uncaught PDOException: SQLSTATE[28000] [1045] Access denied for user 'root'@'localhost' (using password: NO) in /home2/unive271/public_html/conecta_banco.inc:6
Stack trace:
#0 /home2/unive271/public_html/conecta_banco.inc(6): PDO->__construct('mysql:host=loca...', 'root', '')
#1 /home2/unive271/public_html/confere_login.php(2): include('/home2/unive271...')
#2 {main}
  thrown in /home2/unive271/public_html/conecta_banco.inc on line 6
[18-Nov-2019 10:29:39 America/Sao_Paulo] PHP Fatal error:  Uncaught PDOException: SQLSTATE[28000] [1045] Access denied for user 'root'@'localhost' (using password: NO) in /home2/unive271/public_html/conecta_banco.inc:6
Stack trace:
#0 /home2/unive271/public_html/conecta_banco.inc(6): PDO->__construct('mysql:host=loca...', 'root', '')
#1 /home2/unive271/public_html/cadastrar_creche.php(35): include('/home2/unive271...')
#2 {main}
  thrown in /home2/unive271/public_html/conecta_banco.inc on line 6
[18-Nov-2019 21:54:17 America/Sao_Paulo] PHP Fatal error:  Uncaught PDOException: SQLSTATE[28000] [1045] Access denied for user 'root'@'localhost' (using password: NO) in /home2/unive271/public_html/conecta_banco.inc:6
Stack trace:
#0 /home2/unive271/public_html/conecta_banco.inc(6): PDO->__construct('mysql:host=loca...', 'root', '')
#1 /home2/unive271/public_html/cadastrar_creche.php(35): include('/home2/unive271...')
#2 {main}
  thrown in /home2/unive271/public_html/conecta_banco.inc on line 6
[18-Nov-2019 22:12:00 America/Sao_Paulo] PHP Fatal error:  Uncaught PDOException: SQLSTATE[28000] [1045] Access denied for user 'root'@'localhost' (using password: NO) in /home2/unive271/public_html/conecta_banco.inc:6
Stack trace:
#0 /home2/unive271/public_html/conecta_banco.inc(6): PDO->__construct('mysql:host=loca...', 'root', '')
#1 /home2/unive271/public_html/confere_login.php(2): include('/home2/unive271...')
#2 {main}
  thrown in /home2/unive271/public_html/conecta_banco.inc on line 6
[19-Nov-2019 10:25:35 America/Sao_Paulo] PHP Fatal error:  Uncaught PDOException: SQLSTATE[28000] [1045] Access denied for user 'root'@'br568.hostgator.com.br' (using password: NO) in /home2/unive271/public_html/conecta_banco.inc:6
Stack trace:
#0 /home2/unive271/public_html/conecta_banco.inc(6): PDO->__construct('mysql:host=br56...', 'root', '')
#1 /home2/unive271/public_html/confere_login.php(2): include('/home2/unive271...')
#2 {main}
  thrown in /home2/unive271/public_html/conecta_banco.inc on line 6
[19-Nov-2019 10:25:43 America/Sao_Paulo] PHP Fatal error:  Uncaught PDOException: SQLSTATE[28000] [1045] Access denied for user 'root'@'br568.hostgator.com.br' (using password: NO) in /home2/unive271/public_html/conecta_banco.inc:6
Stack trace:
#0 /home2/unive271/public_html/conecta_banco.inc(6): PDO->__construct('mysql:host=br56...', 'root', '')
#1 /home2/unive271/public_html/cadastrar_creche.php(35): include('/home2/unive271...')
#2 {main}
  thrown in /home2/unive271/public_html/conecta_banco.inc on line 6
[20-Nov-2019 10:21:07 America/Sao_Paulo] PHP Fatal error:  Uncaught PDOException: SQLSTATE[28000] [1045] Access denied for user 'root'@'br568.hostgator.com.br' (using password: NO) in /home2/unive271/public_html/conecta_banco.inc:6
Stack trace:
#0 /home2/unive271/public_html/conecta_banco.inc(6): PDO->__construct('mysql:host=br56...', 'root', '')
#1 /home2/unive271/public_html/confere_login.php(2): include('/home2/unive271...')
#2 {main}
  thrown in /home2/unive271/public_html/conecta_banco.inc on line 6
[20-Nov-2019 10:21:12 America/Sao_Paulo] PHP Fatal error:  Uncaught PDOException: SQLSTATE[28000] [1045] Access denied for user 'root'@'br568.hostgator.com.br' (using password: NO) in /home2/unive271/public_html/conecta_banco.inc:6
Stack trace:
#0 /home2/unive271/public_html/conecta_banco.inc(6): PDO->__construct('mysql:host=br56...', 'root', '')
#1 /home2/unive271/public_html/cadastrar_creche.php(35): include('/home2/unive271...')
#2 {main}
  thrown in /home2/unive271/public_html/conecta_banco.inc on line 6
[21-Nov-2019 10:26:46 America/Sao_Paulo] PHP Fatal error:  Uncaught PDOException: SQLSTATE[28000] [1045] Access denied for user 'root'@'br568.hostgator.com.br' (using password: NO) in /home2/unive271/public_html/conecta_banco.inc:6
Stack trace:
#0 /home2/unive271/public_html/conecta_banco.inc(6): PDO->__construct('mysql:host=br56...', 'root', '')
#1 /home2/unive271/public_html/confere_login.php(2): include('/home2/unive271...')
#2 {main}
  thrown in /home2/unive271/public_html/conecta_banco.inc on line 6
[21-Nov-2019 10:26:51 America/Sao_Paulo] PHP Fatal error:  Uncaught PDOException: SQLSTATE[28000] [1045] Access denied for user 'root'@'br568.hostgator.com.br' (using password: NO) in /home2/unive271/public_html/conecta_banco.inc:6
Stack trace:
#0 /home2/unive271/public_html/conecta_banco.inc(6): PDO->__construct('mysql:host=br56...', 'root', '')
#1 /home2/unive271/public_html/cadastrar_creche.php(35): include('/home2/unive271...')
#2 {main}
  thrown in /home2/unive271/public_html/conecta_banco.inc on line 6
[22-Nov-2019 10:26:02 America/Sao_Paulo] PHP Fatal error:  Uncaught PDOException: SQLSTATE[28000] [1045] Access denied for user 'root'@'br568.hostgator.com.br' (using password: NO) in /home2/unive271/public_html/conecta_banco.inc:6
Stack trace:
#0 /home2/unive271/public_html/conecta_banco.inc(6): PDO->__construct('mysql:host=br56...', 'root', '')
#1 /home2/unive271/public_html/confere_login.php(2): include('/home2/unive271...')
#2 {main}
  thrown in /home2/unive271/public_html/conecta_banco.inc on line 6
[22-Nov-2019 10:26:08 America/Sao_Paulo] PHP Fatal error:  Uncaught PDOException: SQLSTATE[28000] [1045] Access denied for user 'root'@'br568.hostgator.com.br' (using password: NO) in /home2/unive271/public_html/conecta_banco.inc:6
Stack trace:
#0 /home2/unive271/public_html/conecta_banco.inc(6): PDO->__construct('mysql:host=br56...', 'root', '')
#1 /home2/unive271/public_html/cadastrar_creche.php(35): include('/home2/unive271...')
#2 {main}
  thrown in /home2/unive271/public_html/conecta_banco.inc on line 6
[23-Nov-2019 10:16:55 America/Fortaleza] PHP Fatal error:  Uncaught PDOException: SQLSTATE[28000] [1045] Access denied for user 'root'@'br568.hostgator.com.br' (using password: NO) in /home2/unive271/public_html/conecta_banco.inc:6
Stack trace:
#0 /home2/unive271/public_html/conecta_banco.inc(6): PDO->__construct('mysql:host=br56...', 'root', '')
#1 /home2/unive271/public_html/confere_login.php(2): include('/home2/unive271...')
#2 {main}
  thrown in /home2/unive271/public_html/conecta_banco.inc on line 6
[23-Nov-2019 10:17:02 America/Fortaleza] PHP Fatal error:  Uncaught PDOException: SQLSTATE[28000] [1045] Access denied for user 'root'@'br568.hostgator.com.br' (using password: NO) in /home2/unive271/public_html/conecta_banco.inc:6
Stack trace:
#0 /home2/unive271/public_html/conecta_banco.inc(6): PDO->__construct('mysql:host=br56...', 'root', '')
#1 /home2/unive271/public_html/cadastrar_creche.php(35): include('/home2/unive271...')
#2 {main}
  thrown in /home2/unive271/public_html/conecta_banco.inc on line 6
[24-Nov-2019 10:20:08 America/Fortaleza] PHP Fatal error:  Uncaught PDOException: SQLSTATE[28000] [1045] Access denied for user 'root'@'br568.hostgator.com.br' (using password: NO) in /home2/unive271/public_html/conecta_banco.inc:6
Stack trace:
#0 /home2/unive271/public_html/conecta_banco.inc(6): PDO->__construct('mysql:host=br56...', 'root', '')
#1 /home2/unive271/public_html/confere_login.php(2): include('/home2/unive271...')
#2 {main}
  thrown in /home2/unive271/public_html/conecta_banco.inc on line 6
[24-Nov-2019 10:20:13 America/Fortaleza] PHP Fatal error:  Uncaught PDOException: SQLSTATE[28000] [1045] Access denied for user 'root'@'br568.hostgator.com.br' (using password: NO) in /home2/unive271/public_html/conecta_banco.inc:6
Stack trace:
#0 /home2/unive271/public_html/conecta_banco.inc(6): PDO->__construct('mysql:host=br56...', 'root', '')
#1 /home2/unive271/public_html/cadastrar_creche.php(35): include('/home2/unive271...')
#2 {main}
  thrown in /home2/unive271/public_html/conecta_banco.inc on line 6
[24-Nov-2019 14:43:23 America/Fortaleza] PHP Fatal error:  Uncaught PDOException: SQLSTATE[28000] [1045] Access denied for user 'root'@'br568.hostgator.com.br' (using password: NO) in /home2/unive271/public_html/conecta_banco.inc:6
Stack trace:
#0 /home2/unive271/public_html/conecta_banco.inc(6): PDO->__construct('mysql:host=br56...', 'root', '')
#1 /home2/unive271/public_html/cadastrar_creche.php(35): include('/home2/unive271...')
#2 {main}
  thrown in /home2/unive271/public_html/conecta_banco.inc on line 6
[24-Nov-2019 23:57:22 America/Fortaleza] PHP Fatal error:  Uncaught PDOException: SQLSTATE[28000] [1045] Access denied for user 'root'@'br568.hostgator.com.br' (using password: NO) in /home2/unive271/public_html/conecta_banco.inc:6
Stack trace:
#0 /home2/unive271/public_html/conecta_banco.inc(6): PDO->__construct('mysql:host=br56...', 'root', '')
#1 /home2/unive271/public_html/confere_login.php(2): include('/home2/unive271...')
#2 {main}
  thrown in /home2/unive271/public_html/conecta_banco.inc on line 6
[25-Nov-2019 00:01:03 America/Fortaleza] PHP Fatal error:  Uncaught PDOException: SQLSTATE[28000] [1045] Access denied for user 'root'@'br568.hostgator.com.br' (using password: NO) in /home2/unive271/public_html/conecta_banco.inc:6
Stack trace:
#0 /home2/unive271/public_html/conecta_banco.inc(6): PDO->__construct('mysql:host=br56...', 'root', '')
#1 /home2/unive271/public_html/confere_login.php(2): include('/home2/unive271...')
#2 {main}
  thrown in /home2/unive271/public_html/conecta_banco.inc on line 6
[25-Nov-2019 00:01:17 America/Fortaleza] PHP Fatal error:  Uncaught PDOException: SQLSTATE[28000] [1045] Access denied for user 'root'@'br568.hostgator.com.br' (using password: NO) in /home2/unive271/public_html/conecta_banco.inc:6
Stack trace:
#0 /home2/unive271/public_html/conecta_banco.inc(6): PDO->__construct('mysql:host=br56...', 'root', '')
#1 /home2/unive271/public_html/confere_login.php(2): include('/home2/unive271...')
#2 {main}
  thrown in /home2/unive271/public_html/conecta_banco.inc on line 6
[25-Nov-2019 02:18:19 America/Fortaleza] PHP Fatal error:  Uncaught PDOException: SQLSTATE[28000] [1045] Access denied for user 'root'@'br568.hostgator.com.br' (using password: NO) in /home2/unive271/public_html/conecta_banco.inc:6
Stack trace:
#0 /home2/unive271/public_html/conecta_banco.inc(6): PDO->__construct('mysql:host=br56...', 'root', '')
#1 /home2/unive271/public_html/cadastrar_creche.php(35): include('/home2/unive271...')
#2 {main}
  thrown in /home2/unive271/public_html/conecta_banco.inc on line 6
[25-Nov-2019 02:22:27 America/Fortaleza] PHP Fatal error:  Uncaught PDOException: SQLSTATE[28000] [1045] Access denied for user 'root'@'br568.hostgator.com.br' (using password: NO) in /home2/unive271/public_html/conecta_banco.inc:6
Stack trace:
#0 /home2/unive271/public_html/conecta_banco.inc(6): PDO->__construct('mysql:host=br56...', 'root', '')
#1 /home2/unive271/public_html/confere_login.php(2): include('/home2/unive271...')
#2 {main}
  thrown in /home2/unive271/public_html/conecta_banco.inc on line 6
[25-Nov-2019 10:17:34 America/Fortaleza] PHP Fatal error:  Uncaught PDOException: SQLSTATE[28000] [1045] Access denied for user 'root'@'br568.hostgator.com.br' (using password: NO) in /home2/unive271/public_html/conecta_banco.inc:6
Stack trace:
#0 /home2/unive271/public_html/conecta_banco.inc(6): PDO->__construct('mysql:host=br56...', 'root', '')
#1 /home2/unive271/public_html/confere_login.php(2): include('/home2/unive271...')
#2 {main}
  thrown in /home2/unive271/public_html/conecta_banco.inc on line 6
[25-Nov-2019 10:17:47 America/Fortaleza] PHP Fatal error:  Uncaught PDOException: SQLSTATE[28000] [1045] Access denied for user 'root'@'br568.hostgator.com.br' (using password: NO) in /home2/unive271/public_html/conecta_banco.inc:6
Stack trace:
#0 /home2/unive271/public_html/conecta_banco.inc(6): PDO->__construct('mysql:host=br56...', 'root', '')
#1 /home2/unive271/public_html/cadastrar_creche.php(35): include('/home2/unive271...')
#2 {main}
  thrown in /home2/unive271/public_html/conecta_banco.inc on line 6
[25-Nov-2019 18:52:27 America/Fortaleza] PHP Fatal error:  Uncaught PDOException: SQLSTATE[28000] [1045] Access denied for user 'root'@'br568.hostgator.com.br' (using password: NO) in /home2/unive271/public_html/conecta_banco.inc:6
Stack trace:
#0 /home2/unive271/public_html/conecta_banco.inc(6): PDO->__construct('mysql:host=br56...', 'root', '')
#1 /home2/unive271/public_html/confere_login.php(2): include('/home2/unive271...')
#2 {main}
  thrown in /home2/unive271/public_html/conecta_banco.inc on line 6
[25-Nov-2019 19:01:03 America/Fortaleza] PHP Fatal error:  Uncaught PDOException: SQLSTATE[28000] [1045] Access denied for user 'unive271'@'br568.hostgator.com.br' (using password: YES) in /home2/unive271/public_html/conecta_banco.php:6
Stack trace:
#0 /home2/unive271/public_html/conecta_banco.php(6): PDO->__construct('mysql:host=108....', 'unive271', 'm2aocoh1do')
#1 /home2/unive271/public_html/confere_login.php(2): include('/home2/unive271...')
#2 {main}
  thrown in /home2/unive271/public_html/conecta_banco.php on line 6
[25-Nov-2019 19:09:08 America/Fortaleza] PHP Fatal error:  Uncaught PDOException: SQLSTATE[28000] [1045] Access denied for user 'unive271_smoc'@'br568.hostgator.com.br' (using password: NO) in /home2/unive271/public_html/conecta_banco.php:6
Stack trace:
#0 /home2/unive271/public_html/conecta_banco.php(6): PDO->__construct('mysql:host=108....', 'unive271_smoc', '')
#1 /home2/unive271/public_html/confere_login.php(2): include('/home2/unive271...')
#2 {main}
  thrown in /home2/unive271/public_html/conecta_banco.php on line 6
[25-Nov-2019 19:10:52 America/Fortaleza] PHP Fatal error:  Uncaught PDOException: SQLSTATE[28000] [1045] Access denied for user 'unive271_smoc'@'br568.hostgator.com.br' (using password: NO) in /home2/unive271/public_html/conecta_banco.php:6
Stack trace:
#0 /home2/unive271/public_html/conecta_banco.php(6): PDO->__construct('mysql:host=108....', 'unive271_smoc', '')
#1 /home2/unive271/public_html/confere_login.php(2): include('/home2/unive271...')
#2 {main}
  thrown in /home2/unive271/public_html/conecta_banco.php on line 6
[25-Nov-2019 19:13:59 America/Fortaleza] PHP Warning:  Cannot modify header information - headers already sent by (output started at /home2/unive271/public_html/conecta_banco.php:8) in /home2/unive271/public_html/confere_login.php on line 14
[25-Nov-2019 19:14:13 America/Fortaleza] PHP Warning:  Cannot modify header information - headers already sent by (output started at /home2/unive271/public_html/conecta_banco.php:8) in /home2/unive271/public_html/confere_login.php on line 14
[25-Nov-2019 19:16:18 America/Fortaleza] PHP Parse error:  syntax error, unexpected end of file in /home2/unive271/public_html/confere_login.php on line 18
[25-Nov-2019 19:45:57 America/Fortaleza] PHP Warning:  Cannot modify header information - headers already sent by (output started at /home2/unive271/public_html/cad_banco_resp.php:38) in /home2/unive271/public_html/cad_banco_resp.php on line 39
[25-Nov-2019 21:24:00 America/Fortaleza] PHP Fatal error:  Uncaught Error: Call to undefined function query() in /home2/unive271/public_html/cadastrar_endereco.php:24
Stack trace:
#0 {main}
  thrown in /home2/unive271/public_html/cadastrar_endereco.php on line 24
[25-Nov-2019 21:25:04 America/Fortaleza] PHP Fatal error:  Uncaught Error: Call to undefined function query() in /home2/unive271/public_html/cadastrar_endereco.php:24
Stack trace:
#0 {main}
  thrown in /home2/unive271/public_html/cadastrar_endereco.php on line 24
[25-Nov-2019 21:29:17 America/Fortaleza] PHP Fatal error:  Uncaught Error: Call to a member function fetchObject() on boolean in /home2/unive271/public_html/cadastrar_endereco.php:25
Stack trace:
#0 {main}
  thrown in /home2/unive271/public_html/cadastrar_endereco.php on line 25
[25-Nov-2019 21:30:06 America/Fortaleza] PHP Fatal error:  Uncaught Error: Call to a member function fetchObject() on boolean in /home2/unive271/public_html/cadastrar_endereco.php:25
Stack trace:
#0 {main}
  thrown in /home2/unive271/public_html/cadastrar_endereco.php on line 25
[25-Nov-2019 21:36:52 America/Fortaleza] PHP Fatal error:  Uncaught PDOException: SQLSTATE[28000] [1045] Access denied for user 'root'@'br568.hostgator.com.br' (using password: NO) in /home2/unive271/public_html/conecta_banco.inc:6
Stack trace:
#0 /home2/unive271/public_html/conecta_banco.inc(6): PDO->__construct('mysql:host=br56...', 'root', '')
#1 /home2/unive271/public_html/confirma_cadastro.php(2): include('/home2/unive271...')
#2 {main}
  thrown in /home2/unive271/public_html/conecta_banco.inc on line 6
[25-Nov-2019 21:37:10 America/Fortaleza] PHP Fatal error:  Uncaught PDOException: SQLSTATE[28000] [1045] Access denied for user 'root'@'br568.hostgator.com.br' (using password: NO) in /home2/unive271/public_html/conecta_banco.inc:6
Stack trace:
#0 /home2/unive271/public_html/conecta_banco.inc(6): PDO->__construct('mysql:host=br56...', 'root', '')
#1 /home2/unive271/public_html/confirma_cadastro.php(2): include('/home2/unive271...')
#2 {main}
  thrown in /home2/unive271/public_html/conecta_banco.inc on line 6
[25-Nov-2019 21:38:16 America/Fortaleza] PHP Warning:  include(conecta_banco.inc): failed to open stream: No such file or directory in /home2/unive271/public_html/cadastrar_creche.php on line 35
[25-Nov-2019 21:38:16 America/Fortaleza] PHP Warning:  include(conecta_banco.inc): failed to open stream: No such file or directory in /home2/unive271/public_html/cadastrar_creche.php on line 35
[25-Nov-2019 21:38:16 America/Fortaleza] PHP Warning:  include(): Failed opening 'conecta_banco.inc' for inclusion (include_path='.:/opt/php71/lib/php') in /home2/unive271/public_html/cadastrar_creche.php on line 35
[25-Nov-2019 21:38:16 America/Fortaleza] PHP Fatal error:  Uncaught Error: Call to a member function query() on null in /home2/unive271/public_html/cadastrar_creche.php:42
Stack trace:
#0 {main}
  thrown in /home2/unive271/public_html/cadastrar_creche.php on line 42
[25-Nov-2019 21:40:56 America/Fortaleza] PHP Fatal error:  Uncaught Error: Call to undefined function hearder() in /home2/unive271/public_html/cadastro_crianca_banco.php:74
Stack trace:
#0 {main}
  thrown in /home2/unive271/public_html/cadastro_crianca_banco.php on line 74
[25-Nov-2019 21:44:53 America/Fortaleza] PHP Fatal error:  Uncaught Error: Call to undefined function hearder() in /home2/unive271/public_html/cadastro_crianca_banco.php:74
Stack trace:
#0 {main}
  thrown in /home2/unive271/public_html/cadastro_crianca_banco.php on line 74
[25-Nov-2019 21:45:35 America/Fortaleza] PHP Fatal error:  Uncaught Error: Call to undefined function hearder() in /home2/unive271/public_html/cadastro_crianca_banco.php:67
Stack trace:
#0 {main}
  thrown in /home2/unive271/public_html/cadastro_crianca_banco.php on line 67
[25-Nov-2019 21:47:54 America/Fortaleza] PHP Parse error:  syntax error, unexpected '}' in /home2/unive271/public_html/cadastro_crianca_banco.php on line 71
[25-Nov-2019 21:48:11 America/Sao_Paulo] PHP Warning:  Cannot modify header information - headers already sent by (output started at /home2/unive271/public_html/cadastro_crianca_banco.php:64) in /home2/unive271/public_html/cadastro_crianca_banco.php on line 70
[25-Nov-2019 21:49:29 America/Sao_Paulo] PHP Warning:  Cannot modify header information - headers already sent by (output started at /home2/unive271/public_html/cadastro_crianca_banco.php:64) in /home2/unive271/public_html/cadastro_crianca_banco.php on line 70
[25-Nov-2019 21:54:47 America/Fortaleza] PHP Warning:  include(conecta_banco.inc): failed to open stream: No such file or directory in /home2/unive271/public_html/confirma_cadastro.php on line 2
[25-Nov-2019 21:54:47 America/Fortaleza] PHP Warning:  include(conecta_banco.inc): failed to open stream: No such file or directory in /home2/unive271/public_html/confirma_cadastro.php on line 2
[25-Nov-2019 21:54:47 America/Fortaleza] PHP Warning:  include(): Failed opening 'conecta_banco.inc' for inclusion (include_path='.:/opt/php71/lib/php') in /home2/unive271/public_html/confirma_cadastro.php on line 2
[25-Nov-2019 21:54:47 America/Fortaleza] PHP Fatal error:  Uncaught Error: Call to a member function query() on null in /home2/unive271/public_html/confirma_cadastro.php:5
Stack trace:
#0 {main}
  thrown in /home2/unive271/public_html/confirma_cadastro.php on line 5
[25-Nov-2019 22:02:03 America/Fortaleza] PHP Fatal error:  Uncaught Error: Call to undefined function mysql_pconnect() in /home2/unive271/public_html/confirmasera.php:9
Stack trace:
#0 {main}
  thrown in /home2/unive271/public_html/confirmasera.php on line 9
[25-Nov-2019 22:24:28 America/Fortaleza] PHP Parse error:  syntax error, unexpected '}', expecting ',' or ';' in /home2/unive271/public_html/confirma_registro.php on line 27
[25-Nov-2019 22:24:42 America/Fortaleza] PHP Fatal error:  Uncaught Error: Call to a member function query() on null in /home2/unive271/public_html/confirma_registro.php:9
Stack trace:
#0 {main}
  thrown in /home2/unive271/public_html/confirma_registro.php on line 9
[25-Nov-2019 22:25:49 America/Fortaleza] PHP Fatal error:  Uncaught Error: Call to a member function query() on null in /home2/unive271/public_html/confirma_registro.php:9
Stack trace:
#0 {main}
  thrown in /home2/unive271/public_html/confirma_registro.php on line 9
[26-Nov-2019 21:27:08 America/Fortaleza] PHP Parse error:  syntax error, unexpected '<' in /home2/unive271/public_html/creches.php on line 98
[26-Nov-2019 21:47:15 America/Fortaleza] PHP Parse error:  syntax error, unexpected '}' in /home2/unive271/public_html/confere_login.php on line 24
[27-Nov-2019 00:52:18 America/Fortaleza] PHP Recoverable fatal error:  Object of class stdClass could not be converted to string in /home2/unive271/public_html/cadastrar_endereco.php on line 33
[27-Nov-2019 00:52:56 America/Fortaleza] PHP Recoverable fatal error:  Object of class stdClass could not be converted to string in /home2/unive271/public_html/cadastrar_endereco.php on line 32
[27-Nov-2019 00:52:59 America/Fortaleza] PHP Recoverable fatal error:  Object of class stdClass could not be converted to string in /home2/unive271/public_html/cadastrar_endereco.php on line 32
[27-Nov-2019 00:54:37 America/Fortaleza] PHP Fatal error:  Uncaught Error: Call to a member function fetchObject() on boolean in /home2/unive271/public_html/cadastrar_endereco.php:25
Stack trace:
#0 {main}
  thrown in /home2/unive271/public_html/cadastrar_endereco.php on line 25
[27-Nov-2019 00:54:37 America/Fortaleza] PHP Fatal error:  Uncaught Error: Call to a member function fetchObject() on boolean in /home2/unive271/public_html/cadastrar_endereco.php:25
Stack trace:
#0 {main}
  thrown in /home2/unive271/public_html/cadastrar_endereco.php on line 25
[27-Nov-2019 01:43:23 America/Sao_Paulo] PHP Warning:  Cannot modify header information - headers already sent by (output started at /home2/unive271/public_html/cadastro_crianca_banco.php:64) in /home2/unive271/public_html/cadastro_crianca_banco.php on line 65
[27-Nov-2019 01:43:24 America/Sao_Paulo] PHP Warning:  Cannot modify header information - headers already sent by (output started at /home2/unive271/public_html/cadastro_crianca_banco.php:64) in /home2/unive271/public_html/cadastro_crianca_banco.php on line 65
[27-Nov-2019 01:56:44 America/Fortaleza] PHP Parse error:  syntax error, unexpected '$selecao1' (T_VARIABLE) in /home2/unive271/public_html/processa_pesquisa.php on line 22
[27-Nov-2019 01:59:20 America/Fortaleza] PHP Parse error:  syntax error, unexpected '$selecao1' (T_VARIABLE) in /home2/unive271/public_html/processa_pesquisa.php on line 23
[27-Nov-2019 02:06:02 America/Fortaleza] PHP Fatal error:  Uncaught Error: Call to a member function fetchAll() on boolean in /home2/unive271/public_html/confirma_cadastro.php:10
Stack trace:
#0 {main}
  thrown in /home2/unive271/public_html/confirma_cadastro.php on line 10
[27-Nov-2019 02:06:03 America/Fortaleza] PHP Fatal error:  Uncaught Error: Call to a member function fetchAll() on boolean in /home2/unive271/public_html/confirma_cadastro.php:10
Stack trace:
#0 {main}
  thrown in /home2/unive271/public_html/confirma_cadastro.php on line 10
[27-Nov-2019 02:08:22 America/Fortaleza] PHP Parse error:  syntax error, unexpected '$selecao' (T_VARIABLE), expecting ',' or ';' in /home2/unive271/public_html/processa_pesquisa.php on line 6
[27-Nov-2019 02:33:54 America/Fortaleza] PHP Fatal error:  Uncaught Error: Call to a member function queyr() on null in /home2/unive271/public_html/processa_pesquisa.php:9
Stack trace:
#0 {main}
  thrown in /home2/unive271/public_html/processa_pesquisa.php on line 9
[27-Nov-2019 02:34:59 America/Fortaleza] PHP Fatal error:  Uncaught Error: Call to undefined method PDO::queyr() in /home2/unive271/public_html/processa_pesquisa.php:10
Stack trace:
#0 {main}
  thrown in /home2/unive271/public_html/processa_pesquisa.php on line 10
[27-Nov-2019 02:53:08 America/Fortaleza] PHP Parse error:  syntax error, unexpected '''' (T_CONSTANT_ENCAPSED_STRING) in /home2/unive271/public_html/processa_pesquisa.php on line 3
[27-Nov-2019 02:54:34 America/Fortaleza] PHP Parse error:  syntax error, unexpected '''' (T_CONSTANT_ENCAPSED_STRING) in /home2/unive271/public_html/processa_pesquisa.php on line 4
[27-Nov-2019 02:58:30 America/Fortaleza] PHP Fatal error:  Uncaught Error: Call to undefined function query() in /home2/unive271/public_html/confirma_cadastro.php:8
Stack trace:
#0 {main}
  thrown in /home2/unive271/public_html/confirma_cadastro.php on line 8
[27-Nov-2019 02:58:31 America/Fortaleza] PHP Fatal error:  Uncaught Error: Call to undefined function query() in /home2/unive271/public_html/confirma_cadastro.php:8
Stack trace:
#0 {main}
  thrown in /home2/unive271/public_html/confirma_cadastro.php on line 8
[27-Nov-2019 02:58:34 America/Fortaleza] PHP Fatal error:  Uncaught Error: Call to undefined function query() in /home2/unive271/public_html/confirma_cadastro.php:8
Stack trace:
#0 {main}
  thrown in /home2/unive271/public_html/confirma_cadastro.php on line 8
[27-Nov-2019 02:58:35 America/Fortaleza] PHP Fatal error:  Uncaught Error: Call to undefined function query() in /home2/unive271/public_html/confirma_cadastro.php:8
Stack trace:
#0 {main}
  thrown in /home2/unive271/public_html/confirma_cadastro.php on line 8
[27-Nov-2019 03:09:13 America/Fortaleza] PHP Fatal error:  Uncaught Error: Call to undefined function query() in /home2/unive271/public_html/confirma_cadastro.php:29
Stack trace:
#0 {main}
  thrown in /home2/unive271/public_html/confirma_cadastro.php on line 29
[27-Nov-2019 03:09:13 America/Fortaleza] PHP Fatal error:  Uncaught Error: Call to undefined function query() in /home2/unive271/public_html/confirma_cadastro.php:29
Stack trace:
#0 {main}
  thrown in /home2/unive271/public_html/confirma_cadastro.php on line 29
[27-Nov-2019 03:09:22 America/Fortaleza] PHP Parse error:  syntax error, unexpected '''' (T_CONSTANT_ENCAPSED_STRING) in /home2/unive271/public_html/processa_pesquisa.php on line 5
[27-Nov-2019 03:09:42 America/Fortaleza] PHP Parse error:  syntax error, unexpected '$dt_nascimento' (T_VARIABLE), expecting ',' or ';' in /home2/unive271/public_html/processa_pesquisa.php on line 28
[27-Nov-2019 03:10:03 America/Fortaleza] PHP Fatal error:  Uncaught Error: Call to a member function fetchAll() on boolean in /home2/unive271/public_html/processa_pesquisa.php:12
Stack trace:
#0 {main}
  thrown in /home2/unive271/public_html/processa_pesquisa.php on line 12
[27-Nov-2019 10:21:55 America/Fortaleza] PHP Fatal error:  Uncaught Error: Call to a member function fetchAll() on boolean in /home2/unive271/public_html/confirma_cadastro.php:22
Stack trace:
#0 {main}
  thrown in /home2/unive271/public_html/confirma_cadastro.php on line 22
[27-Nov-2019 12:46:54 America/Fortaleza] PHP Fatal error:  Uncaught Error: Call to a member function fetchAll() on boolean in /home2/unive271/public_html/processa_pesquisa.php:12
Stack trace:
#0 {main}
  thrown in /home2/unive271/public_html/processa_pesquisa.php on line 12
[27-Nov-2019 12:47:03 America/Fortaleza] PHP Fatal error:  Uncaught Error: Call to a member function fetchAll() on boolean in /home2/unive271/public_html/processa_pesquisa.php:12
Stack trace:
#0 {main}
  thrown in /home2/unive271/public_html/processa_pesquisa.php on line 12
[27-Nov-2019 12:51:15 America/Fortaleza] PHP Fatal error:  Uncaught Error: Call to a member function fetchAll() on boolean in /home2/unive271/public_html/processa_pesquisa.php:10
Stack trace:
#0 {main}
  thrown in /home2/unive271/public_html/processa_pesquisa.php on line 10
[27-Nov-2019 19:22:14 America/Fortaleza] PHP Fatal error:  Uncaught Error: Call to undefined function mysql_pconnect() in /home2/unive271/public_html/confirmasera.php:9
Stack trace:
#0 {main}
  thrown in /home2/unive271/public_html/confirmasera.php on line 9
[27-Nov-2019 19:23:38 America/Fortaleza] PHP Fatal error:  Uncaught Error: Call to a member function query() on null in /home2/unive271/public_html/confirma_registro.php:9
Stack trace:
#0 {main}
  thrown in /home2/unive271/public_html/confirma_registro.php on line 9
[27-Nov-2019 19:24:24 America/Fortaleza] PHP Fatal error:  Uncaught Error: Call to a member function query() on null in /home2/unive271/public_html/confirma_registro.php:9
Stack trace:
#0 {main}
  thrown in /home2/unive271/public_html/confirma_registro.php on line 9
[27-Nov-2019 20:23:43 America/Fortaleza] PHP Warning:  session_start(): Cannot send session cache limiter - headers already sent (output started at /home2/unive271/public_html/confirma_cadastro.php:1) in /home2/unive271/public_html/confirma_cadastro.php on line 3
[27-Nov-2019 20:24:25 America/Fortaleza] PHP Warning:  session_start(): Cannot send session cache limiter - headers already sent (output started at /home2/unive271/public_html/confirma_cadastro.php:1) in /home2/unive271/public_html/confirma_cadastro.php on line 3
[27-Nov-2019 20:25:57 America/Fortaleza] PHP Parse error:  syntax error, unexpected 'else' (T_ELSE) in /home2/unive271/public_html/confirma_cadastro.php on line 256
[27-Nov-2019 20:27:39 America/Fortaleza] PHP Warning:  session_start(): Cannot send session cache limiter - headers already sent (output started at /home2/unive271/public_html/confirma_cadastro.php:1) in /home2/unive271/public_html/confirma_cadastro.php on line 3
[27-Nov-2019 20:28:29 America/Fortaleza] PHP Warning:  session_start(): Cannot send session cache limiter - headers already sent (output started at /home2/unive271/public_html/confirma_cadastro.php:1) in /home2/unive271/public_html/confirma_cadastro.php on line 3
[27-Nov-2019 20:29:02 America/Fortaleza] PHP Warning:  session_start(): Cannot send session cache limiter - headers already sent (output started at /home2/unive271/public_html/confirma_cadastro.php:1) in /home2/unive271/public_html/confirma_cadastro.php on line 3
[27-Nov-2019 20:33:41 America/Fortaleza] PHP Warning:  session_start(): Cannot send session cache limiter - headers already sent (output started at /home2/unive271/public_html/confirma_cadastro.php:1) in /home2/unive271/public_html/confirma_cadastro.php on line 3
[27-Nov-2019 20:40:15 America/Fortaleza] PHP Warning:  session_start(): Cannot send session cache limiter - headers already sent (output started at /home2/unive271/public_html/confirma_cadastro.php:1) in /home2/unive271/public_html/confirma_cadastro.php on line 3
[27-Nov-2019 20:41:50 America/Fortaleza] PHP Fatal error:  Uncaught Error: Call to a member function query() on null in /home2/unive271/public_html/confirma_registro.php:9
Stack trace:
#0 {main}
  thrown in /home2/unive271/public_html/confirma_registro.php on line 9
[27-Nov-2019 20:44:55 America/Fortaleza] PHP Fatal error:  Uncaught Error: Call to a member function query() on null in /home2/unive271/public_html/confirma_registro.php:8
Stack trace:
#0 {main}
  thrown in /home2/unive271/public_html/confirma_registro.php on line 8
[27-Nov-2019 20:46:26 America/Fortaleza] PHP Fatal error:  Uncaught Error: Call to a member function query() on null in /home2/unive271/public_html/confirma_registro.php:8
Stack trace:
#0 {main}
  thrown in /home2/unive271/public_html/confirma_registro.php on line 8
[27-Nov-2019 21:13:00 America/Fortaleza] PHP Parse error:  syntax error, unexpected 'Location' (T_STRING), expecting ',' or ')' in /home2/unive271/public_html/confirma_registro.php on line 13
[27-Nov-2019 21:13:58 America/Fortaleza] PHP Parse error:  syntax error, unexpected 'Location' (T_STRING), expecting ',' or ')' in /home2/unive271/public_html/confirma_registro.php on line 13
[27-Nov-2019 21:14:04 America/Fortaleza] PHP Parse error:  syntax error, unexpected 'Location' (T_STRING), expecting ',' or ')' in /home2/unive271/public_html/confirma_registro.php on line 13
[27-Nov-2019 21:15:00 America/Fortaleza] PHP Parse error:  syntax error, unexpected 'Location' (T_STRING), expecting ',' or ')' in /home2/unive271/public_html/confirma_registro.php on line 13
[27-Nov-2019 21:16:54 America/Fortaleza] PHP Parse error:  syntax error, unexpected 'Location' (T_STRING), expecting ',' or ')' in /home2/unive271/public_html/confirma_registro.php on line 14
[27-Nov-2019 21:16:56 America/Fortaleza] PHP Parse error:  syntax error, unexpected 'Location' (T_STRING), expecting ',' or ')' in /home2/unive271/public_html/confirma_registro.php on line 14
[27-Nov-2019 21:16:57 America/Fortaleza] PHP Parse error:  syntax error, unexpected 'Location' (T_STRING), expecting ',' or ')' in /home2/unive271/public_html/confirma_registro.php on line 14
[27-Nov-2019 21:17:03 America/Fortaleza] PHP Parse error:  syntax error, unexpected 'Location' (T_STRING), expecting ',' or ')' in /home2/unive271/public_html/confirma_registro.php on line 14
[27-Nov-2019 21:17:15 America/Fortaleza] PHP Parse error:  syntax error, unexpected 'Location' (T_STRING), expecting ',' or ')' in /home2/unive271/public_html/confirma_registro.php on line 14
[27-Nov-2019 21:18:02 America/Fortaleza] PHP Parse error:  syntax error, unexpected 'i' (T_STRING), expecting ',' or ')' in /home2/unive271/public_html/confirma_registro.php on line 20
[27-Nov-2019 21:18:04 America/Fortaleza] PHP Parse error:  syntax error, unexpected 'i' (T_STRING), expecting ',' or ')' in /home2/unive271/public_html/confirma_registro.php on line 20
[27-Nov-2019 21:18:25 America/Fortaleza] PHP Parse error:  syntax error, unexpected '"', expecting ',' or ')' in /home2/unive271/public_html/confirma_registro.php on line 20
[27-Nov-2019 21:18:27 America/Fortaleza] PHP Parse error:  syntax error, unexpected '"', expecting ',' or ')' in /home2/unive271/public_html/confirma_registro.php on line 20
[27-Nov-2019 21:18:48 America/Fortaleza] PHP Parse error:  syntax error, unexpected '"', expecting ',' or ')' in /home2/unive271/public_html/confirma_registro.php on line 20
[27-Nov-2019 21:18:51 America/Fortaleza] PHP Parse error:  syntax error, unexpected '"', expecting ',' or ')' in /home2/unive271/public_html/confirma_registro.php on line 20
[27-Nov-2019 21:20:12 America/Fortaleza] PHP Parse error:  syntax error, unexpected 'Location' (T_STRING), expecting ',' or ')' in /home2/unive271/public_html/confirma_registro.php on line 13
[27-Nov-2019 21:27:16 America/Fortaleza] PHP Warning:  session_start(): Cannot send session cache limiter - headers already sent (output started at /home2/unive271/public_html/confirma_cadastro.php:1) in /home2/unive271/public_html/confirma_cadastro.php on line 3
[27-Nov-2019 21:45:50 America/Fortaleza] PHP Warning:  session_start(): Cannot send session cache limiter - headers already sent (output started at /home2/unive271/public_html/confirma_cadastro.php:1) in /home2/unive271/public_html/confirma_cadastro.php on line 3
[27-Nov-2019 21:53:08 America/Fortaleza] PHP Warning:  session_start(): Cannot send session cache limiter - headers already sent (output started at /home2/unive271/public_html/confirma_cadastro.php:1) in /home2/unive271/public_html/confirma_cadastro.php on line 3
[27-Nov-2019 22:08:28 America/Fortaleza] PHP Warning:  declare(encoding=...) ignored because Zend multibyte feature is turned off by settings in /home2/unive271/public_html/creches.php on line 2
[27-Nov-2019 22:11:39 America/Fortaleza] PHP Parse error:  syntax error, unexpected end of file in /home2/unive271/public_html/confere_login.php on line 23
[27-Nov-2019 22:13:28 America/Fortaleza] PHP Parse error:  syntax error, unexpected '=' in /home2/unive271/public_html/confere_login.php on line 14
[27-Nov-2019 22:17:08 America/Fortaleza] PHP Warning:  declare(encoding=...) ignored because Zend multibyte feature is turned off by settings in /home2/unive271/public_html/creches.php on line 1
[27-Nov-2019 22:18:06 America/Fortaleza] PHP Warning:  declare(encoding=...) ignored because Zend multibyte feature is turned off by settings in /home2/unive271/public_html/creches.php on line 1
[27-Nov-2019 22:19:32 America/Fortaleza] PHP Warning:  declare(encoding=...) ignored because Zend multibyte feature is turned off by settings in /home2/unive271/public_html/creches.php on line 1
[27-Nov-2019 22:21:34 America/Fortaleza] PHP Warning:  declare(encoding=...) ignored because Zend multibyte feature is turned off by settings in /home2/unive271/public_html/cadastrar_creche.php on line 2
[27-Nov-2019 22:21:34 America/Fortaleza] PHP Warning:  session_start(): Cannot send session cache limiter - headers already sent (output started at /home2/unive271/public_html/cadastrar_creche.php:2) in /home2/unive271/public_html/cadastrar_creche.php on line 10
[27-Nov-2019 22:21:34 America/Fortaleza] PHP Fatal error:  Uncaught Error: Call to a member function query() on null in /home2/unive271/public_html/cadastrar_creche.php:17
Stack trace:
#0 {main}
  thrown in /home2/unive271/public_html/cadastrar_creche.php on line 17
[27-Nov-2019 22:21:50 America/Fortaleza] PHP Warning:  declare(encoding=...) ignored because Zend multibyte feature is turned off by settings in /home2/unive271/public_html/creches.php on line 1
[27-Nov-2019 22:21:53 America/Fortaleza] PHP Warning:  declare(encoding=...) ignored because Zend multibyte feature is turned off by settings in /home2/unive271/public_html/cadastrar_creche.php on line 2
[27-Nov-2019 22:21:53 America/Fortaleza] PHP Warning:  session_start(): Cannot send session cache limiter - headers already sent (output started at /home2/unive271/public_html/cadastrar_creche.php:2) in /home2/unive271/public_html/cadastrar_creche.php on line 10
[27-Nov-2019 22:21:53 America/Fortaleza] PHP Fatal error:  Uncaught Error: Call to a member function query() on null in /home2/unive271/public_html/cadastrar_creche.php:17
Stack trace:
#0 {main}
  thrown in /home2/unive271/public_html/cadastrar_creche.php on line 17
[27-Nov-2019 22:22:28 America/Fortaleza] PHP Warning:  declare(encoding=...) ignored because Zend multibyte feature is turned off by settings in /home2/unive271/public_html/cadastrar_creche.php on line 2
[27-Nov-2019 22:22:28 America/Fortaleza] PHP Warning:  session_start(): Cannot send session cache limiter - headers already sent (output started at /home2/unive271/public_html/cadastrar_creche.php:2) in /home2/unive271/public_html/cadastrar_creche.php on line 10
[27-Nov-2019 22:22:28 America/Fortaleza] PHP Fatal error:  Uncaught Error: Call to a member function query() on null in /home2/unive271/public_html/cadastrar_creche.php:17
Stack trace:
#0 {main}
  thrown in /home2/unive271/public_html/cadastrar_creche.php on line 17
[27-Nov-2019 22:22:57 America/Fortaleza] PHP Warning:  declare(encoding=...) ignored because Zend multibyte feature is turned off by settings in /home2/unive271/public_html/creches.php on line 1
[27-Nov-2019 22:22:58 America/Fortaleza] PHP Fatal error:  Uncaught Error: Call to a member function query() on null in /home2/unive271/public_html/cadastrar_creche.php:16
Stack trace:
#0 {main}
  thrown in /home2/unive271/public_html/cadastrar_creche.php on line 16
[27-Nov-2019 22:24:02 America/Fortaleza] PHP Warning:  declare(encoding=...) ignored because Zend multibyte feature is turned off by settings in /home2/unive271/public_html/creches.php on line 1
[27-Nov-2019 22:24:07 America/Fortaleza] PHP Fatal error:  Uncaught Error: Call to a member function query() on null in /home2/unive271/public_html/cadastrar_creche.php:15
Stack trace:
#0 {main}
  thrown in /home2/unive271/public_html/cadastrar_creche.php on line 15
[27-Nov-2019 22:25:00 America/Fortaleza] PHP Warning:  declare(encoding=...) ignored because Zend multibyte feature is turned off by settings in /home2/unive271/public_html/creches.php on line 1
[27-Nov-2019 22:25:21 America/Fortaleza] PHP Fatal error:  Uncaught Error: Call to a member function fetchAll() on boolean in /home2/unive271/public_html/confirma_cadastro.php:22
Stack trace:
#0 {main}
  thrown in /home2/unive271/public_html/confirma_cadastro.php on line 22
[27-Nov-2019 22:25:46 America/Fortaleza] PHP Fatal error:  Uncaught Error: Call to a member function fetchAll() on boolean in /home2/unive271/public_html/confirma_cadastro.php:22
Stack trace:
#0 {main}
  thrown in /home2/unive271/public_html/confirma_cadastro.php on line 22
[27-Nov-2019 22:27:50 America/Fortaleza] PHP Fatal error:  Uncaught Error: Call to a member function fetchAll() on boolean in /home2/unive271/public_html/confirma_cadastro.php:22
Stack trace:
#0 {main}
  thrown in /home2/unive271/public_html/confirma_cadastro.php on line 22
[27-Nov-2019 22:28:38 America/Fortaleza] PHP Warning:  declare(encoding=...) ignored because Zend multibyte feature is turned off by settings in /home2/unive271/public_html/creches.php on line 1
[27-Nov-2019 22:33:56 America/Fortaleza] PHP Warning:  declare(encoding=...) ignored because Zend multibyte feature is turned off by settings in /home2/unive271/public_html/creches.php on line 1
[27-Nov-2019 22:36:06 America/Fortaleza] PHP Warning:  declare(encoding=...) ignored because Zend multibyte feature is turned off by settings in /home2/unive271/public_html/creches.php on line 1
[27-Nov-2019 22:44:58 America/Fortaleza] PHP Warning:  declare(encoding=...) ignored because Zend multibyte feature is turned off by settings in /home2/unive271/public_html/creches.php on line 1
[27-Nov-2019 22:46:01 America/Fortaleza] PHP Warning:  declare(encoding=...) ignored because Zend multibyte feature is turned off by settings in /home2/unive271/public_html/creches.php on line 1
[27-Nov-2019 22:47:18 America/Fortaleza] PHP Warning:  declare(encoding=...) ignored because Zend multibyte feature is turned off by settings in /home2/unive271/public_html/creches.php on line 1
[27-Nov-2019 22:48:38 America/Fortaleza] PHP Warning:  declare(encoding=...) ignored because Zend multibyte feature is turned off by settings in /home2/unive271/public_html/creches.php on line 1
[27-Nov-2019 23:17:11 America/Fortaleza] PHP Warning:  declare(encoding=...) ignored because Zend multibyte feature is turned off by settings in /home2/unive271/public_html/creches.php on line 1
[28-Nov-2019 00:50:09 America/Fortaleza] PHP Warning:  declare(encoding=...) ignored because Zend multibyte feature is turned off by settings in /home2/unive271/public_html/creches.php on line 1
[28-Nov-2019 00:50:20 America/Fortaleza] PHP Warning:  declare(encoding=...) ignored because Zend multibyte feature is turned off by settings in /home2/unive271/public_html/creches.php on line 1
[28-Nov-2019 01:22:45 America/Fortaleza] PHP Fatal error:  Uncaught Error: Call to a member function fetchAll() on boolean in /home2/unive271/public_html/confirma_cadastro.php:23
Stack trace:
#0 {main}
  thrown in /home2/unive271/public_html/confirma_cadastro.php on line 23
[28-Nov-2019 01:23:13 America/Fortaleza] PHP Fatal error:  Uncaught Error: Call to a member function fetchAll() on boolean in /home2/unive271/public_html/confirma_cadastro.php:23
Stack trace:
#0 {main}
  thrown in /home2/unive271/public_html/confirma_cadastro.php on line 23
[28-Nov-2019 01:23:16 America/Fortaleza] PHP Warning:  declare(encoding=...) ignored because Zend multibyte feature is turned off by settings in /home2/unive271/public_html/creches.php on line 1
[28-Nov-2019 02:03:19 America/Fortaleza] PHP Fatal error:  Uncaught Error: Call to a member function fetchAll() on boolean in /home2/unive271/public_html/confirma_cadastro.php:23
Stack trace:
#0 {main}
  thrown in /home2/unive271/public_html/confirma_cadastro.php on line 23
[28-Nov-2019 02:03:20 America/Fortaleza] PHP Fatal error:  Uncaught Error: Call to a member function fetchAll() on boolean in /home2/unive271/public_html/confirma_cadastro.php:23
Stack trace:
#0 {main}
  thrown in /home2/unive271/public_html/confirma_cadastro.php on line 23
[28-Nov-2019 02:19:42 America/Fortaleza] PHP Fatal error:  Uncaught Error: Call to a member function query() on null in /home2/unive271/public_html/turmas.php:96
Stack trace:
#0 {main}
  thrown in /home2/unive271/public_html/turmas.php on line 96
[28-Nov-2019 02:19:43 America/Fortaleza] PHP Fatal error:  Uncaught Error: Call to a member function query() on null in /home2/unive271/public_html/turmas.php:96
Stack trace:
#0 {main}
  thrown in /home2/unive271/public_html/turmas.php on line 96
[28-Nov-2019 02:19:44 America/Fortaleza] PHP Fatal error:  Uncaught Error: Call to a member function query() on null in /home2/unive271/public_html/turmas.php:96
Stack trace:
#0 {main}
  thrown in /home2/unive271/public_html/turmas.php on line 96
[28-Nov-2019 02:19:44 America/Fortaleza] PHP Fatal error:  Uncaught Error: Call to a member function query() on null in /home2/unive271/public_html/turmas.php:96
Stack trace:
#0 {main}
  thrown in /home2/unive271/public_html/turmas.php on line 96
[28-Nov-2019 02:19:47 America/Fortaleza] PHP Fatal error:  Uncaught Error: Call to a member function query() on null in /home2/unive271/public_html/turmas.php:96
Stack trace:
#0 {main}
  thrown in /home2/unive271/public_html/turmas.php on line 96
[28-Nov-2019 02:19:48 America/Fortaleza] PHP Fatal error:  Uncaught Error: Call to a member function query() on null in /home2/unive271/public_html/turmas.php:96
Stack trace:
#0 {main}
  thrown in /home2/unive271/public_html/turmas.php on line 96
[28-Nov-2019 02:20:10 America/Fortaleza] PHP Fatal error:  Uncaught Error: Call to a member function query() on null in /home2/unive271/public_html/turmas.php:96
Stack trace:
#0 {main}
  thrown in /home2/unive271/public_html/turmas.php on line 96
[28-Nov-2019 02:20:11 America/Fortaleza] PHP Fatal error:  Uncaught Error: Call to a member function query() on null in /home2/unive271/public_html/turmas.php:96
Stack trace:
#0 {main}
  thrown in /home2/unive271/public_html/turmas.php on line 96
[28-Nov-2019 02:20:16 America/Fortaleza] PHP Fatal error:  Uncaught Error: Call to a member function query() on null in /home2/unive271/public_html/turmas.php:96
Stack trace:
#0 {main}
  thrown in /home2/unive271/public_html/turmas.php on line 96
[28-Nov-2019 02:20:16 America/Fortaleza] PHP Fatal error:  Uncaught Error: Call to a member function query() on null in /home2/unive271/public_html/turmas.php:96
Stack trace:
#0 {main}
  thrown in /home2/unive271/public_html/turmas.php on line 96
[28-Nov-2019 02:20:16 America/Fortaleza] PHP Fatal error:  Uncaught Error: Call to a member function query() on null in /home2/unive271/public_html/turmas.php:96
Stack trace:
#0 {main}
  thrown in /home2/unive271/public_html/turmas.php on line 96
[28-Nov-2019 02:23:43 America/Fortaleza] PHP Fatal error:  Uncaught Error: Call to a member function query() on null in /home2/unive271/public_html/turmas.php:98
Stack trace:
#0 {main}
  thrown in /home2/unive271/public_html/turmas.php on line 98
[28-Nov-2019 02:23:44 America/Fortaleza] PHP Fatal error:  Uncaught Error: Call to a member function query() on null in /home2/unive271/public_html/turmas.php:98
Stack trace:
#0 {main}
  thrown in /home2/unive271/public_html/turmas.php on line 98
[28-Nov-2019 02:23:45 America/Fortaleza] PHP Fatal error:  Uncaught Error: Call to a member function query() on null in /home2/unive271/public_html/turmas.php:98
Stack trace:
#0 {main}
  thrown in /home2/unive271/public_html/turmas.php on line 98
[28-Nov-2019 02:23:45 America/Fortaleza] PHP Fatal error:  Uncaught Error: Call to a member function query() on null in /home2/unive271/public_html/turmas.php:98
Stack trace:
#0 {main}
  thrown in /home2/unive271/public_html/turmas.php on line 98
[28-Nov-2019 02:25:33 America/Fortaleza] PHP Fatal error:  Uncaught Error: Call to a member function query() on null in /home2/unive271/public_html/turmas.php:98
Stack trace:
#0 {main}
  thrown in /home2/unive271/public_html/turmas.php on line 98
[28-Nov-2019 02:25:34 America/Fortaleza] PHP Fatal error:  Uncaught Error: Call to a member function query() on null in /home2/unive271/public_html/turmas.php:98
Stack trace:
#0 {main}
  thrown in /home2/unive271/public_html/turmas.php on line 98
[28-Nov-2019 02:26:15 America/Fortaleza] PHP Fatal error:  Uncaught Error: Call to a member function query() on null in /home2/unive271/public_html/turmas.php:97
Stack trace:
#0 {main}
  thrown in /home2/unive271/public_html/turmas.php on line 97
[28-Nov-2019 02:26:16 America/Fortaleza] PHP Fatal error:  Uncaught Error: Call to a member function query() on null in /home2/unive271/public_html/turmas.php:97
Stack trace:
#0 {main}
  thrown in /home2/unive271/public_html/turmas.php on line 97
[28-Nov-2019 02:28:24 America/Fortaleza] PHP Fatal error:  Uncaught Error: Call to a member function query() on null in /home2/unive271/public_html/turmas.php:97
Stack trace:
#0 {main}
  thrown in /home2/unive271/public_html/turmas.php on line 97
[28-Nov-2019 02:28:24 America/Fortaleza] PHP Fatal error:  Uncaught Error: Call to a member function query() on null in /home2/unive271/public_html/turmas.php:97
Stack trace:
#0 {main}
  thrown in /home2/unive271/public_html/turmas.php on line 97
[28-Nov-2019 02:28:25 America/Fortaleza] PHP Fatal error:  Uncaught Error: Call to a member function query() on null in /home2/unive271/public_html/turmas.php:97
Stack trace:
#0 {main}
  thrown in /home2/unive271/public_html/turmas.php on line 97
[28-Nov-2019 02:28:26 America/Fortaleza] PHP Fatal error:  Uncaught Error: Call to a member function query() on null in /home2/unive271/public_html/turmas.php:97
Stack trace:
#0 {main}
  thrown in /home2/unive271/public_html/turmas.php on line 97
[28-Nov-2019 02:28:29 America/Fortaleza] PHP Fatal error:  Uncaught Error: Call to a member function query() on null in /home2/unive271/public_html/turmas.php:97
Stack trace:
#0 {main}
  thrown in /home2/unive271/public_html/turmas.php on line 97
[28-Nov-2019 02:28:30 America/Fortaleza] PHP Fatal error:  Uncaught Error: Call to a member function query() on null in /home2/unive271/public_html/turmas.php:97
Stack trace:
#0 {main}
  thrown in /home2/unive271/public_html/turmas.php on line 97
[28-Nov-2019 02:41:20 America/Fortaleza] PHP Warning:  A non-numeric value encountered in /home2/unive271/public_html/inicio_funcionario.php on line 109
[28-Nov-2019 02:41:20 America/Fortaleza] PHP Warning:  A non-numeric value encountered in /home2/unive271/public_html/inicio_funcionario.php on line 109
[28-Nov-2019 02:41:20 America/Fortaleza] PHP Warning:  A non-numeric value encountered in /home2/unive271/public_html/inicio_funcionario.php on line 109
[28-Nov-2019 02:41:20 America/Fortaleza] PHP Warning:  A non-numeric value encountered in /home2/unive271/public_html/inicio_funcionario.php on line 109
[28-Nov-2019 02:41:20 America/Fortaleza] PHP Warning:  A non-numeric value encountered in /home2/unive271/public_html/inicio_funcionario.php on line 109
[28-Nov-2019 02:41:20 America/Fortaleza] PHP Warning:  A non-numeric value encountered in /home2/unive271/public_html/inicio_funcionario.php on line 109
[28-Nov-2019 02:41:20 America/Fortaleza] PHP Warning:  A non-numeric value encountered in /home2/unive271/public_html/inicio_funcionario.php on line 109
[28-Nov-2019 02:41:20 America/Fortaleza] PHP Warning:  A non-numeric value encountered in /home2/unive271/public_html/inicio_funcionario.php on line 109
[28-Nov-2019 02:41:20 America/Fortaleza] PHP Warning:  A non-numeric value encountered in /home2/unive271/public_html/inicio_funcionario.php on line 109
[28-Nov-2019 02:41:20 America/Fortaleza] PHP Warning:  A non-numeric value encountered in /home2/unive271/public_html/inicio_funcionario.php on line 109
[28-Nov-2019 02:41:20 America/Fortaleza] PHP Warning:  A non-numeric value encountered in /home2/unive271/public_html/inicio_funcionario.php on line 109
[28-Nov-2019 02:41:20 America/Fortaleza] PHP Warning:  A non-numeric value encountered in /home2/unive271/public_html/inicio_funcionario.php on line 109
[28-Nov-2019 02:41:20 America/Fortaleza] PHP Warning:  A non-numeric value encountered in /home2/unive271/public_html/inicio_funcionario.php on line 109
[28-Nov-2019 02:41:20 America/Fortaleza] PHP Warning:  A non-numeric value encountered in /home2/unive271/public_html/inicio_funcionario.php on line 109
[28-Nov-2019 02:41:20 America/Fortaleza] PHP Warning:  A non-numeric value encountered in /home2/unive271/public_html/inicio_funcionario.php on line 109
[28-Nov-2019 02:41:20 America/Fortaleza] PHP Warning:  A non-numeric value encountered in /home2/unive271/public_html/inicio_funcionario.php on line 109
[28-Nov-2019 02:41:20 America/Fortaleza] PHP Warning:  A non-numeric value encountered in /home2/unive271/public_html/inicio_funcionario.php on line 109
[28-Nov-2019 02:41:20 America/Fortaleza] PHP Warning:  A non-numeric value encountered in /home2/unive271/public_html/inicio_funcionario.php on line 109
[28-Nov-2019 02:41:20 America/Fortaleza] PHP Warning:  A non-numeric value encountered in /home2/unive271/public_html/inicio_funcionario.php on line 109
[28-Nov-2019 02:41:20 America/Fortaleza] PHP Warning:  A non-numeric value encountered in /home2/unive271/public_html/inicio_funcionario.php on line 109
[28-Nov-2019 02:41:20 America/Fortaleza] PHP Warning:  A non-numeric value encountered in /home2/unive271/public_html/inicio_funcionario.php on line 109
[28-Nov-2019 02:41:20 America/Fortaleza] PHP Warning:  A non-numeric value encountered in /home2/unive271/public_html/inicio_funcionario.php on line 109
[28-Nov-2019 02:41:20 America/Fortaleza] PHP Warning:  A non-numeric value encountered in /home2/unive271/public_html/inicio_funcionario.php on line 109
[28-Nov-2019 02:41:20 America/Fortaleza] PHP Warning:  A non-numeric value encountered in /home2/unive271/public_html/inicio_funcionario.php on line 109
[28-Nov-2019 02:41:20 America/Fortaleza] PHP Warning:  A non-numeric value encountered in /home2/unive271/public_html/inicio_funcionario.php on line 109
[28-Nov-2019 02:41:20 America/Fortaleza] PHP Warning:  A non-numeric value encountered in /home2/unive271/public_html/inicio_funcionario.php on line 109
[28-Nov-2019 02:41:20 America/Fortaleza] PHP Warning:  A non-numeric value encountered in /home2/unive271/public_html/inicio_funcionario.php on line 109
[28-Nov-2019 02:41:20 America/Fortaleza] PHP Warning:  A non-numeric value encountered in /home2/unive271/public_html/inicio_funcionario.php on line 109
[28-Nov-2019 02:41:20 America/Fortaleza] PHP Warning:  A non-numeric value encountered in /home2/unive271/public_html/inicio_funcionario.php on line 109
[28-Nov-2019 02:41:20 America/Fortaleza] PHP Warning:  A non-numeric value encountered in /home2/unive271/public_html/inicio_funcionario.php on line 109
[28-Nov-2019 02:41:20 America/Fortaleza] PHP Warning:  A non-numeric value encountered in /home2/unive271/public_html/inicio_funcionario.php on line 109
[28-Nov-2019 02:41:20 America/Fortaleza] PHP Warning:  A non-numeric value encountered in /home2/unive271/public_html/inicio_funcionario.php on line 109
[28-Nov-2019 02:41:20 America/Fortaleza] PHP Warning:  A non-numeric value encountered in /home2/unive271/public_html/inicio_funcionario.php on line 109
[28-Nov-2019 02:41:20 America/Fortaleza] PHP Warning:  A non-numeric value encountered in /home2/unive271/public_html/inicio_funcionario.php on line 109
[28-Nov-2019 02:41:20 America/Fortaleza] PHP Warning:  A non-numeric value encountered in /home2/unive271/public_html/inicio_funcionario.php on line 109
[28-Nov-2019 02:41:20 America/Fortaleza] PHP Warning:  A non-numeric value encountered in /home2/unive271/public_html/inicio_funcionario.php on line 109
[28-Nov-2019 02:41:20 America/Fortaleza] PHP Warning:  A non-numeric value encountered in /home2/unive271/public_html/inicio_funcionario.php on line 109
[28-Nov-2019 02:41:20 America/Fortaleza] PHP Warning:  A non-numeric value encountered in /home2/unive271/public_html/inicio_funcionario.php on line 109
[28-Nov-2019 02:41:20 America/Fortaleza] PHP Warning:  A non-numeric value encountered in /home2/unive271/public_html/inicio_funcionario.php on line 109
[28-Nov-2019 02:41:20 America/Fortaleza] PHP Warning:  A non-numeric value encountered in /home2/unive271/public_html/inicio_funcionario.php on line 109
[28-Nov-2019 02:41:20 America/Fortaleza] PHP Warning:  A non-numeric value encountered in /home2/unive271/public_html/inicio_funcionario.php on line 109
[28-Nov-2019 02:41:20 America/Fortaleza] PHP Warning:  A non-numeric value encountered in /home2/unive271/public_html/inicio_funcionario.php on line 109
[28-Nov-2019 02:41:20 America/Fortaleza] PHP Warning:  A non-numeric value encountered in /home2/unive271/public_html/inicio_funcionario.php on line 109
[28-Nov-2019 02:41:20 America/Fortaleza] PHP Warning:  A non-numeric value encountered in /home2/unive271/public_html/inicio_funcionario.php on line 109
[28-Nov-2019 02:41:20 America/Fortaleza] PHP Warning:  A non-numeric value encountered in /home2/unive271/public_html/inicio_funcionario.php on line 109
[28-Nov-2019 02:41:20 America/Fortaleza] PHP Warning:  A non-numeric value encountered in /home2/unive271/public_html/inicio_funcionario.php on line 109
[28-Nov-2019 02:41:20 America/Fortaleza] PHP Warning:  A non-numeric value encountered in /home2/unive271/public_html/inicio_funcionario.php on line 109
[28-Nov-2019 02:41:20 America/Fortaleza] PHP Warning:  A non-numeric value encountered in /home2/unive271/public_html/inicio_funcionario.php on line 109
[28-Nov-2019 02:41:20 America/Fortaleza] PHP Warning:  A non-numeric value encountered in /home2/unive271/public_html/inicio_funcionario.php on line 109
[28-Nov-2019 02:41:20 America/Fortaleza] PHP Warning:  A non-numeric value encountered in /home2/unive271/public_html/inicio_funcionario.php on line 109
[28-Nov-2019 02:41:20 America/Fortaleza] PHP Warning:  A non-numeric value encountered in /home2/unive271/public_html/inicio_funcionario.php on line 109
[28-Nov-2019 02:41:20 America/Fortaleza] PHP Warning:  A non-numeric value encountered in /home2/unive271/public_html/inicio_funcionario.php on line 109
[28-Nov-2019 02:41:20 America/Fortaleza] PHP Warning:  A non-numeric value encountered in /home2/unive271/public_html/inicio_funcionario.php on line 109
[28-Nov-2019 02:41:20 America/Fortaleza] PHP Warning:  A non-numeric value encountered in /home2/unive271/public_html/inicio_funcionario.php on line 109
[28-Nov-2019 02:41:20 America/Fortaleza] PHP Warning:  A non-numeric value encountered in /home2/unive271/public_html/inicio_funcionario.php on line 109
[28-Nov-2019 02:41:20 America/Fortaleza] PHP Warning:  A non-numeric value encountered in /home2/unive271/public_html/inicio_funcionario.php on line 109
[28-Nov-2019 02:41:20 America/Fortaleza] PHP Warning:  A non-numeric value encountered in /home2/unive271/public_html/inicio_funcionario.php on line 109
[28-Nov-2019 02:41:20 America/Fortaleza] PHP Warning:  A non-numeric value encountered in /home2/unive271/public_html/inicio_funcionario.php on line 109
[28-Nov-2019 02:41:20 America/Fortaleza] PHP Warning:  A non-numeric value encountered in /home2/unive271/public_html/inicio_funcionario.php on line 109
[28-Nov-2019 02:41:20 America/Fortaleza] PHP Warning:  A non-numeric value encountered in /home2/unive271/public_html/inicio_funcionario.php on line 109
[28-Nov-2019 02:41:20 America/Fortaleza] PHP Warning:  A non-numeric value encountered in /home2/unive271/public_html/inicio_funcionario.php on line 109
[28-Nov-2019 02:41:20 America/Fortaleza] PHP Warning:  A non-numeric value encountered in /home2/unive271/public_html/inicio_funcionario.php on line 109
[28-Nov-2019 02:41:20 America/Fortaleza] PHP Warning:  A non-numeric value encountered in /home2/unive271/public_html/inicio_funcionario.php on line 109
[28-Nov-2019 02:41:20 America/Fortaleza] PHP Warning:  A non-numeric value encountered in /home2/unive271/public_html/inicio_funcionario.php on line 109
[28-Nov-2019 02:41:20 America/Fortaleza] PHP Warning:  A non-numeric value encountered in /home2/unive271/public_html/inicio_funcionario.php on line 109
[28-Nov-2019 02:41:20 America/Fortaleza] PHP Warning:  A non-numeric value encountered in /home2/unive271/public_html/inicio_funcionario.php on line 109
[28-Nov-2019 02:41:20 America/Fortaleza] PHP Warning:  A non-numeric value encountered in /home2/unive271/public_html/inicio_funcionario.php on line 109
[28-Nov-2019 02:41:20 America/Fortaleza] PHP Warning:  A non-numeric value encountered in /home2/unive271/public_html/inicio_funcionario.php on line 109
[28-Nov-2019 02:41:20 America/Fortaleza] PHP Warning:  A non-numeric value encountered in /home2/unive271/public_html/inicio_funcionario.php on line 109
[28-Nov-2019 02:41:20 America/Fortaleza] PHP Warning:  A non-numeric value encountered in /home2/unive271/public_html/inicio_funcionario.php on line 109
[28-Nov-2019 02:41:20 America/Fortaleza] PHP Warning:  A non-numeric value encountered in /home2/unive271/public_html/inicio_funcionario.php on line 109
[28-Nov-2019 02:41:20 America/Fortaleza] PHP Warning:  A non-numeric value encountered in /home2/unive271/public_html/inicio_funcionario.php on line 109
[28-Nov-2019 02:41:20 America/Fortaleza] PHP Warning:  A non-numeric value encountered in /home2/unive271/public_html/inicio_funcionario.php on line 109
[28-Nov-2019 02:41:20 America/Fortaleza] PHP Warning:  A non-numeric value encountered in /home2/unive271/public_html/inicio_funcionario.php on line 109
[28-Nov-2019 02:41:20 America/Fortaleza] PHP Warning:  A non-numeric value encountered in /home2/unive271/public_html/inicio_funcionario.php on line 109
[28-Nov-2019 02:41:20 America/Fortaleza] PHP Warning:  A non-numeric value encountered in /home2/unive271/public_html/inicio_funcionario.php on line 109
[28-Nov-2019 02:41:20 America/Fortaleza] PHP Warning:  A non-numeric value encountered in /home2/unive271/public_html/inicio_funcionario.php on line 109
[28-Nov-2019 02:41:20 America/Fortaleza] PHP Warning:  A non-numeric value encountered in /home2/unive271/public_html/inicio_funcionario.php on line 109
[28-Nov-2019 02:41:20 America/Fortaleza] PHP Warning:  A non-numeric value encountered in /home2/unive271/public_html/inicio_funcionario.php on line 109
[28-Nov-2019 02:41:20 America/Fortaleza] PHP Warning:  A non-numeric value encountered in /home2/unive271/public_html/inicio_funcionario.php on line 109
[28-Nov-2019 02:41:28 America/Fortaleza] PHP Parse error:  syntax error, unexpected '$linhas2' (T_VARIABLE) in /home2/unive271/public_html/confere_login.php on line 27
[28-Nov-2019 02:42:46 America/Fortaleza] PHP Warning:  A non-numeric value encountered in /home2/unive271/public_html/inicio_funcionario.php on line 109
[28-Nov-2019 02:42:46 America/Fortaleza] PHP Warning:  A non-numeric value encountered in /home2/unive271/public_html/inicio_funcionario.php on line 109
[28-Nov-2019 02:42:46 America/Fortaleza] PHP Warning:  A non-numeric value encountered in /home2/unive271/public_html/inicio_funcionario.php on line 109
[28-Nov-2019 02:42:46 America/Fortaleza] PHP Warning:  A non-numeric value encountered in /home2/unive271/public_html/inicio_funcionario.php on line 109
[28-Nov-2019 02:42:46 America/Fortaleza] PHP Warning:  A non-numeric value encountered in /home2/unive271/public_html/inicio_funcionario.php on line 109
[28-Nov-2019 02:42:46 America/Fortaleza] PHP Warning:  A non-numeric value encountered in /home2/unive271/public_html/inicio_funcionario.php on line 109
[28-Nov-2019 02:42:46 America/Fortaleza] PHP Warning:  A non-numeric value encountered in /home2/unive271/public_html/inicio_funcionario.php on line 109
[28-Nov-2019 02:42:46 America/Fortaleza] PHP Warning:  A non-numeric value encountered in /home2/unive271/public_html/inicio_funcionario.php on line 109
[28-Nov-2019 02:42:46 America/Fortaleza] PHP Warning:  A non-numeric value encountered in /home2/unive271/public_html/inicio_funcionario.php on line 109
[28-Nov-2019 02:42:46 America/Fortaleza] PHP Warning:  A non-numeric value encountered in /home2/unive271/public_html/inicio_funcionario.php on line 109
[28-Nov-2019 02:42:46 America/Fortaleza] PHP Warning:  A non-numeric value encountered in /home2/unive271/public_html/inicio_funcionario.php on line 109
[28-Nov-2019 02:42:46 America/Fortaleza] PHP Warning:  A non-numeric value encountered in /home2/unive271/public_html/inicio_funcionario.php on line 109
[28-Nov-2019 02:42:46 America/Fortaleza] PHP Warning:  A non-numeric value encountered in /home2/unive271/public_html/inicio_funcionario.php on line 109
[28-Nov-2019 02:42:46 America/Fortaleza] PHP Warning:  A non-numeric value encountered in /home2/unive271/public_html/inicio_funcionario.php on line 109
[28-Nov-2019 02:42:46 America/Fortaleza] PHP Warning:  A non-numeric value encountered in /home2/unive271/public_html/inicio_funcionario.php on line 109
[28-Nov-2019 02:42:46 America/Fortaleza] PHP Warning:  A non-numeric value encountered in /home2/unive271/public_html/inicio_funcionario.php on line 109
[28-Nov-2019 02:42:46 America/Fortaleza] PHP Warning:  A non-numeric value encountered in /home2/unive271/public_html/inicio_funcionario.php on line 109
[28-Nov-2019 02:42:46 America/Fortaleza] PHP Warning:  A non-numeric value encountered in /home2/unive271/public_html/inicio_funcionario.php on line 109
[28-Nov-2019 02:42:46 America/Fortaleza] PHP Warning:  A non-numeric value encountered in /home2/unive271/public_html/inicio_funcionario.php on line 109
[28-Nov-2019 02:42:46 America/Fortaleza] PHP Warning:  A non-numeric value encountered in /home2/unive271/public_html/inicio_funcionario.php on line 109
[28-Nov-2019 02:42:46 America/Fortaleza] PHP Warning:  A non-numeric value encountered in /home2/unive271/public_html/inicio_funcionario.php on line 109
[28-Nov-2019 02:42:46 America/Fortaleza] PHP Warning:  A non-numeric value encountered in /home2/unive271/public_html/inicio_funcionario.php on line 109
[28-Nov-2019 02:42:46 America/Fortaleza] PHP Warning:  A non-numeric value encountered in /home2/unive271/public_html/inicio_funcionario.php on line 109
[28-Nov-2019 02:42:46 America/Fortaleza] PHP Warning:  A non-numeric value encountered in /home2/unive271/public_html/inicio_funcionario.php on line 109
[28-Nov-2019 02:42:46 America/Fortaleza] PHP Warning:  A non-numeric value encountered in /home2/unive271/public_html/inicio_funcionario.php on line 109
[28-Nov-2019 02:42:46 America/Fortaleza] PHP Warning:  A non-numeric value encountered in /home2/unive271/public_html/inicio_funcionario.php on line 109
[28-Nov-2019 02:42:46 America/Fortaleza] PHP Warning:  A non-numeric value encountered in /home2/unive271/public_html/inicio_funcionario.php on line 109
[28-Nov-2019 02:42:46 America/Fortaleza] PHP Warning:  A non-numeric value encountered in /home2/unive271/public_html/inicio_funcionario.php on line 109
[28-Nov-2019 02:42:46 America/Fortaleza] PHP Warning:  A non-numeric value encountered in /home2/unive271/public_html/inicio_funcionario.php on line 109
[28-Nov-2019 02:42:46 America/Fortaleza] PHP Warning:  A non-numeric value encountered in /home2/unive271/public_html/inicio_funcionario.php on line 109
[28-Nov-2019 02:42:46 America/Fortaleza] PHP Warning:  A non-numeric value encountered in /home2/unive271/public_html/inicio_funcionario.php on line 109
[28-Nov-2019 02:42:46 America/Fortaleza] PHP Warning:  A non-numeric value encountered in /home2/unive271/public_html/inicio_funcionario.php on line 109
[28-Nov-2019 02:42:46 America/Fortaleza] PHP Warning:  A non-numeric value encountered in /home2/unive271/public_html/inicio_funcionario.php on line 109
[28-Nov-2019 02:42:46 America/Fortaleza] PHP Warning:  A non-numeric value encountered in /home2/unive271/public_html/inicio_funcionario.php on line 109
[28-Nov-2019 02:42:46 America/Fortaleza] PHP Warning:  A non-numeric value encountered in /home2/unive271/public_html/inicio_funcionario.php on line 109
[28-Nov-2019 02:42:46 America/Fortaleza] PHP Warning:  A non-numeric value encountered in /home2/unive271/public_html/inicio_funcionario.php on line 109
[28-Nov-2019 02:42:46 America/Fortaleza] PHP Warning:  A non-numeric value encountered in /home2/unive271/public_html/inicio_funcionario.php on line 109
[28-Nov-2019 02:42:46 America/Fortaleza] PHP Warning:  A non-numeric value encountered in /home2/unive271/public_html/inicio_funcionario.php on line 109
[28-Nov-2019 02:42:46 America/Fortaleza] PHP Warning:  A non-numeric value encountered in /home2/unive271/public_html/inicio_funcionario.php on line 109
[28-Nov-2019 02:42:46 America/Fortaleza] PHP Warning:  A non-numeric value encountered in /home2/unive271/public_html/inicio_funcionario.php on line 109
[28-Nov-2019 02:42:46 America/Fortaleza] PHP Warning:  A non-numeric value encountered in /home2/unive271/public_html/inicio_funcionario.php on line 109
[28-Nov-2019 02:42:46 America/Fortaleza] PHP Warning:  A non-numeric value encountered in /home2/unive271/public_html/inicio_funcionario.php on line 109
[28-Nov-2019 02:42:46 America/Fortaleza] PHP Warning:  A non-numeric value encountered in /home2/unive271/public_html/inicio_funcionario.php on line 109
[28-Nov-2019 02:42:46 America/Fortaleza] PHP Warning:  A non-numeric value encountered in /home2/unive271/public_html/inicio_funcionario.php on line 109
[28-Nov-2019 02:42:46 America/Fortaleza] PHP Warning:  A non-numeric value encountered in /home2/unive271/public_html/inicio_funcionario.php on line 109
[28-Nov-2019 02:42:46 America/Fortaleza] PHP Warning:  A non-numeric value encountered in /home2/unive271/public_html/inicio_funcionario.php on line 109
[28-Nov-2019 02:42:46 America/Fortaleza] PHP Warning:  A non-numeric value encountered in /home2/unive271/public_html/inicio_funcionario.php on line 109
[28-Nov-2019 02:42:46 America/Fortaleza] PHP Warning:  A non-numeric value encountered in /home2/unive271/public_html/inicio_funcionario.php on line 109
[28-Nov-2019 02:42:46 America/Fortaleza] PHP Warning:  A non-numeric value encountered in /home2/unive271/public_html/inicio_funcionario.php on line 109
[28-Nov-2019 02:42:46 America/Fortaleza] PHP Warning:  A non-numeric value encountered in /home2/unive271/public_html/inicio_funcionario.php on line 109
[28-Nov-2019 02:42:46 America/Fortaleza] PHP Warning:  A non-numeric value encountered in /home2/unive271/public_html/inicio_funcionario.php on line 109
[28-Nov-2019 02:42:46 America/Fortaleza] PHP Warning:  A non-numeric value encountered in /home2/unive271/public_html/inicio_funcionario.php on line 109
[28-Nov-2019 02:42:46 America/Fortaleza] PHP Warning:  A non-numeric value encountered in /home2/unive271/public_html/inicio_funcionario.php on line 109
[28-Nov-2019 02:42:46 America/Fortaleza] PHP Warning:  A non-numeric value encountered in /home2/unive271/public_html/inicio_funcionario.php on line 109
[28-Nov-2019 02:42:46 America/Fortaleza] PHP Warning:  A non-numeric value encountered in /home2/unive271/public_html/inicio_funcionario.php on line 109
[28-Nov-2019 02:42:46 America/Fortaleza] PHP Warning:  A non-numeric value encountered in /home2/unive271/public_html/inicio_funcionario.php on line 109
[28-Nov-2019 02:42:46 America/Fortaleza] PHP Warning:  A non-numeric value encountered in /home2/unive271/public_html/inicio_funcionario.php on line 109
[28-Nov-2019 02:42:46 America/Fortaleza] PHP Warning:  A non-numeric value encountered in /home2/unive271/public_html/inicio_funcionario.php on line 109
[28-Nov-2019 02:42:46 America/Fortaleza] PHP Warning:  A non-numeric value encountered in /home2/unive271/public_html/inicio_funcionario.php on line 109
[28-Nov-2019 02:42:46 America/Fortaleza] PHP Warning:  A non-numeric value encountered in /home2/unive271/public_html/inicio_funcionario.php on line 109
[28-Nov-2019 02:42:46 America/Fortaleza] PHP Warning:  A non-numeric value encountered in /home2/unive271/public_html/inicio_funcionario.php on line 109
[28-Nov-2019 02:42:46 America/Fortaleza] PHP Warning:  A non-numeric value encountered in /home2/unive271/public_html/inicio_funcionario.php on line 109
[28-Nov-2019 02:42:46 America/Fortaleza] PHP Warning:  A non-numeric value encountered in /home2/unive271/public_html/inicio_funcionario.php on line 109
[28-Nov-2019 02:42:46 America/Fortaleza] PHP Warning:  A non-numeric value encountered in /home2/unive271/public_html/inicio_funcionario.php on line 109
[28-Nov-2019 02:42:46 America/Fortaleza] PHP Warning:  A non-numeric value encountered in /home2/unive271/public_html/inicio_funcionario.php on line 109
[28-Nov-2019 02:42:46 America/Fortaleza] PHP Warning:  A non-numeric value encountered in /home2/unive271/public_html/inicio_funcionario.php on line 109
[28-Nov-2019 02:42:46 America/Fortaleza] PHP Warning:  A non-numeric value encountered in /home2/unive271/public_html/inicio_funcionario.php on line 109
[28-Nov-2019 02:42:46 America/Fortaleza] PHP Warning:  A non-numeric value encountered in /home2/unive271/public_html/inicio_funcionario.php on line 109
[28-Nov-2019 02:42:46 America/Fortaleza] PHP Warning:  A non-numeric value encountered in /home2/unive271/public_html/inicio_funcionario.php on line 109
[28-Nov-2019 02:42:46 America/Fortaleza] PHP Warning:  A non-numeric value encountered in /home2/unive271/public_html/inicio_funcionario.php on line 109
[28-Nov-2019 02:42:46 America/Fortaleza] PHP Warning:  A non-numeric value encountered in /home2/unive271/public_html/inicio_funcionario.php on line 109
[28-Nov-2019 02:42:46 America/Fortaleza] PHP Warning:  A non-numeric value encountered in /home2/unive271/public_html/inicio_funcionario.php on line 109
[28-Nov-2019 02:42:46 America/Fortaleza] PHP Warning:  A non-numeric value encountered in /home2/unive271/public_html/inicio_funcionario.php on line 109
[28-Nov-2019 02:42:46 America/Fortaleza] PHP Warning:  A non-numeric value encountered in /home2/unive271/public_html/inicio_funcionario.php on line 109
[28-Nov-2019 02:42:46 America/Fortaleza] PHP Warning:  A non-numeric value encountered in /home2/unive271/public_html/inicio_funcionario.php on line 109
[28-Nov-2019 02:42:46 America/Fortaleza] PHP Warning:  A non-numeric value encountered in /home2/unive271/public_html/inicio_funcionario.php on line 109
[28-Nov-2019 02:42:46 America/Fortaleza] PHP Warning:  A non-numeric value encountered in /home2/unive271/public_html/inicio_funcionario.php on line 109
[28-Nov-2019 02:42:46 America/Fortaleza] PHP Warning:  A non-numeric value encountered in /home2/unive271/public_html/inicio_funcionario.php on line 109
[28-Nov-2019 02:42:46 America/Fortaleza] PHP Warning:  A non-numeric value encountered in /home2/unive271/public_html/inicio_funcionario.php on line 109
[28-Nov-2019 02:42:46 America/Fortaleza] PHP Warning:  A non-numeric value encountered in /home2/unive271/public_html/inicio_funcionario.php on line 109
[28-Nov-2019 02:42:47 America/Fortaleza] PHP Warning:  A non-numeric value encountered in /home2/unive271/public_html/inicio_funcionario.php on line 109
[28-Nov-2019 02:42:47 America/Fortaleza] PHP Warning:  A non-numeric value encountered in /home2/unive271/public_html/inicio_funcionario.php on line 109
[28-Nov-2019 02:42:47 America/Fortaleza] PHP Warning:  A non-numeric value encountered in /home2/unive271/public_html/inicio_funcionario.php on line 109
[28-Nov-2019 02:42:47 America/Fortaleza] PHP Warning:  A non-numeric value encountered in /home2/unive271/public_html/inicio_funcionario.php on line 109
[28-Nov-2019 02:42:47 America/Fortaleza] PHP Warning:  A non-numeric value encountered in /home2/unive271/public_html/inicio_funcionario.php on line 109
[28-Nov-2019 02:42:47 America/Fortaleza] PHP Warning:  A non-numeric value encountered in /home2/unive271/public_html/inicio_funcionario.php on line 109
[28-Nov-2019 02:42:47 America/Fortaleza] PHP Warning:  A non-numeric value encountered in /home2/unive271/public_html/inicio_funcionario.php on line 109
[28-Nov-2019 02:42:47 America/Fortaleza] PHP Warning:  A non-numeric value encountered in /home2/unive271/public_html/inicio_funcionario.php on line 109
[28-Nov-2019 02:42:47 America/Fortaleza] PHP Warning:  A non-numeric value encountered in /home2/unive271/public_html/inicio_funcionario.php on line 109
[28-Nov-2019 02:42:47 America/Fortaleza] PHP Warning:  A non-numeric value encountered in /home2/unive271/public_html/inicio_funcionario.php on line 109
[28-Nov-2019 02:42:47 America/Fortaleza] PHP Warning:  A non-numeric value encountered in /home2/unive271/public_html/inicio_funcionario.php on line 109
[28-Nov-2019 02:42:47 America/Fortaleza] PHP Warning:  A non-numeric value encountered in /home2/unive271/public_html/inicio_funcionario.php on line 109
[28-Nov-2019 02:42:47 America/Fortaleza] PHP Warning:  A non-numeric value encountered in /home2/unive271/public_html/inicio_funcionario.php on line 109
[28-Nov-2019 02:42:47 America/Fortaleza] PHP Warning:  A non-numeric value encountered in /home2/unive271/public_html/inicio_funcionario.php on line 109
[28-Nov-2019 02:42:47 America/Fortaleza] PHP Warning:  A non-numeric value encountered in /home2/unive271/public_html/inicio_funcionario.php on line 109
[28-Nov-2019 02:42:47 America/Fortaleza] PHP Warning:  A non-numeric value encountered in /home2/unive271/public_html/inicio_funcionario.php on line 109
[28-Nov-2019 02:42:47 America/Fortaleza] PHP Warning:  A non-numeric value encountered in /home2/unive271/public_html/inicio_funcionario.php on line 109
[28-Nov-2019 02:42:47 America/Fortaleza] PHP Warning:  A non-numeric value encountered in /home2/unive271/public_html/inicio_funcionario.php on line 109
[28-Nov-2019 02:42:47 America/Fortaleza] PHP Warning:  A non-numeric value encountered in /home2/unive271/public_html/inicio_funcionario.php on line 109
[28-Nov-2019 02:42:47 America/Fortaleza] PHP Warning:  A non-numeric value encountered in /home2/unive271/public_html/inicio_funcionario.php on line 109
[28-Nov-2019 02:42:47 America/Fortaleza] PHP Warning:  A non-numeric value encountered in /home2/unive271/public_html/inicio_funcionario.php on line 109
[28-Nov-2019 02:42:47 America/Fortaleza] PHP Warning:  A non-numeric value encountered in /home2/unive271/public_html/inicio_funcionario.php on line 109
[28-Nov-2019 02:42:47 America/Fortaleza] PHP Warning:  A non-numeric value encountered in /home2/unive271/public_html/inicio_funcionario.php on line 109
[28-Nov-2019 02:42:47 America/Fortaleza] PHP Warning:  A non-numeric value encountered in /home2/unive271/public_html/inicio_funcionario.php on line 109
[28-Nov-2019 02:42:47 America/Fortaleza] PHP Warning:  A non-numeric value encountered in /home2/unive271/public_html/inicio_funcionario.php on line 109
[28-Nov-2019 02:42:47 America/Fortaleza] PHP Warning:  A non-numeric value encountered in /home2/unive271/public_html/inicio_funcionario.php on line 109
[28-Nov-2019 02:42:47 America/Fortaleza] PHP Warning:  A non-numeric value encountered in /home2/unive271/public_html/inicio_funcionario.php on line 109
[28-Nov-2019 02:42:47 America/Fortaleza] PHP Warning:  A non-numeric value encountered in /home2/unive271/public_html/inicio_funcionario.php on line 109
[28-Nov-2019 02:42:47 America/Fortaleza] PHP Warning:  A non-numeric value encountered in /home2/unive271/public_html/inicio_funcionario.php on line 109
[28-Nov-2019 02:42:47 America/Fortaleza] PHP Warning:  A non-numeric value encountered in /home2/unive271/public_html/inicio_funcionario.php on line 109
[28-Nov-2019 02:42:47 America/Fortaleza] PHP Warning:  A non-numeric value encountered in /home2/unive271/public_html/inicio_funcionario.php on line 109
[28-Nov-2019 02:42:47 America/Fortaleza] PHP Warning:  A non-numeric value encountered in /home2/unive271/public_html/inicio_funcionario.php on line 109
[28-Nov-2019 02:42:47 America/Fortaleza] PHP Warning:  A non-numeric value encountered in /home2/unive271/public_html/inicio_funcionario.php on line 109
[28-Nov-2019 02:42:47 America/Fortaleza] PHP Warning:  A non-numeric value encountered in /home2/unive271/public_html/inicio_funcionario.php on line 109
[28-Nov-2019 02:42:47 America/Fortaleza] PHP Warning:  A non-numeric value encountered in /home2/unive271/public_html/inicio_funcionario.php on line 109
[28-Nov-2019 02:42:47 America/Fortaleza] PHP Warning:  A non-numeric value encountered in /home2/unive271/public_html/inicio_funcionario.php on line 109
[28-Nov-2019 02:42:47 America/Fortaleza] PHP Warning:  A non-numeric value encountered in /home2/unive271/public_html/inicio_funcionario.php on line 109
[28-Nov-2019 02:42:47 America/Fortaleza] PHP Warning:  A non-numeric value encountered in /home2/unive271/public_html/inicio_funcionario.php on line 109
[28-Nov-2019 02:42:47 America/Fortaleza] PHP Warning:  A non-numeric value encountered in /home2/unive271/public_html/inicio_funcionario.php on line 109
[28-Nov-2019 02:42:47 America/Fortaleza] PHP Warning:  A non-numeric value encountered in /home2/unive271/public_html/inicio_funcionario.php on line 109
[28-Nov-2019 02:42:47 America/Fortaleza] PHP Warning:  A non-numeric value encountered in /home2/unive271/public_html/inicio_funcionario.php on line 109
[28-Nov-2019 02:42:47 America/Fortaleza] PHP Warning:  A non-numeric value encountered in /home2/unive271/public_html/inicio_funcionario.php on line 109
[28-Nov-2019 02:42:47 America/Fortaleza] PHP Warning:  A non-numeric value encountered in /home2/unive271/public_html/inicio_funcionario.php on line 109
[28-Nov-2019 02:42:47 America/Fortaleza] PHP Warning:  A non-numeric value encountered in /home2/unive271/public_html/inicio_funcionario.php on line 109
[28-Nov-2019 02:42:47 America/Fortaleza] PHP Warning:  A non-numeric value encountered in /home2/unive271/public_html/inicio_funcionario.php on line 109
[28-Nov-2019 02:42:47 America/Fortaleza] PHP Warning:  A non-numeric value encountered in /home2/unive271/public_html/inicio_funcionario.php on line 109
[28-Nov-2019 02:42:47 America/Fortaleza] PHP Warning:  A non-numeric value encountered in /home2/unive271/public_html/inicio_funcionario.php on line 109
[28-Nov-2019 02:42:47 America/Fortaleza] PHP Warning:  A non-numeric value encountered in /home2/unive271/public_html/inicio_funcionario.php on line 109
[28-Nov-2019 02:42:47 America/Fortaleza] PHP Warning:  A non-numeric value encountered in /home2/unive271/public_html/inicio_funcionario.php on line 109
[28-Nov-2019 02:42:47 America/Fortaleza] PHP Warning:  A non-numeric value encountered in /home2/unive271/public_html/inicio_funcionario.php on line 109
[28-Nov-2019 02:42:47 America/Fortaleza] PHP Warning:  A non-numeric value encountered in /home2/unive271/public_html/inicio_funcionario.php on line 109
[28-Nov-2019 02:42:47 America/Fortaleza] PHP Warning:  A non-numeric value encountered in /home2/unive271/public_html/inicio_funcionario.php on line 109
[28-Nov-2019 02:42:47 America/Fortaleza] PHP Warning:  A non-numeric value encountered in /home2/unive271/public_html/inicio_funcionario.php on line 109
[28-Nov-2019 02:42:47 America/Fortaleza] PHP Warning:  A non-numeric value encountered in /home2/unive271/public_html/inicio_funcionario.php on line 109
[28-Nov-2019 02:42:47 America/Fortaleza] PHP Warning:  A non-numeric value encountered in /home2/unive271/public_html/inicio_funcionario.php on line 109
[28-Nov-2019 02:42:47 America/Fortaleza] PHP Warning:  A non-numeric value encountered in /home2/unive271/public_html/inicio_funcionario.php on line 109
[28-Nov-2019 02:42:47 America/Fortaleza] PHP Warning:  A non-numeric value encountered in /home2/unive271/public_html/inicio_funcionario.php on line 109
[28-Nov-2019 02:42:47 America/Fortaleza] PHP Warning:  A non-numeric value encountered in /home2/unive271/public_html/inicio_funcionario.php on line 109
[28-Nov-2019 02:42:47 America/Fortaleza] PHP Warning:  A non-numeric value encountered in /home2/unive271/public_html/inicio_funcionario.php on line 109
[28-Nov-2019 02:42:47 America/Fortaleza] PHP Warning:  A non-numeric value encountered in /home2/unive271/public_html/inicio_funcionario.php on line 109
[28-Nov-2019 02:42:47 America/Fortaleza] PHP Warning:  A non-numeric value encountered in /home2/unive271/public_html/inicio_funcionario.php on line 109
[28-Nov-2019 02:42:47 America/Fortaleza] PHP Warning:  A non-numeric value encountered in /home2/unive271/public_html/inicio_funcionario.php on line 109
[28-Nov-2019 02:42:47 America/Fortaleza] PHP Warning:  A non-numeric value encountered in /home2/unive271/public_html/inicio_funcionario.php on line 109
[28-Nov-2019 02:42:47 America/Fortaleza] PHP Warning:  A non-numeric value encountered in /home2/unive271/public_html/inicio_funcionario.php on line 109
[28-Nov-2019 02:42:47 America/Fortaleza] PHP Warning:  A non-numeric value encountered in /home2/unive271/public_html/inicio_funcionario.php on line 109
[28-Nov-2019 02:42:47 America/Fortaleza] PHP Warning:  A non-numeric value encountered in /home2/unive271/public_html/inicio_funcionario.php on line 109
[28-Nov-2019 02:42:47 America/Fortaleza] PHP Warning:  A non-numeric value encountered in /home2/unive271/public_html/inicio_funcionario.php on line 109
[28-Nov-2019 02:42:47 America/Fortaleza] PHP Warning:  A non-numeric value encountered in /home2/unive271/public_html/inicio_funcionario.php on line 109
[28-Nov-2019 02:42:47 America/Fortaleza] PHP Warning:  A non-numeric value encountered in /home2/unive271/public_html/inicio_funcionario.php on line 109
[28-Nov-2019 02:42:47 America/Fortaleza] PHP Warning:  A non-numeric value encountered in /home2/unive271/public_html/inicio_funcionario.php on line 109
[28-Nov-2019 02:42:47 America/Fortaleza] PHP Warning:  A non-numeric value encountered in /home2/unive271/public_html/inicio_funcionario.php on line 109
[28-Nov-2019 02:42:47 America/Fortaleza] PHP Warning:  A non-numeric value encountered in /home2/unive271/public_html/inicio_funcionario.php on line 109
[28-Nov-2019 02:42:47 America/Fortaleza] PHP Warning:  A non-numeric value encountered in /home2/unive271/public_html/inicio_funcionario.php on line 109
[28-Nov-2019 02:42:47 America/Fortaleza] PHP Warning:  A non-numeric value encountered in /home2/unive271/public_html/inicio_funcionario.php on line 109
[28-Nov-2019 02:42:47 America/Fortaleza] PHP Warning:  A non-numeric value encountered in /home2/unive271/public_html/inicio_funcionario.php on line 109
[28-Nov-2019 02:42:47 America/Fortaleza] PHP Warning:  A non-numeric value encountered in /home2/unive271/public_html/inicio_funcionario.php on line 109
[28-Nov-2019 02:42:47 America/Fortaleza] PHP Warning:  A non-numeric value encountered in /home2/unive271/public_html/inicio_funcionario.php on line 109
[28-Nov-2019 02:42:47 America/Fortaleza] PHP Warning:  A non-numeric value encountered in /home2/unive271/public_html/inicio_funcionario.php on line 109
[28-Nov-2019 02:42:47 America/Fortaleza] PHP Warning:  A non-numeric value encountered in /home2/unive271/public_html/inicio_funcionario.php on line 109
[28-Nov-2019 02:42:47 America/Fortaleza] PHP Warning:  A non-numeric value encountered in /home2/unive271/public_html/inicio_funcionario.php on line 109
[28-Nov-2019 02:44:16 America/Fortaleza] PHP Parse error:  syntax error, unexpected '}', expecting end of file in /home2/unive271/public_html/confere_login.php on line 21
[28-Nov-2019 02:49:04 America/Fortaleza] PHP Parse error:  syntax error, unexpected ')' in /home2/unive271/public_html/confere_login.php on line 21
[28-Nov-2019 02:49:22 America/Fortaleza] PHP Parse error:  syntax error, unexpected ')' in /home2/unive271/public_html/confere_login.php on line 21
[28-Nov-2019 03:04:17 America/Fortaleza] PHP Warning:  declare(encoding=...) ignored because Zend multibyte feature is turned off by settings in /home2/unive271/public_html/creches.php on line 1
[28-Nov-2019 03:04:17 America/Fortaleza] PHP Warning:  declare(encoding=...) ignored because Zend multibyte feature is turned off by settings in /home2/unive271/public_html/creches.php on line 1
[28-Nov-2019 03:04:18 America/Fortaleza] PHP Warning:  declare(encoding=...) ignored because Zend multibyte feature is turned off by settings in /home2/unive271/public_html/creches.php on line 1
[28-Nov-2019 03:08:52 America/Fortaleza] PHP Parse error:  syntax error, unexpected '$res' (T_VARIABLE) in /home2/unive271/public_html/confirma_cadastro.php on line 25
[28-Nov-2019 03:08:53 America/Fortaleza] PHP Parse error:  syntax error, unexpected '$res' (T_VARIABLE) in /home2/unive271/public_html/confirma_cadastro.php on line 25
[28-Nov-2019 03:26:14 America/Fortaleza] PHP Warning:  declare(encoding=...) ignored because Zend multibyte feature is turned off by settings in /home2/unive271/public_html/creches.php on line 1
[28-Nov-2019 03:26:14 America/Fortaleza] PHP Warning:  declare(encoding=...) ignored because Zend multibyte feature is turned off by settings in /home2/unive271/public_html/creches.php on line 1
[28-Nov-2019 03:40:00 America/Fortaleza] PHP Warning:  declare(encoding=...) ignored because Zend multibyte feature is turned off by settings in /home2/unive271/public_html/creches.php on line 1
[28-Nov-2019 03:40:00 America/Fortaleza] PHP Warning:  declare(encoding=...) ignored because Zend multibyte feature is turned off by settings in /home2/unive271/public_html/creches.php on line 1
[28-Nov-2019 03:40:01 America/Fortaleza] PHP Warning:  declare(encoding=...) ignored because Zend multibyte feature is turned off by settings in /home2/unive271/public_html/creches.php on line 1
[28-Nov-2019 03:40:01 America/Fortaleza] PHP Warning:  declare(encoding=...) ignored because Zend multibyte feature is turned off by settings in /home2/unive271/public_html/creches.php on line 1
[28-Nov-2019 03:45:02 America/Fortaleza] PHP Fatal error:  Uncaught Error: Call to a member function fetchAll() on boolean in /home2/unive271/public_html/inicio_funcionario.php:4
Stack trace:
#0 {main}
  thrown in /home2/unive271/public_html/inicio_funcionario.php on line 4
[28-Nov-2019 03:45:03 America/Fortaleza] PHP Fatal error:  Uncaught Error: Call to a member function fetchAll() on boolean in /home2/unive271/public_html/inicio_funcionario.php:4
Stack trace:
#0 {main}
  thrown in /home2/unive271/public_html/inicio_funcionario.php on line 4
[28-Nov-2019 04:02:37 America/Fortaleza] PHP Fatal error:  Uncaught Error: Call to a member function fetchAll() on boolean in /home2/unive271/public_html/inicio_funcionario.php:4
Stack trace:
#0 {main}
  thrown in /home2/unive271/public_html/inicio_funcionario.php on line 4
[28-Nov-2019 04:02:37 America/Fortaleza] PHP Fatal error:  Uncaught Error: Call to a member function fetchAll() on boolean in /home2/unive271/public_html/inicio_funcionario.php:4
Stack trace:
#0 {main}
  thrown in /home2/unive271/public_html/inicio_funcionario.php on line 4
[28-Nov-2019 04:02:40 America/Fortaleza] PHP Fatal error:  Uncaught Error: Call to a member function fetchAll() on boolean in /home2/unive271/public_html/inicio_funcionario.php:4
Stack trace:
#0 {main}
  thrown in /home2/unive271/public_html/inicio_funcionario.php on line 4
[28-Nov-2019 04:04:51 America/Fortaleza] PHP Fatal error:  Uncaught Error: Call to a member function fetchAll() on boolean in /home2/unive271/public_html/inicio_funcionario.php:5
Stack trace:
#0 {main}
  thrown in /home2/unive271/public_html/inicio_funcionario.php on line 5
[28-Nov-2019 04:04:51 America/Fortaleza] PHP Fatal error:  Uncaught Error: Call to a member function fetchAll() on boolean in /home2/unive271/public_html/inicio_funcionario.php:5
Stack trace:
#0 {main}
  thrown in /home2/unive271/public_html/inicio_funcionario.php on line 5
[28-Nov-2019 04:04:52 America/Fortaleza] PHP Fatal error:  Uncaught Error: Call to a member function fetchAll() on boolean in /home2/unive271/public_html/inicio_funcionario.php:5
Stack trace:
#0 {main}
  thrown in /home2/unive271/public_html/inicio_funcionario.php on line 5
[28-Nov-2019 04:04:53 America/Fortaleza] PHP Fatal error:  Uncaught Error: Call to a member function fetchAll() on boolean in /home2/unive271/public_html/inicio_funcionario.php:5
Stack trace:
#0 {main}
  thrown in /home2/unive271/public_html/inicio_funcionario.php on line 5
[28-Nov-2019 04:04:54 America/Fortaleza] PHP Fatal error:  Uncaught Error: Call to a member function fetchAll() on boolean in /home2/unive271/public_html/inicio_funcionario.php:5
Stack trace:
#0 {main}
  thrown in /home2/unive271/public_html/inicio_funcionario.php on line 5
[28-Nov-2019 04:04:55 America/Fortaleza] PHP Fatal error:  Uncaught Error: Call to a member function fetchAll() on boolean in /home2/unive271/public_html/inicio_funcionario.php:5
Stack trace:
#0 {main}
  thrown in /home2/unive271/public_html/inicio_funcionario.php on line 5
[28-Nov-2019 04:06:43 America/Fortaleza] PHP Parse error:  syntax error, unexpected '$res' (T_VARIABLE) in /home2/unive271/public_html/inicio_funcionario.php on line 4
[28-Nov-2019 04:06:44 America/Fortaleza] PHP Parse error:  syntax error, unexpected '$res' (T_VARIABLE) in /home2/unive271/public_html/inicio_funcionario.php on line 4
[28-Nov-2019 04:06:46 America/Fortaleza] PHP Parse error:  syntax error, unexpected '$res' (T_VARIABLE) in /home2/unive271/public_html/inicio_funcionario.php on line 4
[28-Nov-2019 04:06:46 America/Fortaleza] PHP Parse error:  syntax error, unexpected '$res' (T_VARIABLE) in /home2/unive271/public_html/inicio_funcionario.php on line 4
[28-Nov-2019 04:07:00 America/Fortaleza] PHP Fatal error:  Uncaught Error: Call to a member function fetchAll() on boolean in /home2/unive271/public_html/inicio_funcionario.php:4
Stack trace:
#0 {main}
  thrown in /home2/unive271/public_html/inicio_funcionario.php on line 4
[28-Nov-2019 04:07:01 America/Fortaleza] PHP Fatal error:  Uncaught Error: Call to a member function fetchAll() on boolean in /home2/unive271/public_html/inicio_funcionario.php:4
Stack trace:
#0 {main}
  thrown in /home2/unive271/public_html/inicio_funcionario.php on line 4
[28-Nov-2019 04:08:02 America/Fortaleza] PHP Warning:  declare(encoding=...) ignored because Zend multibyte feature is turned off by settings in /home2/unive271/public_html/creches.php on line 1
[28-Nov-2019 04:08:02 America/Fortaleza] PHP Warning:  declare(encoding=...) ignored because Zend multibyte feature is turned off by settings in /home2/unive271/public_html/creches.php on line 1
[28-Nov-2019 04:12:50 America/Fortaleza] PHP Warning:  declare(encoding=...) ignored because Zend multibyte feature is turned off by settings in /home2/unive271/public_html/creches.php on line 1
[28-Nov-2019 04:12:51 America/Fortaleza] PHP Warning:  declare(encoding=...) ignored because Zend multibyte feature is turned off by settings in /home2/unive271/public_html/creches.php on line 1
[28-Nov-2019 07:42:20 America/Fortaleza] PHP Warning:  declare(encoding=...) ignored because Zend multibyte feature is turned off by settings in /home2/unive271/public_html/creches.php on line 1
[28-Nov-2019 07:42:36 America/Fortaleza] PHP Warning:  declare(encoding=...) ignored because Zend multibyte feature is turned off by settings in /home2/unive271/public_html/creches.php on line 1
[28-Nov-2019 10:26:29 America/Fortaleza] PHP Warning:  declare(encoding=...) ignored because Zend multibyte feature is turned off by settings in /home2/unive271/public_html/creches.php on line 1
[28-Nov-2019 10:26:50 America/Fortaleza] PHP Fatal error:  Uncaught Error: Call to a member function fetchAll() on boolean in /home2/unive271/public_html/confirma_cadastro.php:28
Stack trace:
#0 {main}
  thrown in /home2/unive271/public_html/confirma_cadastro.php on line 28
[28-Nov-2019 11:36:08 America/Fortaleza] PHP Warning:  declare(encoding=...) ignored because Zend multibyte feature is turned off by settings in /home2/unive271/public_html/creches.php on line 1
[28-Nov-2019 14:12:25 America/Fortaleza] PHP Parse error:  syntax error, unexpected 'list' (T_LIST), expecting ',' or ';' in /home2/unive271/public_html/inicio.php on line 56
[28-Nov-2019 14:14:18 America/Fortaleza] PHP Warning:  session_start(): Cannot send session cookie - headers already sent by (output started at /home2/unive271/public_html/inicio.php:1) in /home2/unive271/public_html/inicio.php on line 4
[28-Nov-2019 14:14:18 America/Fortaleza] PHP Warning:  session_start(): Cannot send session cache limiter - headers already sent (output started at /home2/unive271/public_html/inicio.php:1) in /home2/unive271/public_html/inicio.php on line 4
[28-Nov-2019 14:19:18 America/Fortaleza] PHP Warning:  session_start(): Cannot send session cookie - headers already sent by (output started at /home2/unive271/public_html/inicio.php:1) in /home2/unive271/public_html/inicio.php on line 4
[28-Nov-2019 14:19:18 America/Fortaleza] PHP Warning:  session_start(): Cannot send session cache limiter - headers already sent (output started at /home2/unive271/public_html/inicio.php:1) in /home2/unive271/public_html/inicio.php on line 4
[28-Nov-2019 14:19:21 America/Fortaleza] PHP Warning:  session_start(): Cannot send session cookie - headers already sent by (output started at /home2/unive271/public_html/inicio.php:1) in /home2/unive271/public_html/inicio.php on line 4
[28-Nov-2019 14:19:21 America/Fortaleza] PHP Warning:  session_start(): Cannot send session cache limiter - headers already sent (output started at /home2/unive271/public_html/inicio.php:1) in /home2/unive271/public_html/inicio.php on line 4
[28-Nov-2019 14:29:45 America/Fortaleza] PHP Fatal error:  Uncaught Error: Call to a member function fetchAll() on boolean in /home2/unive271/public_html/inicio.php:8
Stack trace:
#0 {main}
  thrown in /home2/unive271/public_html/inicio.php on line 8
[28-Nov-2019 14:31:25 America/Fortaleza] PHP Fatal error:  Uncaught Error: Call to a member function fetchAll() on boolean in /home2/unive271/public_html/inicio.php:8
Stack trace:
#0 {main}
  thrown in /home2/unive271/public_html/inicio.php on line 8
[28-Nov-2019 14:32:43 America/Fortaleza] PHP Fatal error:  Uncaught Error: Call to a member function fetchAll() on boolean in /home2/unive271/public_html/inicio.php:8
Stack trace:
#0 {main}
  thrown in /home2/unive271/public_html/inicio.php on line 8
[28-Nov-2019 14:34:00 America/Fortaleza] PHP Fatal error:  Uncaught Error: Call to a member function fetchAll() on boolean in /home2/unive271/public_html/inicio.php:8
Stack trace:
#0 {main}
  thrown in /home2/unive271/public_html/inicio.php on line 8
[28-Nov-2019 14:36:33 America/Fortaleza] PHP Fatal error:  Uncaught Error: Call to a member function fetchAll() on boolean in /home2/unive271/public_html/inicio.php:8
Stack trace:
#0 {main}
  thrown in /home2/unive271/public_html/inicio.php on line 8
[28-Nov-2019 14:48:26 America/Fortaleza] PHP Warning:  session_start(): Cannot send session cookie - headers already sent by (output started at /home2/unive271/public_html/inicio.php:1) in /home2/unive271/public_html/inicio.php on line 4
[28-Nov-2019 14:48:26 America/Fortaleza] PHP Warning:  session_start(): Cannot send session cache limiter - headers already sent (output started at /home2/unive271/public_html/inicio.php:1) in /home2/unive271/public_html/inicio.php on line 4
[28-Nov-2019 14:50:39 America/Fortaleza] PHP Warning:  session_start(): Cannot send session cookie - headers already sent by (output started at /home2/unive271/public_html/inicio.php:1) in /home2/unive271/public_html/inicio.php on line 4
[28-Nov-2019 14:50:39 America/Fortaleza] PHP Warning:  session_start(): Cannot send session cache limiter - headers already sent (output started at /home2/unive271/public_html/inicio.php:1) in /home2/unive271/public_html/inicio.php on line 4
[28-Nov-2019 14:50:42 America/Fortaleza] PHP Warning:  session_start(): Cannot send session cookie - headers already sent by (output started at /home2/unive271/public_html/inicio.php:1) in /home2/unive271/public_html/inicio.php on line 4
[28-Nov-2019 14:50:42 America/Fortaleza] PHP Warning:  session_start(): Cannot send session cache limiter - headers already sent (output started at /home2/unive271/public_html/inicio.php:1) in /home2/unive271/public_html/inicio.php on line 4
[28-Nov-2019 14:50:45 America/Fortaleza] PHP Warning:  session_start(): Cannot send session cookie - headers already sent by (output started at /home2/unive271/public_html/inicio.php:1) in /home2/unive271/public_html/inicio.php on line 4
[28-Nov-2019 14:50:45 America/Fortaleza] PHP Warning:  session_start(): Cannot send session cache limiter - headers already sent (output started at /home2/unive271/public_html/inicio.php:1) in /home2/unive271/public_html/inicio.php on line 4
[28-Nov-2019 14:53:36 America/Fortaleza] PHP Warning:  declare(encoding=...) ignored because Zend multibyte feature is turned off by settings in /home2/unive271/public_html/creches.php on line 1
[28-Nov-2019 14:56:45 America/Fortaleza] PHP Warning:  session_start(): Cannot send session cookie - headers already sent by (output started at /home2/unive271/public_html/inicio.php:1) in /home2/unive271/public_html/inicio.php on line 4
[28-Nov-2019 14:56:45 America/Fortaleza] PHP Warning:  session_start(): Cannot send session cache limiter - headers already sent (output started at /home2/unive271/public_html/inicio.php:1) in /home2/unive271/public_html/inicio.php on line 4
[28-Nov-2019 14:58:15 America/Fortaleza] PHP Warning:  declare(encoding=...) ignored because Zend multibyte feature is turned off by settings in /home2/unive271/public_html/creches.php on line 1
[28-Nov-2019 14:58:27 America/Fortaleza] PHP Warning:  declare(encoding=...) ignored because Zend multibyte feature is turned off by settings in /home2/unive271/public_html/creches.php on line 1
[28-Nov-2019 14:58:32 America/Fortaleza] PHP Warning:  declare(encoding=...) ignored because Zend multibyte feature is turned off by settings in /home2/unive271/public_html/creches.php on line 1
[28-Nov-2019 14:58:44 America/Fortaleza] PHP Warning:  declare(encoding=...) ignored because Zend multibyte feature is turned off by settings in /home2/unive271/public_html/creches.php on line 1
[28-Nov-2019 14:59:00 America/Fortaleza] PHP Warning:  declare(encoding=...) ignored because Zend multibyte feature is turned off by settings in /home2/unive271/public_html/creches.php on line 1
[28-Nov-2019 15:00:08 America/Fortaleza] PHP Warning:  declare(encoding=...) ignored because Zend multibyte feature is turned off by settings in /home2/unive271/public_html/creches.php on line 1
[28-Nov-2019 15:00:20 America/Fortaleza] PHP Warning:  declare(encoding=...) ignored because Zend multibyte feature is turned off by settings in /home2/unive271/public_html/creches.php on line 1
[28-Nov-2019 15:00:37 America/Fortaleza] PHP Warning:  declare(encoding=...) ignored because Zend multibyte feature is turned off by settings in /home2/unive271/public_html/creches.php on line 1
[28-Nov-2019 15:06:14 America/Fortaleza] PHP Warning:  declare(encoding=...) ignored because Zend multibyte feature is turned off by settings in /home2/unive271/public_html/creches.php on line 1
[28-Nov-2019 15:06:14 America/Fortaleza] PHP Warning:  declare(encoding=...) ignored because Zend multibyte feature is turned off by settings in /home2/unive271/public_html/creches.php on line 1
[28-Nov-2019 15:07:56 America/Fortaleza] PHP Parse error:  syntax error, unexpected '<' in /home2/unive271/public_html/confirma_cadastro.php on line 279
[28-Nov-2019 15:10:58 America/Fortaleza] PHP Parse error:  syntax error, unexpected '$res' (T_VARIABLE) in /home2/unive271/public_html/inicio.php on line 8
[28-Nov-2019 15:11:09 America/Fortaleza] PHP Warning:  declare(encoding=...) ignored because Zend multibyte feature is turned off by settings in /home2/unive271/public_html/creches.php on line 1
[28-Nov-2019 15:12:03 America/Fortaleza] PHP Warning:  declare(encoding=...) ignored because Zend multibyte feature is turned off by settings in /home2/unive271/public_html/creches.php on line 1
[28-Nov-2019 15:12:49 America/Fortaleza] PHP Warning:  declare(encoding=...) ignored because Zend multibyte feature is turned off by settings in /home2/unive271/public_html/creches.php on line 1
[28-Nov-2019 15:13:13 America/Fortaleza] PHP Warning:  declare(encoding=...) ignored because Zend multibyte feature is turned off by settings in /home2/unive271/public_html/creches.php on line 1
[28-Nov-2019 15:13:39 America/Fortaleza] PHP Warning:  declare(encoding=...) ignored because Zend multibyte feature is turned off by settings in /home2/unive271/public_html/creches.php on line 1
[28-Nov-2019 15:13:58 America/Fortaleza] PHP Fatal error:  Uncaught Error: Function name must be a string in /home2/unive271/public_html/confere_login.php:21
Stack trace:
#0 {main}
  thrown in /home2/unive271/public_html/confere_login.php on line 21
[28-Nov-2019 15:14:35 America/Fortaleza] PHP Fatal error:  Uncaught Error: Function name must be a string in /home2/unive271/public_html/confere_login.php:21
Stack trace:
#0 {main}
  thrown in /home2/unive271/public_html/confere_login.php on line 21
[28-Nov-2019 15:15:12 America/Fortaleza] PHP Fatal error:  Uncaught Error: Function name must be a string in /home2/unive271/public_html/confere_login.php:21
Stack trace:
#0 {main}
  thrown in /home2/unive271/public_html/confere_login.php on line 21
[28-Nov-2019 15:15:27 America/Fortaleza] PHP Fatal error:  Uncaught Error: Function name must be a string in /home2/unive271/public_html/confere_login.php:34
Stack trace:
#0 {main}
  thrown in /home2/unive271/public_html/confere_login.php on line 34
[28-Nov-2019 15:20:11 America/Fortaleza] PHP Warning:  session_start(): Cannot send session cache limiter - headers already sent (output started at /home2/unive271/public_html/inicio.php:1) in /home2/unive271/public_html/inicio.php on line 5
[28-Nov-2019 15:20:24 America/Fortaleza] PHP Warning:  declare(encoding=...) ignored because Zend multibyte feature is turned off by settings in /home2/unive271/public_html/creches.php on line 1
[28-Nov-2019 15:21:12 America/Fortaleza] PHP Warning:  session_start(): Cannot send session cache limiter - headers already sent (output started at /home2/unive271/public_html/inicio.php:1) in /home2/unive271/public_html/inicio.php on line 5
[28-Nov-2019 15:21:14 America/Fortaleza] PHP Warning:  session_start(): Cannot send session cache limiter - headers already sent (output started at /home2/unive271/public_html/inicio.php:1) in /home2/unive271/public_html/inicio.php on line 5
[28-Nov-2019 15:21:17 America/Fortaleza] PHP Warning:  session_start(): Cannot send session cache limiter - headers already sent (output started at /home2/unive271/public_html/inicio.php:1) in /home2/unive271/public_html/inicio.php on line 5
[28-Nov-2019 15:22:54 America/Fortaleza] PHP Warning:  session_start(): Cannot send session cache limiter - headers already sent (output started at /home2/unive271/public_html/inicio.php:1) in /home2/unive271/public_html/inicio.php on line 5
[28-Nov-2019 15:23:51 America/Fortaleza] PHP Parse error:  syntax error, unexpected ')', expecting ';' in /home2/unive271/public_html/inicio.php on line 59
[28-Nov-2019 15:29:00 America/Fortaleza] PHP Warning:  declare(encoding=...) ignored because Zend multibyte feature is turned off by settings in /home2/unive271/public_html/creches.php on line 1
[28-Nov-2019 15:35:51 America/Fortaleza] PHP Warning:  declare(encoding=...) ignored because Zend multibyte feature is turned off by settings in /home2/unive271/public_html/creches.php on line 1
[28-Nov-2019 15:36:03 America/Fortaleza] PHP Warning:  declare(encoding=...) ignored because Zend multibyte feature is turned off by settings in /home2/unive271/public_html/creches.php on line 1
[28-Nov-2019 15:43:33 America/Fortaleza] PHP Parse error:  syntax error, unexpected ')', expecting ';' in /home2/unive271/public_html/inicio.php on line 58
[28-Nov-2019 17:02:02 America/Fortaleza] PHP Warning:  declare(encoding=...) ignored because Zend multibyte feature is turned off by settings in /home2/unive271/public_html/creches.php on line 1
[28-Nov-2019 18:32:10 America/Fortaleza] PHP Warning:  declare(encoding=...) ignored because Zend multibyte feature is turned off by settings in /home2/unive271/public_html/creches.php on line 1
[28-Nov-2019 18:32:18 America/Fortaleza] PHP Warning:  declare(encoding=...) ignored because Zend multibyte feature is turned off by settings in /home2/unive271/public_html/creches.php on line 1
[28-Nov-2019 18:42:22 America/Fortaleza] PHP Warning:  declare(encoding=...) ignored because Zend multibyte feature is turned off by settings in /home2/unive271/public_html/creches.php on line 1
[28-Nov-2019 18:45:37 America/Fortaleza] PHP Warning:  declare(encoding=...) ignored because Zend multibyte feature is turned off by settings in /home2/unive271/public_html/creches.php on line 1
[28-Nov-2019 19:02:33 America/Fortaleza] PHP Warning:  declare(encoding=...) ignored because Zend multibyte feature is turned off by settings in /home2/unive271/public_html/creches.php on line 1
[28-Nov-2019 19:03:01 America/Fortaleza] PHP Warning:  declare(encoding=...) ignored because Zend multibyte feature is turned off by settings in /home2/unive271/public_html/creches.php on line 1
[28-Nov-2019 19:06:13 America/Fortaleza] PHP Warning:  declare(encoding=...) ignored because Zend multibyte feature is turned off by settings in /home2/unive271/public_html/creches.php on line 1
[28-Nov-2019 19:34:23 America/Fortaleza] PHP Warning:  declare(encoding=...) ignored because Zend multibyte feature is turned off by settings in /home2/unive271/public_html/creches.php on line 1
[28-Nov-2019 19:52:45 America/Fortaleza] PHP Warning:  declare(encoding=...) ignored because Zend multibyte feature is turned off by settings in /home2/unive271/public_html/creches.php on line 1
[28-Nov-2019 19:57:59 America/Fortaleza] PHP Warning:  declare(encoding=...) ignored because Zend multibyte feature is turned off by settings in /home2/unive271/public_html/creches.php on line 1
[28-Nov-2019 20:00:34 America/Fortaleza] PHP Warning:  declare(encoding=...) ignored because Zend multibyte feature is turned off by settings in /home2/unive271/public_html/creches.php on line 1
[28-Nov-2019 20:01:37 America/Fortaleza] PHP Warning:  declare(encoding=...) ignored because Zend multibyte feature is turned off by settings in /home2/unive271/public_html/creches.php on line 1
[28-Nov-2019 20:05:59 America/Fortaleza] PHP Warning:  declare(encoding=...) ignored because Zend multibyte feature is turned off by settings in /home2/unive271/public_html/creches.php on line 1
[28-Nov-2019 20:07:39 America/Fortaleza] PHP Warning:  declare(encoding=...) ignored because Zend multibyte feature is turned off by settings in /home2/unive271/public_html/creches.php on line 1
[28-Nov-2019 20:32:27 America/Fortaleza] PHP Warning:  utf8_encode() expects parameter 1 to be string, array given in /home2/unive271/public_html/creches.php on line 17
[29-Nov-2019 10:16:27 America/Fortaleza] PHP Fatal error:  Uncaught Error: Call to a member function fetchAll() on boolean in /home2/unive271/public_html/confirma_cadastro.php:28
Stack trace:
#0 {main}
  thrown in /home2/unive271/public_html/confirma_cadastro.php on line 28
[30-Nov-2019 10:16:57 America/Fortaleza] PHP Fatal error:  Uncaught Error: Call to a member function fetchAll() on boolean in /home2/unive271/public_html/confirma_cadastro.php:28
Stack trace:
#0 {main}
  thrown in /home2/unive271/public_html/confirma_cadastro.php on line 28
[01-Dec-2019 10:20:31 America/Fortaleza] PHP Fatal error:  Uncaught Error: Call to a member function fetchAll() on boolean in /home2/unive271/public_html/confirma_cadastro.php:28
Stack trace:
#0 {main}
  thrown in /home2/unive271/public_html/confirma_cadastro.php on line 28
[02-Dec-2019 10:17:35 America/Fortaleza] PHP Fatal error:  Uncaught Error: Call to a member function fetchAll() on boolean in /home2/unive271/public_html/confirma_cadastro.php:28
Stack trace:
#0 {main}
  thrown in /home2/unive271/public_html/confirma_cadastro.php on line 28
[02-Dec-2019 21:20:11 America/Fortaleza] PHP Fatal error:  Uncaught Error: Call to a member function query() on null in /home2/unive271/public_html/turmas.php:7
Stack trace:
#0 {main}
  thrown in /home2/unive271/public_html/turmas.php on line 7
[03-Dec-2019 10:27:16 America/Fortaleza] PHP Fatal error:  Uncaught Error: Call to a member function fetchAll() on boolean in /home2/unive271/public_html/confirma_cadastro.php:28
Stack trace:
#0 {main}
  thrown in /home2/unive271/public_html/confirma_cadastro.php on line 28
[03-Dec-2019 21:45:22 America/Fortaleza] PHP Fatal error:  Uncaught Error: Function name must be a string in /home2/unive271/public_html/processa_excluir_cadastro.php:6
Stack trace:
#0 {main}
  thrown in /home2/unive271/public_html/processa_excluir_cadastro.php on line 6
[03-Dec-2019 21:46:40 America/Fortaleza] PHP Fatal error:  Uncaught Error: Function name must be a string in /home2/unive271/public_html/processa_excluir_cadastro.php:6
Stack trace:
#0 {main}
  thrown in /home2/unive271/public_html/processa_excluir_cadastro.php on line 6
[03-Dec-2019 21:58:15 America/Fortaleza] PHP Fatal error:  Uncaught Error: Call to undefined method PDOStatement::fechAll() in /home2/unive271/public_html/processa_excluir_cadastro.php:7
Stack trace:
#0 {main}
  thrown in /home2/unive271/public_html/processa_excluir_cadastro.php on line 7
[03-Dec-2019 21:58:53 America/Fortaleza] PHP Fatal error:  Uncaught Error: Call to undefined method PDOStatement::fechAll() in /home2/unive271/public_html/processa_excluir_cadastro.php:7
Stack trace:
#0 {main}
  thrown in /home2/unive271/public_html/processa_excluir_cadastro.php on line 7
[03-Dec-2019 21:59:08 America/Fortaleza] PHP Fatal error:  Uncaught Error: Call to undefined method PDOStatement::fechAll() in /home2/unive271/public_html/processa_excluir_cadastro.php:7
Stack trace:
#0 {main}
  thrown in /home2/unive271/public_html/processa_excluir_cadastro.php on line 7
[03-Dec-2019 21:59:14 America/Fortaleza] PHP Fatal error:  Uncaught Error: Call to undefined method PDOStatement::fechAll() in /home2/unive271/public_html/processa_excluir_cadastro.php:7
Stack trace:
#0 {main}
  thrown in /home2/unive271/public_html/processa_excluir_cadastro.php on line 7
[03-Dec-2019 22:07:22 America/Fortaleza] PHP Parse error:  syntax error, unexpected 'WHERE' (T_STRING), expecting ',' or ';' in /home2/unive271/public_html/creches.php on line 112
[03-Dec-2019 22:10:40 America/Fortaleza] PHP Fatal error:  Uncaught Error: Call to a member function fetchAll() on boolean in /home2/unive271/public_html/confirma_cadastro.php:28
Stack trace:
#0 {main}
  thrown in /home2/unive271/public_html/confirma_cadastro.php on line 28
[03-Dec-2019 22:23:30 America/Fortaleza] PHP Parse error:  syntax error, unexpected 'WHERE' (T_STRING), expecting ',' or ';' in /home2/unive271/public_html/creches.php on line 95
[03-Dec-2019 22:24:12 America/Fortaleza] PHP Parse error:  syntax error, unexpected 'WHERE' (T_STRING), expecting ',' or ';' in /home2/unive271/public_html/creches.php on line 95
[03-Dec-2019 22:24:59 America/Fortaleza] PHP Parse error:  syntax error, unexpected '}', expecting end of file in /home2/unive271/public_html/creches.php on line 119
[03-Dec-2019 22:25:23 America/Fortaleza] PHP Fatal error:  Uncaught Error: Using $this when not in object context in /home2/unive271/public_html/creches.php:111
Stack trace:
#0 {main}
  thrown in /home2/unive271/public_html/creches.php on line 111
[03-Dec-2019 22:25:49 America/Fortaleza] PHP Fatal error:  Uncaught Error: Using $this when not in object context in /home2/unive271/public_html/creches.php:111
Stack trace:
#0 {main}
  thrown in /home2/unive271/public_html/creches.php on line 111
[03-Dec-2019 22:26:34 America/Fortaleza] PHP Fatal error:  Uncaught Error: Using $this when not in object context in /home2/unive271/public_html/creches.php:111
Stack trace:
#0 {main}
  thrown in /home2/unive271/public_html/creches.php on line 111
[03-Dec-2019 22:26:40 America/Fortaleza] PHP Fatal error:  Uncaught Error: Using $this when not in object context in /home2/unive271/public_html/creches.php:111
Stack trace:
#0 {main}
  thrown in /home2/unive271/public_html/creches.php on line 111
[03-Dec-2019 22:26:54 America/Fortaleza] PHP Fatal error:  Uncaught Error: Using $this when not in object context in /home2/unive271/public_html/creches.php:111
Stack trace:
#0 {main}
  thrown in /home2/unive271/public_html/creches.php on line 111
[03-Dec-2019 22:27:22 America/Fortaleza] PHP Fatal error:  Uncaught Error: Using $this when not in object context in /home2/unive271/public_html/creches.php:111
Stack trace:
#0 {main}
  thrown in /home2/unive271/public_html/creches.php on line 111
[03-Dec-2019 22:28:10 America/Fortaleza] PHP Parse error:  syntax error, unexpected '}', expecting end of file in /home2/unive271/public_html/creches.php on line 117
[03-Dec-2019 22:28:11 America/Fortaleza] PHP Parse error:  syntax error, unexpected '}', expecting end of file in /home2/unive271/public_html/creches.php on line 117
[03-Dec-2019 22:28:12 America/Fortaleza] PHP Parse error:  syntax error, unexpected '}', expecting end of file in /home2/unive271/public_html/creches.php on line 117
[03-Dec-2019 22:28:12 America/Fortaleza] PHP Parse error:  syntax error, unexpected '}', expecting end of file in /home2/unive271/public_html/creches.php on line 117
[03-Dec-2019 22:28:13 America/Fortaleza] PHP Parse error:  syntax error, unexpected '}', expecting end of file in /home2/unive271/public_html/creches.php on line 117
[03-Dec-2019 22:28:14 America/Fortaleza] PHP Parse error:  syntax error, unexpected '}', expecting end of file in /home2/unive271/public_html/creches.php on line 117
[03-Dec-2019 22:28:15 America/Fortaleza] PHP Parse error:  syntax error, unexpected '}', expecting end of file in /home2/unive271/public_html/creches.php on line 117
[03-Dec-2019 22:29:04 America/Fortaleza] PHP Parse error:  syntax error, unexpected '<', expecting end of file in /home2/unive271/public_html/creches.php on line 116
[03-Dec-2019 22:29:29 America/Fortaleza] PHP Fatal error:  Uncaught Error: Using $this when not in object context in /home2/unive271/public_html/creches.php:111
Stack trace:
#0 {main}
  thrown in /home2/unive271/public_html/creches.php on line 111
[03-Dec-2019 22:30:36 America/Fortaleza] PHP Fatal error:  Uncaught Error: Using $this when not in object context in /home2/unive271/public_html/creches.php:111
Stack trace:
#0 {main}
  thrown in /home2/unive271/public_html/creches.php on line 111
[03-Dec-2019 22:30:57 America/Fortaleza] PHP Parse error:  syntax error, unexpected '}', expecting end of file in /home2/unive271/public_html/creches.php on line 117
[03-Dec-2019 22:31:01 America/Fortaleza] PHP Parse error:  syntax error, unexpected '}', expecting end of file in /home2/unive271/public_html/creches.php on line 117
[04-Dec-2019 10:20:55 America/Fortaleza] PHP Fatal error:  Uncaught Error: Call to a member function fetchAll() on boolean in /home2/unive271/public_html/confirma_cadastro.php:28
Stack trace:
#0 {main}
  thrown in /home2/unive271/public_html/confirma_cadastro.php on line 28
[04-Dec-2019 20:02:08 America/Fortaleza] PHP Parse error:  syntax error, unexpected '<', expecting end of file in /home2/unive271/public_html/creches.php on line 25
[04-Dec-2019 20:02:38 America/Fortaleza] PHP Parse error:  syntax error, unexpected '<', expecting end of file in /home2/unive271/public_html/creches.php on line 25
[04-Dec-2019 20:02:42 America/Fortaleza] PHP Parse error:  syntax error, unexpected '<', expecting end of file in /home2/unive271/public_html/creches.php on line 25
[04-Dec-2019 20:04:40 America/Fortaleza] PHP Parse error:  syntax error, unexpected '(', expecting variable (T_VARIABLE) or '{' or '$' in /home2/unive271/public_html/crechess.php on line 23
[04-Dec-2019 20:05:50 America/Fortaleza] PHP Parse error:  syntax error, unexpected '(', expecting variable (T_VARIABLE) or '{' or '$' in /home2/unive271/public_html/crechess.php on line 23
[04-Dec-2019 20:05:53 America/Fortaleza] PHP Parse error:  syntax error, unexpected '(', expecting variable (T_VARIABLE) or '{' or '$' in /home2/unive271/public_html/crechess.php on line 23
[04-Dec-2019 20:07:30 America/Fortaleza] PHP Parse error:  syntax error, unexpected '(', expecting variable (T_VARIABLE) or '{' or '$' in /home2/unive271/public_html/crechess.php on line 23
[04-Dec-2019 20:09:32 America/Fortaleza] PHP Parse error:  syntax error, unexpected '<', expecting end of file in /home2/unive271/public_html/crechess.php on line 22
[04-Dec-2019 20:22:47 America/Fortaleza] PHP Parse error:  syntax error, unexpected '<', expecting end of file in /home2/unive271/public_html/crechess.php on line 25
[04-Dec-2019 20:22:57 America/Fortaleza] PHP Parse error:  syntax error, unexpected '<', expecting end of file in /home2/unive271/public_html/crechess.php on line 25
[04-Dec-2019 20:24:15 America/Fortaleza] PHP Parse error:  syntax error, unexpected '<', expecting end of file in /home2/unive271/public_html/crechess.php on line 25
[04-Dec-2019 20:38:00 America/Fortaleza] PHP Fatal error:  Uncaught Error: Call to undefined method PDO::queyr() in /home2/unive271/public_html/processa_pesquisa.php:9
Stack trace:
#0 {main}
  thrown in /home2/unive271/public_html/processa_pesquisa.php on line 9
[04-Dec-2019 20:38:26 America/Fortaleza] PHP Parse error:  syntax error, unexpected '<', expecting end of file in /home2/unive271/public_html/crechess.php on line 25
[04-Dec-2019 20:38:44 America/Fortaleza] PHP Fatal error:  Uncaught Error: Call to undefined method PDO::queyr() in /home2/unive271/public_html/processa_pesquisa.php:9
Stack trace:
#0 {main}
  thrown in /home2/unive271/public_html/processa_pesquisa.php on line 9
[04-Dec-2019 20:39:27 America/Fortaleza] PHP Parse error:  syntax error, unexpected '<', expecting end of file in /home2/unive271/public_html/crechess.php on line 43
[04-Dec-2019 20:39:55 America/Fortaleza] PHP Fatal error:  Uncaught Error: Call to undefined method PDO::queyr() in /home2/unive271/public_html/processa_pesquisa.php:9
Stack trace:
#0 {main}
  thrown in /home2/unive271/public_html/processa_pesquisa.php on line 9
[04-Dec-2019 20:40:03 America/Fortaleza] PHP Parse error:  syntax error, unexpected '<', expecting end of file in /home2/unive271/public_html/crechess.php on line 43
[04-Dec-2019 20:40:06 America/Fortaleza] PHP Parse error:  syntax error, unexpected '<', expecting end of file in /home2/unive271/public_html/crechess.php on line 43
[04-Dec-2019 20:40:32 America/Fortaleza] PHP Parse error:  syntax error, unexpected '<', expecting end of file in /home2/unive271/public_html/crechess.php on line 49
[04-Dec-2019 20:42:18 America/Fortaleza] PHP Parse error:  syntax error, unexpected '<', expecting end of file in /home2/unive271/public_html/crechess.php on line 25
[04-Dec-2019 20:46:17 America/Fortaleza] PHP Fatal error:  Uncaught Error: Call to a member function fetchAll() on boolean in /home2/unive271/public_html/crechess.php:13
Stack trace:
#0 {main}
  thrown in /home2/unive271/public_html/crechess.php on line 13
[04-Dec-2019 20:48:47 America/Fortaleza] PHP Fatal error:  Uncaught Error: Call to a member function fetchAll() on boolean in /home2/unive271/public_html/crechess.php:13
Stack trace:
#0 {main}
  thrown in /home2/unive271/public_html/crechess.php on line 13
[04-Dec-2019 21:32:26 America/Fortaleza] PHP Parse error:  syntax error, unexpected 'Deletado' (T_STRING), expecting ',' or ')' in /home2/unive271/public_html/processa_excluir_cadastro.php on line 30
[04-Dec-2019 21:37:56 America/Fortaleza] PHP Fatal error:  Uncaught Error: Call to a member function fetchAll() on boolean in /home2/unive271/public_html/crechess.php:13
Stack trace:
#0 {main}
  thrown in /home2/unive271/public_html/crechess.php on line 13
[04-Dec-2019 21:37:59 America/Fortaleza] PHP Fatal error:  Uncaught Error: Call to a member function fetchAll() on boolean in /home2/unive271/public_html/crechess.php:13
Stack trace:
#0 {main}
  thrown in /home2/unive271/public_html/crechess.php on line 13
[04-Dec-2019 21:38:00 America/Fortaleza] PHP Fatal error:  Uncaught Error: Call to a member function fetchAll() on boolean in /home2/unive271/public_html/crechess.php:13
Stack trace:
#0 {main}
  thrown in /home2/unive271/public_html/crechess.php on line 13
[04-Dec-2019 21:38:03 America/Fortaleza] PHP Fatal error:  Uncaught Error: Call to a member function fetchAll() on boolean in /home2/unive271/public_html/crechess.php:13
Stack trace:
#0 {main}
  thrown in /home2/unive271/public_html/crechess.php on line 13
[04-Dec-2019 21:38:50 America/Fortaleza] PHP Fatal error:  Uncaught Error: Call to a member function fetchAll() on boolean in /home2/unive271/public_html/crechess.php:13
Stack trace:
#0 {main}
  thrown in /home2/unive271/public_html/crechess.php on line 13
[04-Dec-2019 21:39:39 America/Fortaleza] PHP Parse error:  syntax error, unexpected 'Deletado' (T_STRING), expecting ',' or ')' in /home2/unive271/public_html/processa_excluir_cadastro.php on line 30
[04-Dec-2019 21:40:18 America/Fortaleza] PHP Fatal error:  Uncaught Error: Call to a member function fetchAll() on boolean in /home2/unive271/public_html/crechess.php:13
Stack trace:
#0 {main}
  thrown in /home2/unive271/public_html/crechess.php on line 13
[04-Dec-2019 21:40:20 America/Fortaleza] PHP Fatal error:  Uncaught Error: Call to a member function fetchAll() on boolean in /home2/unive271/public_html/crechess.php:13
Stack trace:
#0 {main}
  thrown in /home2/unive271/public_html/crechess.php on line 13
[04-Dec-2019 21:40:23 America/Fortaleza] PHP Fatal error:  Uncaught Error: Call to a member function fetchAll() on boolean in /home2/unive271/public_html/crechess.php:13
Stack trace:
#0 {main}
  thrown in /home2/unive271/public_html/crechess.php on line 13
[04-Dec-2019 21:45:45 America/Sao_Paulo] PHP Warning:  move_uploaded_file(./imagem/Nomes.txt): failed to open stream: No such file or directory in /home2/unive271/public_html/cadastro_crianca_banco.php on line 72
[04-Dec-2019 21:45:45 America/Sao_Paulo] PHP Warning:  move_uploaded_file(): Unable to move '/tmp/phpP7vQnQ' to './imagem/Nomes.txt' in /home2/unive271/public_html/cadastro_crianca_banco.php on line 72
[04-Dec-2019 21:45:45 America/Sao_Paulo] PHP Warning:  move_uploaded_file(./imagem/Nomes.txt): failed to open stream: No such file or directory in /home2/unive271/public_html/cadastro_crianca_banco.php on line 73
[04-Dec-2019 21:45:45 America/Sao_Paulo] PHP Warning:  move_uploaded_file(): Unable to move '/tmp/phpfGvInJ' to './imagem/Nomes.txt' in /home2/unive271/public_html/cadastro_crianca_banco.php on line 73
[04-Dec-2019 21:45:45 America/Sao_Paulo] PHP Warning:  move_uploaded_file(./imagem/Nomes.txt): failed to open stream: No such file or directory in /home2/unive271/public_html/cadastro_crianca_banco.php on line 74
[04-Dec-2019 21:45:45 America/Sao_Paulo] PHP Warning:  move_uploaded_file(): Unable to move '/tmp/phpnMBAnC' to './imagem/Nomes.txt' in /home2/unive271/public_html/cadastro_crianca_banco.php on line 74
[04-Dec-2019 21:45:45 America/Sao_Paulo] PHP Warning:  move_uploaded_file(./imagem/Nomes.txt): failed to open stream: No such file or directory in /home2/unive271/public_html/cadastro_crianca_banco.php on line 75
[04-Dec-2019 21:45:45 America/Sao_Paulo] PHP Warning:  move_uploaded_file(): Unable to move '/tmp/phpLu1tnv' to './imagem/Nomes.txt' in /home2/unive271/public_html/cadastro_crianca_banco.php on line 75
[04-Dec-2019 22:13:24 America/Fortaleza] PHP Parse error:  syntax error, unexpected 'Deletado' (T_STRING), expecting ',' or ')' in /home2/unive271/public_html/processa_excluir_cadastro.php on line 30
[04-Dec-2019 22:35:38 America/Fortaleza] PHP Parse error:  syntax error, unexpected 'Deletado' (T_STRING), expecting ',' or ')' in /home2/unive271/public_html/processa_excluir_cadastro.php on line 30
[04-Dec-2019 22:36:55 America/Fortaleza] PHP Parse error:  syntax error, unexpected '<', expecting end of file in /home2/unive271/public_html/processa_excluir_cadastro.php on line 7
[04-Dec-2019 23:12:38 America/Sao_Paulo] PHP Warning:  move_uploaded_file(./imagem/style.css): failed to open stream: No such file or directory in /home2/unive271/public_html/cadastro_crianca_banco.php on line 72
[04-Dec-2019 23:12:38 America/Sao_Paulo] PHP Warning:  move_uploaded_file(): Unable to move '/tmp/phpA0TV4d' to './imagem/style.css' in /home2/unive271/public_html/cadastro_crianca_banco.php on line 72
[04-Dec-2019 23:12:38 America/Sao_Paulo] PHP Warning:  move_uploaded_file(./imagem/termo-uso-e-mail.pdf): failed to open stream: No such file or directory in /home2/unive271/public_html/cadastro_crianca_banco.php on line 73
[04-Dec-2019 23:12:38 America/Sao_Paulo] PHP Warning:  move_uploaded_file(): Unable to move '/tmp/phpB3veRY' to './imagem/termo-uso-e-mail.pdf' in /home2/unive271/public_html/cadastro_crianca_banco.php on line 73
[04-Dec-2019 23:12:38 America/Sao_Paulo] PHP Warning:  move_uploaded_file(./imagem/Erro VitualBox Host- only.pdf): failed to open stream: No such file or directory in /home2/unive271/public_html/cadastro_crianca_banco.php on line 74
[04-Dec-2019 23:12:38 America/Sao_Paulo] PHP Warning:  move_uploaded_file(): Unable to move '/tmp/phpsSrOuK' to './imagem/Erro VitualBox Host- only.pdf' in /home2/unive271/public_html/cadastro_crianca_banco.php on line 74
[04-Dec-2019 23:12:38 America/Sao_Paulo] PHP Warning:  move_uploaded_file(./imagem/burutter.dll): failed to open stream: No such file or directory in /home2/unive271/public_html/cadastro_crianca_banco.php on line 75
[04-Dec-2019 23:12:38 America/Sao_Paulo] PHP Warning:  move_uploaded_file(): Unable to move '/tmp/phpNsHwky' to './imagem/burutter.dll' in /home2/unive271/public_html/cadastro_crianca_banco.php on line 75
[05-Dec-2019 01:46:40 America/Sao_Paulo] PHP Warning:  move_uploaded_file(./imagem/Tulips.jpg): failed to open stream: No such file or directory in /home2/unive271/public_html/cadastro_crianca_banco.php on line 72
[05-Dec-2019 01:47:07 America/Sao_Paulo] PHP Warning:  move_uploaded_file(./imagem/Penguins.jpg): failed to open stream: No such file or directory in /home2/unive271/public_html/cadastro_crianca_banco.php on line 72
[05-Dec-2019 01:47:07 America/Sao_Paulo] PHP Warning:  move_uploaded_file(): Unable to move '/tmp/phpjeZcXI' to './imagem/Penguins.jpg' in /home2/unive271/public_html/cadastro_crianca_banco.php on line 72
[05-Dec-2019 01:47:07 America/Sao_Paulo] PHP Warning:  move_uploaded_file(./imagem/Tulips.jpg): failed to open stream: No such file or directory in /home2/unive271/public_html/cadastro_crianca_banco.php on line 73
[05-Dec-2019 01:47:07 America/Sao_Paulo] PHP Warning:  move_uploaded_file(): Unable to move '/tmp/php3Ar6ai' to './imagem/Tulips.jpg' in /home2/unive271/public_html/cadastro_crianca_banco.php on line 73
[05-Dec-2019 01:47:07 America/Sao_Paulo] PHP Warning:  move_uploaded_file(./imagem/Jellyfish.jpg): failed to open stream: No such file or directory in /home2/unive271/public_html/cadastro_crianca_banco.php on line 74
[05-Dec-2019 01:47:07 America/Sao_Paulo] PHP Warning:  move_uploaded_file(): Unable to move '/tmp/phpbSn4lW' to './imagem/Jellyfish.jpg' in /home2/unive271/public_html/cadastro_crianca_banco.php on line 74
[05-Dec-2019 01:47:07 America/Sao_Paulo] PHP Warning:  move_uploaded_file(./imagem/Jellyfish.jpg): failed to open stream: No such file or directory in /home2/unive271/public_html/cadastro_crianca_banco.php on line 75
[05-Dec-2019 01:47:07 America/Sao_Paulo] PHP Warning:  move_uploaded_file(): Unable to move '/tmp/phpPYvFpG' to './imagem/Jellyfish.jpg' in /home2/unive271/public_html/cadastro_crianca_banco.php on line 75
[05-Dec-2019 01:50:56 America/Sao_Paulo] PHP Warning:  move_uploaded_file(./imagem/Tulips.jpg): failed to open stream: No such file or directory in /home2/unive271/public_html/cadastro_crianca_banco.php on line 72
[05-Dec-2019 01:50:56 America/Sao_Paulo] PHP Warning:  move_uploaded_file(): Unable to move '/tmp/phpMie4OE' to './imagem/Tulips.jpg' in /home2/unive271/public_html/cadastro_crianca_banco.php on line 72
[05-Dec-2019 01:50:56 America/Sao_Paulo] PHP Warning:  move_uploaded_file(./imagem/Penguins.jpg): failed to open stream: No such file or directory in /home2/unive271/public_html/cadastro_crianca_banco.php on line 73
[05-Dec-2019 01:50:56 America/Sao_Paulo] PHP Warning:  move_uploaded_file(): Unable to move '/tmp/phpbIgfA8' to './imagem/Penguins.jpg' in /home2/unive271/public_html/cadastro_crianca_banco.php on line 73
[05-Dec-2019 01:50:56 America/Sao_Paulo] PHP Warning:  move_uploaded_file(./imagem/Jellyfish.jpg): failed to open stream: No such file or directory in /home2/unive271/public_html/cadastro_crianca_banco.php on line 74
[05-Dec-2019 01:50:56 America/Sao_Paulo] PHP Warning:  move_uploaded_file(): Unable to move '/tmp/phpMwQgdH' to './imagem/Jellyfish.jpg' in /home2/unive271/public_html/cadastro_crianca_banco.php on line 74
[05-Dec-2019 01:50:56 America/Sao_Paulo] PHP Warning:  move_uploaded_file(./imagem/Penguins.jpg): failed to open stream: No such file or directory in /home2/unive271/public_html/cadastro_crianca_banco.php on line 75
[05-Dec-2019 01:50:56 America/Sao_Paulo] PHP Warning:  move_uploaded_file(): Unable to move '/tmp/phpH5iXgk' to './imagem/Penguins.jpg' in /home2/unive271/public_html/cadastro_crianca_banco.php on line 75
[05-Dec-2019 01:50:57 America/Fortaleza] PHP Parse error:  syntax error, unexpected '}' in /home2/unive271/public_html/confirma_cadastro.php on line 258
[05-Dec-2019 01:50:57 America/Fortaleza] PHP Parse error:  syntax error, unexpected '}' in /home2/unive271/public_html/confirma_cadastro.php on line 258
[05-Dec-2019 01:52:12 America/Sao_Paulo] PHP Warning:  move_uploaded_file(./imagem/Tulips.jpg): failed to open stream: No such file or directory in /home2/unive271/public_html/cadastro_crianca_banco.php on line 72
[05-Dec-2019 01:52:12 America/Sao_Paulo] PHP Warning:  move_uploaded_file(): Unable to move '/tmp/php68Sk6q' to './imagem/Tulips.jpg' in /home2/unive271/public_html/cadastro_crianca_banco.php on line 72
[05-Dec-2019 01:52:12 America/Sao_Paulo] PHP Warning:  move_uploaded_file(./imagem/Tulips.jpg): failed to open stream: No such file or directory in /home2/unive271/public_html/cadastro_crianca_banco.php on line 73
[05-Dec-2019 01:52:12 America/Sao_Paulo] PHP Warning:  move_uploaded_file(): Unable to move '/tmp/phpten0sR' to './imagem/Tulips.jpg' in /home2/unive271/public_html/cadastro_crianca_banco.php on line 73
[05-Dec-2019 01:52:12 America/Sao_Paulo] PHP Warning:  move_uploaded_file(./imagem/Tulips.jpg): failed to open stream: No such file or directory in /home2/unive271/public_html/cadastro_crianca_banco.php on line 74
[05-Dec-2019 01:52:12 America/Sao_Paulo] PHP Warning:  move_uploaded_file(): Unable to move '/tmp/phpoMmg9n' to './imagem/Tulips.jpg' in /home2/unive271/public_html/cadastro_crianca_banco.php on line 74
[05-Dec-2019 01:52:12 America/Sao_Paulo] PHP Warning:  move_uploaded_file(./imagem/Tulips.jpg): failed to open stream: No such file or directory in /home2/unive271/public_html/cadastro_crianca_banco.php on line 75
[05-Dec-2019 01:52:12 America/Sao_Paulo] PHP Warning:  move_uploaded_file(): Unable to move '/tmp/phpTnpXQY' to './imagem/Tulips.jpg' in /home2/unive271/public_html/cadastro_crianca_banco.php on line 75
[05-Dec-2019 01:54:19 America/Sao_Paulo] PHP Warning:  move_uploaded_file(./imagem/Lighthouse.jpg): failed to open stream: No such file or directory in /home2/unive271/public_html/cadastro_crianca_banco.php on line 72
[05-Dec-2019 01:54:19 America/Sao_Paulo] PHP Warning:  move_uploaded_file(): Unable to move '/tmp/phpJjaico' to './imagem/Lighthouse.jpg' in /home2/unive271/public_html/cadastro_crianca_banco.php on line 72
[05-Dec-2019 01:54:19 America/Sao_Paulo] PHP Warning:  move_uploaded_file(./imagem/Desert.jpg): failed to open stream: No such file or directory in /home2/unive271/public_html/cadastro_crianca_banco.php on line 73
[05-Dec-2019 01:54:19 America/Sao_Paulo] PHP Warning:  move_uploaded_file(): Unable to move '/tmp/phphSuvwM' to './imagem/Desert.jpg' in /home2/unive271/public_html/cadastro_crianca_banco.php on line 73
[05-Dec-2019 01:54:19 America/Sao_Paulo] PHP Warning:  move_uploaded_file(./imagem/Hydrangeas.jpg): failed to open stream: No such file or directory in /home2/unive271/public_html/cadastro_crianca_banco.php on line 74
[05-Dec-2019 01:54:19 America/Sao_Paulo] PHP Warning:  move_uploaded_file(): Unable to move '/tmp/phpLoWVEe' to './imagem/Hydrangeas.jpg' in /home2/unive271/public_html/cadastro_crianca_banco.php on line 74
[05-Dec-2019 01:54:19 America/Sao_Paulo] PHP Warning:  move_uploaded_file(./imagem/Jellyfish.jpg): failed to open stream: No such file or directory in /home2/unive271/public_html/cadastro_crianca_banco.php on line 75
[05-Dec-2019 01:54:19 America/Sao_Paulo] PHP Warning:  move_uploaded_file(): Unable to move '/tmp/phpLzv1hK' to './imagem/Jellyfish.jpg' in /home2/unive271/public_html/cadastro_crianca_banco.php on line 75
[05-Dec-2019 10:28:23 America/Fortaleza] PHP Fatal error:  Uncaught Error: Call to a member function fetchAll() on boolean in /home2/unive271/public_html/confirma_cadastro.php:29
Stack trace:
#0 {main}
  thrown in /home2/unive271/public_html/confirma_cadastro.php on line 29
[05-Dec-2019 19:21:28 America/Fortaleza] PHP Parse error:  syntax error, unexpected '}', expecting end of file in /home2/unive271/public_html/creches.php on line 106
[05-Dec-2019 19:41:24 America/Fortaleza] PHP Parse error:  syntax error, unexpected 'row' (T_STRING), expecting ',' or ';' in /home2/unive271/public_html/inicio_funcionario.php on line 121
[05-Dec-2019 19:47:45 America/Sao_Paulo] PHP Warning:  move_uploaded_file(./imagem/teste-teste.jpg): failed to open stream: No such file or directory in /home2/unive271/public_html/cadastro_crianca_banco.php on line 72
[05-Dec-2019 19:47:45 America/Sao_Paulo] PHP Warning:  move_uploaded_file(): Unable to move '/tmp/php8uvgrg' to './imagem/teste-teste.jpg' in /home2/unive271/public_html/cadastro_crianca_banco.php on line 72
[05-Dec-2019 19:47:45 America/Sao_Paulo] PHP Warning:  move_uploaded_file(./imagem/teste-teste.jpg): failed to open stream: No such file or directory in /home2/unive271/public_html/cadastro_crianca_banco.php on line 73
[05-Dec-2019 19:47:45 America/Sao_Paulo] PHP Warning:  move_uploaded_file(): Unable to move '/tmp/phpOHlgqv' to './imagem/teste-teste.jpg' in /home2/unive271/public_html/cadastro_crianca_banco.php on line 73
[05-Dec-2019 19:47:45 America/Sao_Paulo] PHP Warning:  move_uploaded_file(./imagem/teste-teste.jpg): failed to open stream: No such file or directory in /home2/unive271/public_html/cadastro_crianca_banco.php on line 74
[05-Dec-2019 19:47:45 America/Sao_Paulo] PHP Warning:  move_uploaded_file(): Unable to move '/tmp/phpcZRlNK' to './imagem/teste-teste.jpg' in /home2/unive271/public_html/cadastro_crianca_banco.php on line 74
[05-Dec-2019 19:47:45 America/Sao_Paulo] PHP Warning:  move_uploaded_file(./imagem/teste-teste.jpg): failed to open stream: No such file or directory in /home2/unive271/public_html/cadastro_crianca_banco.php on line 75
[05-Dec-2019 19:47:45 America/Sao_Paulo] PHP Warning:  move_uploaded_file(): Unable to move '/tmp/php0kmkz0' to './imagem/teste-teste.jpg' in /home2/unive271/public_html/cadastro_crianca_banco.php on line 75
[05-Dec-2019 20:33:16 America/Fortaleza] PHP Fatal error:  Uncaught Error: Call to a member function query() on null in /home2/unive271/public_html/confirma_usuario.php:5
Stack trace:
#0 {main}
  thrown in /home2/unive271/public_html/confirma_usuario.php on line 5
[05-Dec-2019 20:36:39 America/Fortaleza] PHP Warning:  Cannot modify header information - headers already sent by (output started at /home2/unive271/public_html/confirma_usuario.php:8) in /home2/unive271/public_html/confirma_usuario.php on line 9
[05-Dec-2019 20:37:31 America/Fortaleza] PHP Warning:  Cannot modify header information - headers already sent by (output started at /home2/unive271/public_html/confirma_usuario.php:8) in /home2/unive271/public_html/confirma_usuario.php on line 9
[05-Dec-2019 20:38:06 America/Fortaleza] PHP Warning:  Cannot modify header information - headers already sent by (output started at /home2/unive271/public_html/confirma_usuario.php:8) in /home2/unive271/public_html/confirma_usuario.php on line 9
[05-Dec-2019 20:38:19 America/Fortaleza] PHP Warning:  Cannot modify header information - headers already sent by (output started at /home2/unive271/public_html/confirma_usuario.php:8) in /home2/unive271/public_html/confirma_usuario.php on line 9
[05-Dec-2019 20:38:23 America/Fortaleza] PHP Warning:  Cannot modify header information - headers already sent by (output started at /home2/unive271/public_html/confirma_usuario.php:8) in /home2/unive271/public_html/confirma_usuario.php on line 9
[05-Dec-2019 20:38:55 America/Fortaleza] PHP Warning:  Cannot modify header information - headers already sent by (output started at /home2/unive271/public_html/confirma_usuario.php:7) in /home2/unive271/public_html/confirma_usuario.php on line 9
[05-Dec-2019 20:39:31 America/Fortaleza] PHP Warning:  Cannot modify header information - headers already sent by (output started at /home2/unive271/public_html/confirma_usuario.php:9) in /home2/unive271/public_html/confirma_usuario.php on line 10
[05-Dec-2019 20:39:49 America/Fortaleza] PHP Warning:  Cannot modify header information - headers already sent by (output started at /home2/unive271/public_html/confirma_usuario.php:9) in /home2/unive271/public_html/confirma_usuario.php on line 10
[05-Dec-2019 21:11:21 America/Fortaleza] PHP Parse error:  syntax error, unexpected 'UTF' (T_STRING), expecting ',' or ')' in /home2/unive271/public_html/inicio_funcionario.php on line 27
[06-Dec-2019 10:16:15 America/Fortaleza] PHP Fatal error:  Uncaught Error: Call to a member function fetchAll() on boolean in /home2/unive271/public_html/confirma_cadastro.php:27
Stack trace:
#0 {main}
  thrown in /home2/unive271/public_html/confirma_cadastro.php on line 27
[06-Dec-2019 19:18:15 America/Fortaleza] PHP Parse error:  syntax error, unexpected '<', expecting end of file in /home2/unive271/public_html/processa_excluir_cadastro.php on line 7
[06-Dec-2019 19:20:19 America/Fortaleza] PHP Fatal error:  Uncaught Error: Call to a member function fetchAll() on boolean in /home2/unive271/public_html/crechess.php:13
Stack trace:
#0 {main}
  thrown in /home2/unive271/public_html/crechess.php on line 13
[06-Dec-2019 19:21:34 America/Fortaleza] PHP Parse error:  syntax error, unexpected '<', expecting end of file in /home2/unive271/public_html/processa_excluir_cadastro.php on line 7
[06-Dec-2019 19:22:04 America/Fortaleza] PHP Parse error:  syntax error, unexpected '<', expecting end of file in /home2/unive271/public_html/processa_excluir_cadastro.php on line 7
[06-Dec-2019 19:22:52 America/Fortaleza] PHP Fatal error:  Uncaught Error: Call to a member function fetchObject() on boolean in /home2/unive271/public_html/crechess.php:13
Stack trace:
#0 {main}
  thrown in /home2/unive271/public_html/crechess.php on line 13
[06-Dec-2019 19:22:56 America/Fortaleza] PHP Fatal error:  Uncaught Error: Call to a member function fetchObject() on boolean in /home2/unive271/public_html/crechess.php:13
Stack trace:
#0 {main}
  thrown in /home2/unive271/public_html/crechess.php on line 13
[06-Dec-2019 19:24:48 America/Fortaleza] PHP Fatal error:  Uncaught Error: Call to a member function fetchObject() on boolean in /home2/unive271/public_html/crechess.php:13
Stack trace:
#0 {main}
  thrown in /home2/unive271/public_html/crechess.php on line 13
[06-Dec-2019 19:36:50 America/Sao_Paulo] PHP Warning:  move_uploaded_file(./imagem/teste-teste.jpg): failed to open stream: No such file or directory in /home2/unive271/public_html/cadastro_crianca_banco.php on line 72
[06-Dec-2019 19:36:50 America/Sao_Paulo] PHP Warning:  move_uploaded_file(): Unable to move '/tmp/phpNWJkNP' to './imagem/teste-teste.jpg' in /home2/unive271/public_html/cadastro_crianca_banco.php on line 72
[06-Dec-2019 19:36:50 America/Sao_Paulo] PHP Warning:  move_uploaded_file(./imagem/teste-teste.jpg): failed to open stream: No such file or directory in /home2/unive271/public_html/cadastro_crianca_banco.php on line 73
[06-Dec-2019 19:36:50 America/Sao_Paulo] PHP Warning:  move_uploaded_file(): Unable to move '/tmp/php3ehywl' to './imagem/teste-teste.jpg' in /home2/unive271/public_html/cadastro_crianca_banco.php on line 73
[06-Dec-2019 19:36:50 America/Sao_Paulo] PHP Warning:  move_uploaded_file(./imagem/teste-teste.jpg): failed to open stream: No such file or directory in /home2/unive271/public_html/cadastro_crianca_banco.php on line 74
[06-Dec-2019 19:36:50 America/Sao_Paulo] PHP Warning:  move_uploaded_file(): Unable to move '/tmp/phpn5EAHR' to './imagem/teste-teste.jpg' in /home2/unive271/public_html/cadastro_crianca_banco.php on line 74
[06-Dec-2019 19:36:50 America/Sao_Paulo] PHP Warning:  move_uploaded_file(./imagem/teste-teste.jpg): failed to open stream: No such file or directory in /home2/unive271/public_html/cadastro_crianca_banco.php on line 75
[06-Dec-2019 19:36:50 America/Sao_Paulo] PHP Warning:  move_uploaded_file(): Unable to move '/tmp/phpzTLe5n' to './imagem/teste-teste.jpg' in /home2/unive271/public_html/cadastro_crianca_banco.php on line 75
[06-Dec-2019 19:46:41 America/Fortaleza] PHP Fatal error:  Uncaught Error: Call to a member function fectchAll() on null in /home2/unive271/public_html/crechess.php:120
Stack trace:
#0 {main}
  thrown in /home2/unive271/public_html/crechess.php on line 120
[06-Dec-2019 19:46:43 America/Fortaleza] PHP Parse error:  syntax error, unexpected 'else' (T_ELSE), expecting ',' or ';' in /home2/unive271/public_html/inicio_funcionario.php on line 132
[06-Dec-2019 19:47:52 America/Fortaleza] PHP Fatal error:  Uncaught Error: Call to a member function fectchAll() on null in /home2/unive271/public_html/crechess.php:120
Stack trace:
#0 {main}
  thrown in /home2/unive271/public_html/crechess.php on line 120
[06-Dec-2019 19:48:11 America/Fortaleza] PHP Fatal error:  Uncaught Error: Call to a member function fectchAll() on null in /home2/unive271/public_html/crechess.php:120
Stack trace:
#0 {main}
  thrown in /home2/unive271/public_html/crechess.php on line 120
[06-Dec-2019 19:50:14 America/Fortaleza] PHP Parse error:  syntax error, unexpected '}', expecting variable (T_VARIABLE) or '{' or '$' in /home2/unive271/public_html/crechess.php on line 130
[06-Dec-2019 20:11:06 America/Sao_Paulo] PHP Warning:  move_uploaded_file(./imagem/teste-teste.jpg): failed to open stream: No such file or directory in /home2/unive271/public_html/cadastro_crianca_banco.php on line 72
[06-Dec-2019 20:11:06 America/Sao_Paulo] PHP Warning:  move_uploaded_file(): Unable to move '/tmp/phpwZhefK' to './imagem/teste-teste.jpg' in /home2/unive271/public_html/cadastro_crianca_banco.php on line 72
[06-Dec-2019 20:11:06 America/Sao_Paulo] PHP Warning:  move_uploaded_file(./imagem/teste-teste.jpg): failed to open stream: No such file or directory in /home2/unive271/public_html/cadastro_crianca_banco.php on line 73
[06-Dec-2019 20:11:06 America/Sao_Paulo] PHP Warning:  move_uploaded_file(): Unable to move '/tmp/phpq6OumU' to './imagem/teste-teste.jpg' in /home2/unive271/public_html/cadastro_crianca_banco.php on line 73
[06-Dec-2019 20:11:06 America/Sao_Paulo] PHP Warning:  move_uploaded_file(./imagem/teste-teste.jpg): failed to open stream: No such file or directory in /home2/unive271/public_html/cadastro_crianca_banco.php on line 74
[06-Dec-2019 20:11:06 America/Sao_Paulo] PHP Warning:  move_uploaded_file(): Unable to move '/tmp/phpaTZyY4' to './imagem/teste-teste.jpg' in /home2/unive271/public_html/cadastro_crianca_banco.php on line 74
[06-Dec-2019 20:11:06 America/Sao_Paulo] PHP Warning:  move_uploaded_file(./imagem/teste-teste.jpg): failed to open stream: No such file or directory in /home2/unive271/public_html/cadastro_crianca_banco.php on line 75
[06-Dec-2019 20:11:06 America/Sao_Paulo] PHP Warning:  move_uploaded_file(): Unable to move '/tmp/phpM9imNf' to './imagem/teste-teste.jpg' in /home2/unive271/public_html/cadastro_crianca_banco.php on line 75
[06-Dec-2019 20:18:40 America/Fortaleza] PHP Parse error:  syntax error, unexpected '.' in /home2/unive271/public_html/inicio_funcionario.php on line 128
[06-Dec-2019 20:21:28 America/Fortaleza] PHP Parse error:  syntax error, unexpected '}', expecting end of file in /home2/unive271/public_html/crechess.php on line 153
[06-Dec-2019 20:21:55 America/Fortaleza] PHP Parse error:  syntax error, unexpected '}', expecting end of file in /home2/unive271/public_html/crechess.php on line 153
[06-Dec-2019 20:24:41 America/Fortaleza] PHP Parse error:  syntax error, unexpected '}', expecting end of file in /home2/unive271/public_html/crechess.php on line 153
[06-Dec-2019 20:25:32 America/Fortaleza] PHP Parse error:  syntax error, unexpected '<', expecting end of file in /home2/unive271/public_html/crechess.php on line 151
[06-Dec-2019 20:27:00 America/Fortaleza] PHP Parse error:  syntax error, unexpected '<', expecting end of file in /home2/unive271/public_html/crechess.php on line 150
[06-Dec-2019 20:28:54 America/Fortaleza] PHP Parse error:  syntax error, unexpected 'echo' (T_ECHO), expecting ',' or ';' in /home2/unive271/public_html/inicio_funcionario.php on line 148
[06-Dec-2019 20:30:08 America/Fortaleza] PHP Parse error:  syntax error, unexpected '"' in /home2/unive271/public_html/crechess.php on line 117
[06-Dec-2019 20:32:28 America/Fortaleza] PHP Parse error:  syntax error, unexpected '$cd' (T_VARIABLE), expecting ',' or ';' in /home2/unive271/public_html/crechess.php on line 117
[06-Dec-2019 20:33:21 America/Fortaleza] PHP Parse error:  syntax error, unexpected '$cd' (T_VARIABLE), expecting ',' or ';' in /home2/unive271/public_html/crechess.php on line 117
[06-Dec-2019 20:34:14 America/Fortaleza] PHP Parse error:  syntax error, unexpected 'required' (T_STRING), expecting ',' or ';' in /home2/unive271/public_html/crechess.php on line 168
[06-Dec-2019 20:34:53 America/Fortaleza] PHP Parse error:  syntax error, unexpected '}', expecting end of file in /home2/unive271/public_html/crechess.php on line 153
[06-Dec-2019 20:37:30 America/Fortaleza] PHP Parse error:  syntax error, unexpected '$cd_uf' (T_VARIABLE), expecting ',' or ';' in /home2/unive271/public_html/crechess.php on line 117
[06-Dec-2019 20:40:35 America/Fortaleza] PHP Parse error:  syntax error, unexpected '$cd' (T_VARIABLE), expecting ',' or ';' in /home2/unive271/public_html/crechess.php on line 115
[06-Dec-2019 20:40:54 America/Fortaleza] PHP Parse error:  syntax error, unexpected '$cd' (T_VARIABLE), expecting ',' or ';' in /home2/unive271/public_html/crechess.php on line 115
[06-Dec-2019 20:44:32 America/Fortaleza] PHP Parse error:  syntax error, unexpected 'echo' (T_ECHO), expecting ',' or ';' in /home2/unive271/public_html/crechess.php on line 139
[06-Dec-2019 20:52:10 America/Fortaleza] PHP Parse error:  syntax error, unexpected '.' in /home2/unive271/public_html/crechess.php on line 116
[06-Dec-2019 20:52:37 America/Fortaleza] PHP Parse error:  syntax error, unexpected '"', expecting ',' or ';' in /home2/unive271/public_html/crechess.php on line 116
[06-Dec-2019 20:52:55 America/Fortaleza] PHP Parse error:  syntax error, unexpected '"', expecting ',' or ';' in /home2/unive271/public_html/crechess.php on line 116
[06-Dec-2019 20:53:13 America/Fortaleza] PHP Parse error:  syntax error, unexpected '"', expecting ',' or ';' in /home2/unive271/public_html/crechess.php on line 116
[06-Dec-2019 20:53:42 America/Fortaleza] PHP Parse error:  syntax error, unexpected '>' in /home2/unive271/public_html/crechess.php on line 116
[06-Dec-2019 21:14:53 America/Fortaleza] PHP Parse error:  syntax error, unexpected '$cd_uf' (T_VARIABLE), expecting ',' or ';' in /home2/unive271/public_html/crechess.php on line 116
[06-Dec-2019 21:16:15 America/Fortaleza] PHP Fatal error:  Uncaught Error: Call to a member function fetchAll() on boolean in /home2/unive271/public_html/crechess.php:129
Stack trace:
#0 {main}
  thrown in /home2/unive271/public_html/crechess.php on line 129
[06-Dec-2019 21:17:54 America/Fortaleza] PHP Parse error:  syntax error, unexpected '}', expecting end of file in /home2/unive271/public_html/crechess.php on line 145
[06-Dec-2019 21:18:10 America/Fortaleza] PHP Fatal error:  Uncaught Error: Call to a member function fetchAll() on boolean in /home2/unive271/public_html/crechess.php:129
Stack trace:
#0 {main}
  thrown in /home2/unive271/public_html/crechess.php on line 129
[06-Dec-2019 21:34:12 America/Fortaleza] PHP Fatal error:  Uncaught Error: Call to a member function fetchAll() on boolean in /home2/unive271/public_html/confirma_cadastro.php:27
Stack trace:
#0 {main}
  thrown in /home2/unive271/public_html/confirma_cadastro.php on line 27
[06-Dec-2019 22:14:38 America/Fortaleza] PHP Fatal error:  Uncaught Error: Call to a member function fetchObject() on boolean in /home2/unive271/public_html/desaprova_usuario.php:11
Stack trace:
#0 {main}
  thrown in /home2/unive271/public_html/desaprova_usuario.php on line 11
[06-Dec-2019 22:15:27 America/Fortaleza] PHP Fatal error:  Uncaught Error: Call to a member function fetchObject() on boolean in /home2/unive271/public_html/desaprova_usuario.php:11
Stack trace:
#0 {main}
  thrown in /home2/unive271/public_html/desaprova_usuario.php on line 11
[06-Dec-2019 22:15:30 America/Fortaleza] PHP Fatal error:  Uncaught Error: Call to a member function fetchObject() on boolean in /home2/unive271/public_html/desaprova_usuario.php:11
Stack trace:
#0 {main}
  thrown in /home2/unive271/public_html/desaprova_usuario.php on line 11
[06-Dec-2019 22:15:33 America/Fortaleza] PHP Fatal error:  Uncaught Error: Call to a member function fetchObject() on boolean in /home2/unive271/public_html/desaprova_usuario.php:11
Stack trace:
#0 {main}
  thrown in /home2/unive271/public_html/desaprova_usuario.php on line 11
[06-Dec-2019 22:15:38 America/Fortaleza] PHP Fatal error:  Uncaught Error: Call to a member function fetchObject() on boolean in /home2/unive271/public_html/desaprova_usuario.php:11
Stack trace:
#0 {main}
  thrown in /home2/unive271/public_html/desaprova_usuario.php on line 11
[06-Dec-2019 22:16:00 America/Fortaleza] PHP Fatal error:  Uncaught Error: Call to a member function fetchObject() on boolean in /home2/unive271/public_html/desaprova_usuario.php:11
Stack trace:
#0 {main}
  thrown in /home2/unive271/public_html/desaprova_usuario.php on line 11
[06-Dec-2019 22:16:05 America/Fortaleza] PHP Fatal error:  Uncaught Error: Call to a member function fetchObject() on boolean in /home2/unive271/public_html/desaprova_usuario.php:11
Stack trace:
#0 {main}
  thrown in /home2/unive271/public_html/desaprova_usuario.php on line 11
[06-Dec-2019 22:17:57 America/Fortaleza] PHP Fatal error:  Uncaught Error: Call to a member function fetchObject() on boolean in /home2/unive271/public_html/desaprova_usuario.php:11
Stack trace:
#0 {main}
  thrown in /home2/unive271/public_html/desaprova_usuario.php on line 11
[06-Dec-2019 22:26:28 America/Fortaleza] PHP Fatal error:  Uncaught Error: Call to a member function fetchObject() on boolean in /home2/unive271/public_html/desaprova_usuario.php:11
Stack trace:
#0 {main}
  thrown in /home2/unive271/public_html/desaprova_usuario.php on line 11
[06-Dec-2019 22:26:33 America/Fortaleza] PHP Fatal error:  Uncaught Error: Call to a member function fetchObject() on boolean in /home2/unive271/public_html/desaprova_usuario.php:11
Stack trace:
#0 {main}
  thrown in /home2/unive271/public_html/desaprova_usuario.php on line 11
[07-Dec-2019 10:16:25 America/Fortaleza] PHP Fatal error:  Uncaught Error: Call to a member function fetchAll() on boolean in /home2/unive271/public_html/confirma_cadastro.php:27
Stack trace:
#0 {main}
  thrown in /home2/unive271/public_html/confirma_cadastro.php on line 27
[07-Dec-2019 18:39:14 America/Fortaleza] PHP Fatal error:  Uncaught Error: Call to a member function fetchAll() on boolean in /home2/unive271/public_html/confirma_cadastro.php:27
Stack trace:
#0 {main}
  thrown in /home2/unive271/public_html/confirma_cadastro.php on line 27
[08-Dec-2019 10:24:54 America/Fortaleza] PHP Fatal error:  Uncaught Error: Call to a member function fetchAll() on boolean in /home2/unive271/public_html/confirma_cadastro.php:27
Stack trace:
#0 {main}
  thrown in /home2/unive271/public_html/confirma_cadastro.php on line 27
[09-Dec-2019 10:17:01 America/Fortaleza] PHP Fatal error:  Uncaught Error: Call to a member function fetchAll() on boolean in /home2/unive271/public_html/confirma_cadastro.php:27
Stack trace:
#0 {main}
  thrown in /home2/unive271/public_html/confirma_cadastro.php on line 27
[09-Dec-2019 10:37:51 America/Fortaleza] PHP Fatal error:  Uncaught Error: Call to a member function fetchAll() on boolean in /home2/unive271/public_html/confirma_cadastro.php:27
Stack trace:
#0 {main}
  thrown in /home2/unive271/public_html/confirma_cadastro.php on line 27
[09-Dec-2019 16:50:19 America/Fortaleza] PHP Warning:  require(vendor/autoload.php): failed to open stream: No such file or directory in /home2/unive271/public_html/processa_fale_conosco.php on line 15
[09-Dec-2019 16:50:19 America/Fortaleza] PHP Warning:  require(vendor/autoload.php): failed to open stream: No such file or directory in /home2/unive271/public_html/processa_fale_conosco.php on line 15
[09-Dec-2019 16:50:19 America/Fortaleza] PHP Fatal error:  require(): Failed opening required 'vendor/autoload.php' (include_path='.:/opt/php71/lib/php') in /home2/unive271/public_html/processa_fale_conosco.php on line 15
[09-Dec-2019 16:53:26 America/Fortaleza] PHP Warning:  require(vendor/autoload.php): failed to open stream: No such file or directory in /home2/unive271/public_html/processa_fale_conosco.php on line 15
[09-Dec-2019 16:53:26 America/Fortaleza] PHP Warning:  require(vendor/autoload.php): failed to open stream: No such file or directory in /home2/unive271/public_html/processa_fale_conosco.php on line 15
[09-Dec-2019 16:53:26 America/Fortaleza] PHP Fatal error:  require(): Failed opening required 'vendor/autoload.php' (include_path='.:/opt/php71/lib/php') in /home2/unive271/public_html/processa_fale_conosco.php on line 15
[09-Dec-2019 16:53:43 America/Fortaleza] PHP Warning:  require(vendor/autoload.php): failed to open stream: No such file or directory in /home2/unive271/public_html/processa_fale_conosco.php on line 15
[09-Dec-2019 16:53:43 America/Fortaleza] PHP Warning:  require(vendor/autoload.php): failed to open stream: No such file or directory in /home2/unive271/public_html/processa_fale_conosco.php on line 15
[09-Dec-2019 16:53:43 America/Fortaleza] PHP Fatal error:  require(): Failed opening required 'vendor/autoload.php' (include_path='.:/opt/php71/lib/php') in /home2/unive271/public_html/processa_fale_conosco.php on line 15
[09-Dec-2019 17:03:56 America/Fortaleza] PHP Warning:  require(/home2/unive271/public_html/vendor/composer/../sendgrid/sendgrid/lib/SendGrid.php): failed to open stream: No such file or directory in /home2/unive271/public_html/vendor/composer/autoload_real.php on line 66
[09-Dec-2019 17:03:56 America/Fortaleza] PHP Warning:  require(/home2/unive271/public_html/vendor/composer/../sendgrid/sendgrid/lib/SendGrid.php): failed to open stream: No such file or directory in /home2/unive271/public_html/vendor/composer/autoload_real.php on line 66
[09-Dec-2019 17:03:56 America/Fortaleza] PHP Fatal error:  require(): Failed opening required '/home2/unive271/public_html/vendor/composer/../sendgrid/sendgrid/lib/SendGrid.php' (include_path='.:/opt/php71/lib/php') in /home2/unive271/public_html/vendor/composer/autoload_real.php on line 66
[09-Dec-2019 17:20:54 America/Fortaleza] PHP Warning:  require(/home2/unive271/public_html/vendor/composer/../sendgrid/sendgrid/lib/SendGrid.php): failed to open stream: No such file or directory in /home2/unive271/public_html/vendor/composer/autoload_real.php on line 66
[09-Dec-2019 17:20:54 America/Fortaleza] PHP Warning:  require(/home2/unive271/public_html/vendor/composer/../sendgrid/sendgrid/lib/SendGrid.php): failed to open stream: No such file or directory in /home2/unive271/public_html/vendor/composer/autoload_real.php on line 66
[09-Dec-2019 17:20:54 America/Fortaleza] PHP Fatal error:  require(): Failed opening required '/home2/unive271/public_html/vendor/composer/../sendgrid/sendgrid/lib/SendGrid.php' (include_path='.:/opt/php71/lib/php') in /home2/unive271/public_html/vendor/composer/autoload_real.php on line 66
[09-Dec-2019 19:29:27 America/Fortaleza] PHP Parse error:  syntax error, unexpected '}', expecting end of file in /home2/unive271/public_html/crechess.php on line 144
[09-Dec-2019 19:43:18 America/Fortaleza] PHP Warning:  Cannot modify header information - headers already sent by (output started at /home2/unive271/public_html/processa_fale_conosco.php:1) in /home2/unive271/public_html/processa_fale_conosco.php on line 38
[09-Dec-2019 19:44:24 America/Fortaleza] PHP Warning:  Cannot modify header information - headers already sent by (output started at /home2/unive271/public_html/processa_fale_conosco.php:1) in /home2/unive271/public_html/processa_fale_conosco.php on line 38
[09-Dec-2019 19:45:25 America/Fortaleza] PHP Warning:  Cannot modify header information - headers already sent by (output started at /home2/unive271/public_html/processa_fale_conosco.php:1) in /home2/unive271/public_html/processa_fale_conosco.php on line 38
[09-Dec-2019 19:45:36 America/Fortaleza] PHP Warning:  Cannot modify header information - headers already sent by (output started at /home2/unive271/public_html/processa_fale_conosco.php:1) in /home2/unive271/public_html/processa_fale_conosco.php on line 38
[09-Dec-2019 19:46:26 America/Fortaleza] PHP Warning:  Cannot modify header information - headers already sent by (output started at /home2/unive271/public_html/processa_fale_conosco.php:1) in /home2/unive271/public_html/processa_fale_conosco.php on line 32
[09-Dec-2019 19:46:54 America/Fortaleza] PHP Warning:  Cannot modify header information - headers already sent by (output started at /home2/unive271/public_html/processa_fale_conosco.php:1) in /home2/unive271/public_html/processa_fale_conosco.php on line 32
[09-Dec-2019 19:48:22 America/Fortaleza] PHP Warning:  Cannot modify header information - headers already sent by (output started at /home2/unive271/public_html/processa_fale_conosco.php:1) in /home2/unive271/public_html/processa_fale_conosco.php on line 31
[09-Dec-2019 19:56:54 America/Fortaleza] PHP Parse error:  syntax error, unexpected '/' in /home2/unive271/public_html/inicio_funcionario.php on line 156
[09-Dec-2019 20:16:08 America/Fortaleza] PHP Parse error:  syntax error, unexpected 'inscrio' (T_STRING), expecting '[' in /home2/unive271/public_html/turmas.php on line 121
[09-Dec-2019 20:16:21 America/Fortaleza] PHP Parse error:  syntax error, unexpected '}', expecting ',' or ';' in /home2/unive271/public_html/turmas.php on line 123
[09-Dec-2019 20:19:42 America/Fortaleza] PHP Parse error:  syntax error, unexpected '0' (T_LNUMBER), expecting ',' or ';' in /home2/unive271/public_html/turmas.php on line 129
[09-Dec-2019 20:23:15 America/Sao_Paulo] PHP Warning:  move_uploaded_file(./imagem/coelho_eu.jpg): failed to open stream: No such file or directory in /home2/unive271/public_html/cadastro_crianca_banco.php on line 72
[09-Dec-2019 20:23:15 America/Sao_Paulo] PHP Warning:  move_uploaded_file(): Unable to move '/tmp/phpxxZrLA' to './imagem/coelho_eu.jpg' in /home2/unive271/public_html/cadastro_crianca_banco.php on line 72
[09-Dec-2019 20:23:15 America/Sao_Paulo] PHP Warning:  move_uploaded_file(./imagem/coelho_eu.jpg): failed to open stream: No such file or directory in /home2/unive271/public_html/cadastro_crianca_banco.php on line 73
[09-Dec-2019 20:23:15 America/Sao_Paulo] PHP Warning:  move_uploaded_file(): Unable to move '/tmp/phpOdUnNR' to './imagem/coelho_eu.jpg' in /home2/unive271/public_html/cadastro_crianca_banco.php on line 73
[09-Dec-2019 20:23:15 America/Sao_Paulo] PHP Warning:  move_uploaded_file(./imagem/coelho_filha.jfif): failed to open stream: No such file or directory in /home2/unive271/public_html/cadastro_crianca_banco.php on line 74
[09-Dec-2019 20:23:15 America/Sao_Paulo] PHP Warning:  move_uploaded_file(): Unable to move '/tmp/phpLkbcta' to './imagem/coelho_filha.jfif' in /home2/unive271/public_html/cadastro_crianca_banco.php on line 74
[09-Dec-2019 20:23:15 America/Sao_Paulo] PHP Warning:  move_uploaded_file(./imagem/coelho_filha.jfif): failed to open stream: No such file or directory in /home2/unive271/public_html/cadastro_crianca_banco.php on line 75
[09-Dec-2019 20:23:15 America/Sao_Paulo] PHP Warning:  move_uploaded_file(): Unable to move '/tmp/phpc3z18s' to './imagem/coelho_filha.jfif' in /home2/unive271/public_html/cadastro_crianca_banco.php on line 75
[09-Dec-2019 21:09:46 America/Fortaleza] PHP Parse error:  syntax error, unexpected 'Confirmao' (T_STRING), expecting ',' or ')' in /home2/unive271/public_html/envia_email.php on line 8
[09-Dec-2019 21:09:50 America/Fortaleza] PHP Fatal error:  Uncaught Error: Call to a member function fetchAll() on boolean in /home2/unive271/public_html/confirma_cadastro.php:27
Stack trace:
#0 {main}
  thrown in /home2/unive271/public_html/confirma_cadastro.php on line 27
[09-Dec-2019 21:10:35 America/Sao_Paulo] PHP Warning:  move_uploaded_file(./imagem/coelho_eu.jpg): failed to open stream: No such file or directory in /home2/unive271/public_html/cadastro_crianca_banco.php on line 72
[09-Dec-2019 21:10:35 America/Sao_Paulo] PHP Warning:  move_uploaded_file(): Unable to move '/tmp/phpyXbjkb' to './imagem/coelho_eu.jpg' in /home2/unive271/public_html/cadastro_crianca_banco.php on line 72
[09-Dec-2019 21:10:35 America/Sao_Paulo] PHP Warning:  move_uploaded_file(./imagem/coelho_eu.jpg): failed to open stream: No such file or directory in /home2/unive271/public_html/cadastro_crianca_banco.php on line 73
[09-Dec-2019 21:10:35 America/Sao_Paulo] PHP Warning:  move_uploaded_file(): Unable to move '/tmp/php6zdfWr' to './imagem/coelho_eu.jpg' in /home2/unive271/public_html/cadastro_crianca_banco.php on line 73
[09-Dec-2019 21:10:35 America/Sao_Paulo] PHP Warning:  move_uploaded_file(./imagem/coelho_filha.jfif): failed to open stream: No such file or directory in /home2/unive271/public_html/cadastro_crianca_banco.php on line 74
[09-Dec-2019 21:10:35 America/Sao_Paulo] PHP Warning:  move_uploaded_file(): Unable to move '/tmp/phpqxkkrJ' to './imagem/coelho_filha.jfif' in /home2/unive271/public_html/cadastro_crianca_banco.php on line 74
[09-Dec-2019 21:10:35 America/Sao_Paulo] PHP Warning:  move_uploaded_file(./imagem/coelho_filha.jfif): failed to open stream: No such file or directory in /home2/unive271/public_html/cadastro_crianca_banco.php on line 75
[09-Dec-2019 21:10:35 America/Sao_Paulo] PHP Warning:  move_uploaded_file(): Unable to move '/tmp/phpsv5nW0' to './imagem/coelho_filha.jfif' in /home2/unive271/public_html/cadastro_crianca_banco.php on line 75
[09-Dec-2019 21:10:35 America/Fortaleza] PHP Fatal error:  Uncaught Error: Call to a member function fetchAll() on boolean in /home2/unive271/public_html/confirma_cadastro.php:27
Stack trace:
#0 {main}
  thrown in /home2/unive271/public_html/confirma_cadastro.php on line 27
[09-Dec-2019 21:35:17 America/Sao_Paulo] PHP Warning:  move_uploaded_file(./imagem/coelho_eu.jpg): failed to open stream: No such file or directory in /home2/unive271/public_html/cadastro_crianca_banco.php on line 72
[09-Dec-2019 21:35:17 America/Sao_Paulo] PHP Warning:  move_uploaded_file(): Unable to move '/tmp/php6HlgAw' to './imagem/coelho_eu.jpg' in /home2/unive271/public_html/cadastro_crianca_banco.php on line 72
[09-Dec-2019 21:35:17 America/Sao_Paulo] PHP Warning:  move_uploaded_file(./imagem/coelho_eu.jpg): failed to open stream: No such file or directory in /home2/unive271/public_html/cadastro_crianca_banco.php on line 73
[09-Dec-2019 21:35:17 America/Sao_Paulo] PHP Warning:  move_uploaded_file(): Unable to move '/tmp/php18Iaoe' to './imagem/coelho_eu.jpg' in /home2/unive271/public_html/cadastro_crianca_banco.php on line 73
[09-Dec-2019 21:35:17 America/Sao_Paulo] PHP Warning:  move_uploaded_file(./imagem/coelho_filha.jfif): failed to open stream: No such file or directory in /home2/unive271/public_html/cadastro_crianca_banco.php on line 74
[09-Dec-2019 21:35:17 America/Sao_Paulo] PHP Warning:  move_uploaded_file(): Unable to move '/tmp/phpS3tPDW' to './imagem/coelho_filha.jfif' in /home2/unive271/public_html/cadastro_crianca_banco.php on line 74
[09-Dec-2019 21:35:17 America/Sao_Paulo] PHP Warning:  move_uploaded_file(./imagem/coelho_filha.jfif): failed to open stream: No such file or directory in /home2/unive271/public_html/cadastro_crianca_banco.php on line 75
[09-Dec-2019 21:35:17 America/Sao_Paulo] PHP Warning:  move_uploaded_file(): Unable to move '/tmp/phppLtvTE' to './imagem/coelho_filha.jfif' in /home2/unive271/public_html/cadastro_crianca_banco.php on line 75
[09-Dec-2019 21:35:18 America/Fortaleza] PHP Fatal error:  Uncaught Error: Call to a member function fetchAll() on boolean in /home2/unive271/public_html/confirma_cadastro.php:27
Stack trace:
#0 {main}
  thrown in /home2/unive271/public_html/confirma_cadastro.php on line 27
[09-Dec-2019 21:36:26 America/Sao_Paulo] PHP Warning:  move_uploaded_file(./imagem/coelho_eu.jpg): failed to open stream: No such file or directory in /home2/unive271/public_html/cadastro_crianca_banco.php on line 72
[09-Dec-2019 21:36:26 America/Sao_Paulo] PHP Warning:  move_uploaded_file(): Unable to move '/tmp/phpN1Oslr' to './imagem/coelho_eu.jpg' in /home2/unive271/public_html/cadastro_crianca_banco.php on line 72
[09-Dec-2019 21:36:26 America/Sao_Paulo] PHP Warning:  move_uploaded_file(./imagem/coelho_eu.jpg): failed to open stream: No such file or directory in /home2/unive271/public_html/cadastro_crianca_banco.php on line 73
[09-Dec-2019 21:36:26 America/Sao_Paulo] PHP Warning:  move_uploaded_file(): Unable to move '/tmp/phpvSWF6M' to './imagem/coelho_eu.jpg' in /home2/unive271/public_html/cadastro_crianca_banco.php on line 73
[09-Dec-2019 21:36:26 America/Sao_Paulo] PHP Warning:  move_uploaded_file(./imagem/coelho_filha.jfif): failed to open stream: No such file or directory in /home2/unive271/public_html/cadastro_crianca_banco.php on line 74
[09-Dec-2019 21:36:26 America/Sao_Paulo] PHP Warning:  move_uploaded_file(): Unable to move '/tmp/phpbL5ai9' to './imagem/coelho_filha.jfif' in /home2/unive271/public_html/cadastro_crianca_banco.php on line 74
[09-Dec-2019 21:36:26 America/Sao_Paulo] PHP Warning:  move_uploaded_file(./imagem/coelho_filha.jfif): failed to open stream: No such file or directory in /home2/unive271/public_html/cadastro_crianca_banco.php on line 75
[09-Dec-2019 21:36:26 America/Sao_Paulo] PHP Warning:  move_uploaded_file(): Unable to move '/tmp/phpj7Rpvv' to './imagem/coelho_filha.jfif' in /home2/unive271/public_html/cadastro_crianca_banco.php on line 75
[09-Dec-2019 21:36:26 America/Fortaleza] PHP Fatal error:  Uncaught Error: Call to a member function fetchAll() on boolean in /home2/unive271/public_html/confirma_cadastro.php:27
Stack trace:
#0 {main}
  thrown in /home2/unive271/public_html/confirma_cadastro.php on line 27
[09-Dec-2019 21:40:23 America/Sao_Paulo] PHP Warning:  move_uploaded_file(./imagem/teste.html): failed to open stream: No such file or directory in /home2/unive271/public_html/cadastro_crianca_banco.php on line 72
[09-Dec-2019 21:40:23 America/Sao_Paulo] PHP Warning:  move_uploaded_file(): Unable to move '/tmp/phpWjT1ML' to './imagem/teste.html' in /home2/unive271/public_html/cadastro_crianca_banco.php on line 72
[09-Dec-2019 21:40:23 America/Sao_Paulo] PHP Warning:  move_uploaded_file(./imagem/teste.html): failed to open stream: No such file or directory in /home2/unive271/public_html/cadastro_crianca_banco.php on line 73
[09-Dec-2019 21:40:23 America/Sao_Paulo] PHP Warning:  move_uploaded_file(): Unable to move '/tmp/phpSbS7wi' to './imagem/teste.html' in /home2/unive271/public_html/cadastro_crianca_banco.php on line 73
[09-Dec-2019 21:40:23 America/Sao_Paulo] PHP Warning:  move_uploaded_file(./imagem/teste.html): failed to open stream: No such file or directory in /home2/unive271/public_html/cadastro_crianca_banco.php on line 74
[09-Dec-2019 21:40:23 America/Sao_Paulo] PHP Warning:  move_uploaded_file(): Unable to move '/tmp/phpWH9ahP' to './imagem/teste.html' in /home2/unive271/public_html/cadastro_crianca_banco.php on line 74
[09-Dec-2019 21:40:23 America/Sao_Paulo] PHP Warning:  move_uploaded_file(./imagem/teste.html): failed to open stream: No such file or directory in /home2/unive271/public_html/cadastro_crianca_banco.php on line 75
[09-Dec-2019 21:40:23 America/Sao_Paulo] PHP Warning:  move_uploaded_file(): Unable to move '/tmp/phpidQd1l' to './imagem/teste.html' in /home2/unive271/public_html/cadastro_crianca_banco.php on line 75
[09-Dec-2019 21:40:43 America/Fortaleza] PHP Parse error:  syntax error, unexpected '@', expecting ',' or ')' in /home2/unive271/public_html/envia_email.php on line 19
[09-Dec-2019 21:41:08 America/Sao_Paulo] PHP Warning:  move_uploaded_file(./imagem/coelho_eu.jpg): failed to open stream: No such file or directory in /home2/unive271/public_html/cadastro_crianca_banco.php on line 72
[09-Dec-2019 21:41:08 America/Sao_Paulo] PHP Warning:  move_uploaded_file(): Unable to move '/tmp/php0c6N3o' to './imagem/coelho_eu.jpg' in /home2/unive271/public_html/cadastro_crianca_banco.php on line 72
[09-Dec-2019 21:41:08 America/Sao_Paulo] PHP Warning:  move_uploaded_file(./imagem/coelho_filha.jfif): failed to open stream: No such file or directory in /home2/unive271/public_html/cadastro_crianca_banco.php on line 73
[09-Dec-2019 21:41:08 America/Sao_Paulo] PHP Warning:  move_uploaded_file(): Unable to move '/tmp/phpfyshbG' to './imagem/coelho_filha.jfif' in /home2/unive271/public_html/cadastro_crianca_banco.php on line 73
[09-Dec-2019 21:41:08 America/Sao_Paulo] PHP Warning:  move_uploaded_file(./imagem/coelho_eu.jpg): failed to open stream: No such file or directory in /home2/unive271/public_html/cadastro_crianca_banco.php on line 74
[09-Dec-2019 21:41:08 America/Sao_Paulo] PHP Warning:  move_uploaded_file(): Unable to move '/tmp/phpigkHiX' to './imagem/coelho_eu.jpg' in /home2/unive271/public_html/cadastro_crianca_banco.php on line 74
[09-Dec-2019 21:41:08 America/Sao_Paulo] PHP Warning:  move_uploaded_file(./imagem/coelho_eu.jpg): failed to open stream: No such file or directory in /home2/unive271/public_html/cadastro_crianca_banco.php on line 75
[09-Dec-2019 21:41:08 America/Sao_Paulo] PHP Warning:  move_uploaded_file(): Unable to move '/tmp/phpjPisTe' to './imagem/coelho_eu.jpg' in /home2/unive271/public_html/cadastro_crianca_banco.php on line 75
[09-Dec-2019 21:41:08 America/Fortaleza] PHP Fatal error:  Uncaught Error: Call to a member function fetchAll() on boolean in /home2/unive271/public_html/confirma_cadastro.php:27
Stack trace:
#0 {main}
  thrown in /home2/unive271/public_html/confirma_cadastro.php on line 27
[09-Dec-2019 21:42:45 America/Sao_Paulo] PHP Warning:  move_uploaded_file(./imagem/teste.html): failed to open stream: No such file or directory in /home2/unive271/public_html/cadastro_crianca_banco.php on line 72
[09-Dec-2019 21:42:45 America/Sao_Paulo] PHP Warning:  move_uploaded_file(): Unable to move '/tmp/phpLcFSl2' to './imagem/teste.html' in /home2/unive271/public_html/cadastro_crianca_banco.php on line 72
[09-Dec-2019 21:42:45 America/Sao_Paulo] PHP Warning:  move_uploaded_file(./imagem/teste.html): failed to open stream: No such file or directory in /home2/unive271/public_html/cadastro_crianca_banco.php on line 73
[09-Dec-2019 21:42:45 America/Sao_Paulo] PHP Warning:  move_uploaded_file(): Unable to move '/tmp/phpBbdzX5' to './imagem/teste.html' in /home2/unive271/public_html/cadastro_crianca_banco.php on line 73
[09-Dec-2019 21:42:45 America/Sao_Paulo] PHP Warning:  move_uploaded_file(./imagem/teste.html): failed to open stream: No such file or directory in /home2/unive271/public_html/cadastro_crianca_banco.php on line 74
[09-Dec-2019 21:42:45 America/Sao_Paulo] PHP Warning:  move_uploaded_file(): Unable to move '/tmp/phpDl4cz9' to './imagem/teste.html' in /home2/unive271/public_html/cadastro_crianca_banco.php on line 74
[09-Dec-2019 21:42:45 America/Sao_Paulo] PHP Warning:  move_uploaded_file(./imagem/teste.html): failed to open stream: No such file or directory in /home2/unive271/public_html/cadastro_crianca_banco.php on line 75
[09-Dec-2019 21:42:45 America/Sao_Paulo] PHP Warning:  move_uploaded_file(): Unable to move '/tmp/phpVHjQad' to './imagem/teste.html' in /home2/unive271/public_html/cadastro_crianca_banco.php on line 75
[09-Dec-2019 21:43:02 America/Fortaleza] PHP Parse error:  syntax error, unexpected '@', expecting ',' or ')' in /home2/unive271/public_html/envia_email.php on line 19
[09-Dec-2019 21:44:09 America/Sao_Paulo] PHP Warning:  move_uploaded_file(./imagem/coelho_eu.jpg): failed to open stream: No such file or directory in /home2/unive271/public_html/cadastro_crianca_banco.php on line 72
[09-Dec-2019 21:44:09 America/Sao_Paulo] PHP Warning:  move_uploaded_file(): Unable to move '/tmp/phpTgebGK' to './imagem/coelho_eu.jpg' in /home2/unive271/public_html/cadastro_crianca_banco.php on line 72
[09-Dec-2019 21:44:09 America/Sao_Paulo] PHP Warning:  move_uploaded_file(./imagem/coelho_eu.jpg): failed to open stream: No such file or directory in /home2/unive271/public_html/cadastro_crianca_banco.php on line 73
[09-Dec-2019 21:44:09 America/Sao_Paulo] PHP Warning:  move_uploaded_file(): Unable to move '/tmp/phpCoaL20' to './imagem/coelho_eu.jpg' in /home2/unive271/public_html/cadastro_crianca_banco.php on line 73
[09-Dec-2019 21:44:09 America/Sao_Paulo] PHP Warning:  move_uploaded_file(./imagem/coelho_eu.jpg): failed to open stream: No such file or directory in /home2/unive271/public_html/cadastro_crianca_banco.php on line 74
[09-Dec-2019 21:44:09 America/Sao_Paulo] PHP Warning:  move_uploaded_file(): Unable to move '/tmp/phpNEXZii' to './imagem/coelho_eu.jpg' in /home2/unive271/public_html/cadastro_crianca_banco.php on line 74
[09-Dec-2019 21:44:09 America/Sao_Paulo] PHP Warning:  move_uploaded_file(./imagem/coelho_eu.jpg): failed to open stream: No such file or directory in /home2/unive271/public_html/cadastro_crianca_banco.php on line 75
[09-Dec-2019 21:44:09 America/Sao_Paulo] PHP Warning:  move_uploaded_file(): Unable to move '/tmp/phpauzW2z' to './imagem/coelho_eu.jpg' in /home2/unive271/public_html/cadastro_crianca_banco.php on line 75
[09-Dec-2019 21:44:09 America/Fortaleza] PHP Fatal error:  Uncaught Error: Call to a member function fetchAll() on boolean in /home2/unive271/public_html/confirma_cadastro.php:27
Stack trace:
#0 {main}
  thrown in /home2/unive271/public_html/confirma_cadastro.php on line 27
[09-Dec-2019 21:45:03 America/Sao_Paulo] PHP Warning:  move_uploaded_file(./imagem/coelho_eu.jpg): failed to open stream: No such file or directory in /home2/unive271/public_html/cadastro_crianca_banco.php on line 72
[09-Dec-2019 21:45:03 America/Sao_Paulo] PHP Warning:  move_uploaded_file(): Unable to move '/tmp/php6gJ2U0' to './imagem/coelho_eu.jpg' in /home2/unive271/public_html/cadastro_crianca_banco.php on line 72
[09-Dec-2019 21:45:03 America/Sao_Paulo] PHP Warning:  move_uploaded_file(./imagem/coelho_eu.jpg): failed to open stream: No such file or directory in /home2/unive271/public_html/cadastro_crianca_banco.php on line 73
[09-Dec-2019 21:45:03 America/Sao_Paulo] PHP Warning:  move_uploaded_file(): Unable to move '/tmp/phpyTrcon' to './imagem/coelho_eu.jpg' in /home2/unive271/public_html/cadastro_crianca_banco.php on line 73
[09-Dec-2019 21:45:03 America/Sao_Paulo] PHP Warning:  move_uploaded_file(./imagem/coelho_eu.jpg): failed to open stream: No such file or directory in /home2/unive271/public_html/cadastro_crianca_banco.php on line 74
[09-Dec-2019 21:45:03 America/Sao_Paulo] PHP Warning:  move_uploaded_file(): Unable to move '/tmp/phpq5BVhK' to './imagem/coelho_eu.jpg' in /home2/unive271/public_html/cadastro_crianca_banco.php on line 74
[09-Dec-2019 21:45:03 America/Sao_Paulo] PHP Warning:  move_uploaded_file(./imagem/coelho_eu.jpg): failed to open stream: No such file or directory in /home2/unive271/public_html/cadastro_crianca_banco.php on line 75
[09-Dec-2019 21:45:03 America/Sao_Paulo] PHP Warning:  move_uploaded_file(): Unable to move '/tmp/phpEIljC7' to './imagem/coelho_eu.jpg' in /home2/unive271/public_html/cadastro_crianca_banco.php on line 75
[09-Dec-2019 21:45:03 America/Fortaleza] PHP Fatal error:  Uncaught Error: Call to a member function fetchAll() on boolean in /home2/unive271/public_html/confirma_cadastro.php:27
Stack trace:
#0 {main}
  thrown in /home2/unive271/public_html/confirma_cadastro.php on line 27
[09-Dec-2019 21:45:24 America/Fortaleza] PHP Parse error:  syntax error, unexpected '@', expecting ',' or ')' in /home2/unive271/public_html/envia_email.php on line 19
[09-Dec-2019 21:46:23 America/Fortaleza] PHP Fatal error:  Uncaught Error: Call to a member function fetchAll() on boolean in /home2/unive271/public_html/confirma_cadastro.php:27
Stack trace:
#0 {main}
  thrown in /home2/unive271/public_html/confirma_cadastro.php on line 27
[09-Dec-2019 21:46:27 America/Fortaleza] PHP Fatal error:  Uncaught Error: Call to a member function fetchAll() on boolean in /home2/unive271/public_html/confirma_cadastro.php:27
Stack trace:
#0 {main}
  thrown in /home2/unive271/public_html/confirma_cadastro.php on line 27
[09-Dec-2019 21:46:58 America/Sao_Paulo] PHP Warning:  move_uploaded_file(./imagem/coelho_eu.jpg): failed to open stream: No such file or directory in /home2/unive271/public_html/cadastro_crianca_banco.php on line 72
[09-Dec-2019 21:46:58 America/Sao_Paulo] PHP Warning:  move_uploaded_file(): Unable to move '/tmp/phpIB1Axx' to './imagem/coelho_eu.jpg' in /home2/unive271/public_html/cadastro_crianca_banco.php on line 72
[09-Dec-2019 21:46:58 America/Sao_Paulo] PHP Warning:  move_uploaded_file(./imagem/coelho_eu.jpg): failed to open stream: No such file or directory in /home2/unive271/public_html/cadastro_crianca_banco.php on line 73
[09-Dec-2019 21:46:58 America/Sao_Paulo] PHP Warning:  move_uploaded_file(): Unable to move '/tmp/php3bOojm' to './imagem/coelho_eu.jpg' in /home2/unive271/public_html/cadastro_crianca_banco.php on line 73
[09-Dec-2019 21:46:58 America/Sao_Paulo] PHP Warning:  move_uploaded_file(./imagem/coelho_eu.jpg): failed to open stream: No such file or directory in /home2/unive271/public_html/cadastro_crianca_banco.php on line 74
[09-Dec-2019 21:46:58 America/Sao_Paulo] PHP Warning:  move_uploaded_file(): Unable to move '/tmp/phpwQu2wb' to './imagem/coelho_eu.jpg' in /home2/unive271/public_html/cadastro_crianca_banco.php on line 74
[09-Dec-2019 21:46:58 America/Sao_Paulo] PHP Warning:  move_uploaded_file(./imagem/coelho_eu.jpg): failed to open stream: No such file or directory in /home2/unive271/public_html/cadastro_crianca_banco.php on line 75
[09-Dec-2019 21:46:58 America/Sao_Paulo] PHP Warning:  move_uploaded_file(): Unable to move '/tmp/phpBHt8C1' to './imagem/coelho_eu.jpg' in /home2/unive271/public_html/cadastro_crianca_banco.php on line 75
[09-Dec-2019 21:46:58 America/Fortaleza] PHP Fatal error:  Uncaught Error: Call to a member function fetchAll() on boolean in /home2/unive271/public_html/confirma_cadastro.php:27
Stack trace:
#0 {main}
  thrown in /home2/unive271/public_html/confirma_cadastro.php on line 27
[09-Dec-2019 21:48:15 America/Sao_Paulo] PHP Warning:  move_uploaded_file(./imagem/coelho_eu.jpg): failed to open stream: No such file or directory in /home2/unive271/public_html/cadastro_crianca_banco.php on line 72
[09-Dec-2019 21:48:15 America/Sao_Paulo] PHP Warning:  move_uploaded_file(): Unable to move '/tmp/phpw0r7IM' to './imagem/coelho_eu.jpg' in /home2/unive271/public_html/cadastro_crianca_banco.php on line 72
[09-Dec-2019 21:48:15 America/Sao_Paulo] PHP Warning:  move_uploaded_file(./imagem/coelho_eu.jpg): failed to open stream: No such file or directory in /home2/unive271/public_html/cadastro_crianca_banco.php on line 73
[09-Dec-2019 21:48:15 America/Sao_Paulo] PHP Warning:  move_uploaded_file(): Unable to move '/tmp/php8Skn1A' to './imagem/coelho_eu.jpg' in /home2/unive271/public_html/cadastro_crianca_banco.php on line 73
[09-Dec-2019 21:48:15 America/Sao_Paulo] PHP Warning:  move_uploaded_file(./imagem/coelho_filha.jfif): failed to open stream: No such file or directory in /home2/unive271/public_html/cadastro_crianca_banco.php on line 74
[09-Dec-2019 21:48:15 America/Sao_Paulo] PHP Warning:  move_uploaded_file(): Unable to move '/tmp/phpCiIdJp' to './imagem/coelho_filha.jfif' in /home2/unive271/public_html/cadastro_crianca_banco.php on line 74
[09-Dec-2019 21:48:15 America/Sao_Paulo] PHP Warning:  move_uploaded_file(./imagem/coelho_filha.jfif): failed to open stream: No such file or directory in /home2/unive271/public_html/cadastro_crianca_banco.php on line 75
[09-Dec-2019 21:48:15 America/Sao_Paulo] PHP Warning:  move_uploaded_file(): Unable to move '/tmp/phpuU01re' to './imagem/coelho_filha.jfif' in /home2/unive271/public_html/cadastro_crianca_banco.php on line 75
[09-Dec-2019 21:48:15 America/Fortaleza] PHP Fatal error:  Uncaught Error: Call to a member function fetchAll() on boolean in /home2/unive271/public_html/confirma_cadastro.php:27
Stack trace:
#0 {main}
  thrown in /home2/unive271/public_html/confirma_cadastro.php on line 27
[09-Dec-2019 21:57:19 America/Fortaleza] PHP Parse error:  syntax error, unexpected 'alert' (T_STRING) in /home2/unive271/public_html/processa_fale_conosco.php on line 31
[09-Dec-2019 21:57:55 America/Fortaleza] PHP Parse error:  syntax error, unexpected '<', expecting end of file in /home2/unive271/public_html/envia_email.php on line 65
[09-Dec-2019 21:58:26 America/Fortaleza] PHP Notice:  Undefined variable: email in /home2/unive271/public_html/envia_email.php on line 73
[09-Dec-2019 22:01:25 America/Sao_Paulo] PHP Warning:  move_uploaded_file(./imagem/teste.html): failed to open stream: No such file or directory in /home2/unive271/public_html/cadastro_crianca_banco.php on line 72
[09-Dec-2019 22:01:25 America/Sao_Paulo] PHP Warning:  move_uploaded_file(): Unable to move '/tmp/phpEHgV3b' to './imagem/teste.html' in /home2/unive271/public_html/cadastro_crianca_banco.php on line 72
[09-Dec-2019 22:01:25 America/Sao_Paulo] PHP Warning:  move_uploaded_file(./imagem/teste.html): failed to open stream: No such file or directory in /home2/unive271/public_html/cadastro_crianca_banco.php on line 73
[09-Dec-2019 22:01:25 America/Sao_Paulo] PHP Warning:  move_uploaded_file(): Unable to move '/tmp/php9N0RUC' to './imagem/teste.html' in /home2/unive271/public_html/cadastro_crianca_banco.php on line 73
[09-Dec-2019 22:01:25 America/Sao_Paulo] PHP Warning:  move_uploaded_file(./imagem/teste.html): failed to open stream: No such file or directory in /home2/unive271/public_html/cadastro_crianca_banco.php on line 74
[09-Dec-2019 22:01:25 America/Sao_Paulo] PHP Warning:  move_uploaded_file(): Unable to move '/tmp/phpMUxPL3' to './imagem/teste.html' in /home2/unive271/public_html/cadastro_crianca_banco.php on line 74
[09-Dec-2019 22:01:25 America/Sao_Paulo] PHP Warning:  move_uploaded_file(./imagem/teste.html): failed to open stream: No such file or directory in /home2/unive271/public_html/cadastro_crianca_banco.php on line 75
[09-Dec-2019 22:01:25 America/Sao_Paulo] PHP Warning:  move_uploaded_file(): Unable to move '/tmp/phprjoLCu' to './imagem/teste.html' in /home2/unive271/public_html/cadastro_crianca_banco.php on line 75
[09-Dec-2019 22:04:33 America/Sao_Paulo] PHP Warning:  move_uploaded_file(./imagem/bootstrap.min.js): failed to open stream: No such file or directory in /home2/unive271/public_html/cadastro_crianca_banco.php on line 72
[09-Dec-2019 22:04:33 America/Sao_Paulo] PHP Warning:  move_uploaded_file(): Unable to move '/tmp/phpk2nhBc' to './imagem/bootstrap.min.js' in /home2/unive271/public_html/cadastro_crianca_banco.php on line 72
[09-Dec-2019 22:04:33 America/Sao_Paulo] PHP Warning:  move_uploaded_file(./imagem/bootstrap.min.js): failed to open stream: No such file or directory in /home2/unive271/public_html/cadastro_crianca_banco.php on line 73
[09-Dec-2019 22:04:33 America/Sao_Paulo] PHP Warning:  move_uploaded_file(): Unable to move '/tmp/phpW1tryS' to './imagem/bootstrap.min.js' in /home2/unive271/public_html/cadastro_crianca_banco.php on line 73
[09-Dec-2019 22:04:33 America/Sao_Paulo] PHP Warning:  move_uploaded_file(./imagem/bootstrap.min.js): failed to open stream: No such file or directory in /home2/unive271/public_html/cadastro_crianca_banco.php on line 74
[09-Dec-2019 22:04:33 America/Sao_Paulo] PHP Warning:  move_uploaded_file(): Unable to move '/tmp/phpYLipXy' to './imagem/bootstrap.min.js' in /home2/unive271/public_html/cadastro_crianca_banco.php on line 74
[09-Dec-2019 22:04:33 America/Sao_Paulo] PHP Warning:  move_uploaded_file(./imagem/bootstrap.min.js): failed to open stream: No such file or directory in /home2/unive271/public_html/cadastro_crianca_banco.php on line 75
[09-Dec-2019 22:04:33 America/Sao_Paulo] PHP Warning:  move_uploaded_file(): Unable to move '/tmp/phpIjdpSf' to './imagem/bootstrap.min.js' in /home2/unive271/public_html/cadastro_crianca_banco.php on line 75
[09-Dec-2019 22:05:59 America/Fortaleza] PHP Fatal error:  Uncaught Error: Call to a member function fetchAll() on boolean in /home2/unive271/public_html/confirma_cadastro.php:27
Stack trace:
#0 {main}
  thrown in /home2/unive271/public_html/confirma_cadastro.php on line 27
[09-Dec-2019 22:07:10 America/Sao_Paulo] PHP Warning:  move_uploaded_file(./imagem/bootstrap.min.js): failed to open stream: No such file or directory in /home2/unive271/public_html/cadastro_crianca_banco.php on line 72
[09-Dec-2019 22:07:10 America/Sao_Paulo] PHP Warning:  move_uploaded_file(): Unable to move '/tmp/phpZczlES' to './imagem/bootstrap.min.js' in /home2/unive271/public_html/cadastro_crianca_banco.php on line 72
[09-Dec-2019 22:07:10 America/Sao_Paulo] PHP Warning:  move_uploaded_file(./imagem/bootstrap.min.js): failed to open stream: No such file or directory in /home2/unive271/public_html/cadastro_crianca_banco.php on line 73
[09-Dec-2019 22:07:10 America/Sao_Paulo] PHP Warning:  move_uploaded_file(): Unable to move '/tmp/phphTNIqE' to './imagem/bootstrap.min.js' in /home2/unive271/public_html/cadastro_crianca_banco.php on line 73
[09-Dec-2019 22:07:10 America/Sao_Paulo] PHP Warning:  move_uploaded_file(./imagem/bootstrap.min.js): failed to open stream: No such file or directory in /home2/unive271/public_html/cadastro_crianca_banco.php on line 74
[09-Dec-2019 22:07:10 America/Sao_Paulo] PHP Warning:  move_uploaded_file(): Unable to move '/tmp/phpRH6Hjq' to './imagem/bootstrap.min.js' in /home2/unive271/public_html/cadastro_crianca_banco.php on line 74
[09-Dec-2019 22:07:10 America/Sao_Paulo] PHP Warning:  move_uploaded_file(./imagem/bootstrap.min.js): failed to open stream: No such file or directory in /home2/unive271/public_html/cadastro_crianca_banco.php on line 75
[09-Dec-2019 22:07:10 America/Sao_Paulo] PHP Warning:  move_uploaded_file(): Unable to move '/tmp/php1HEEcc' to './imagem/bootstrap.min.js' in /home2/unive271/public_html/cadastro_crianca_banco.php on line 75
[09-Dec-2019 22:10:45 America/Sao_Paulo] PHP Warning:  move_uploaded_file(./imagem/coelho_eu.jpg): failed to open stream: No such file or directory in /home2/unive271/public_html/cadastro_crianca_banco.php on line 72
[09-Dec-2019 22:10:45 America/Sao_Paulo] PHP Warning:  move_uploaded_file(): Unable to move '/tmp/php3R7goR' to './imagem/coelho_eu.jpg' in /home2/unive271/public_html/cadastro_crianca_banco.php on line 72
[09-Dec-2019 22:10:45 America/Sao_Paulo] PHP Warning:  move_uploaded_file(./imagem/coelho_eu.jpg): failed to open stream: No such file or directory in /home2/unive271/public_html/cadastro_crianca_banco.php on line 73
[09-Dec-2019 22:10:45 America/Sao_Paulo] PHP Warning:  move_uploaded_file(): Unable to move '/tmp/phpEOkx6W' to './imagem/coelho_eu.jpg' in /home2/unive271/public_html/cadastro_crianca_banco.php on line 73
[09-Dec-2019 22:10:45 America/Sao_Paulo] PHP Warning:  move_uploaded_file(./imagem/coelho_eu.jpg): failed to open stream: No such file or directory in /home2/unive271/public_html/cadastro_crianca_banco.php on line 74
[09-Dec-2019 22:10:45 America/Sao_Paulo] PHP Warning:  move_uploaded_file(): Unable to move '/tmp/phpZmgfe3' to './imagem/coelho_eu.jpg' in /home2/unive271/public_html/cadastro_crianca_banco.php on line 74
[09-Dec-2019 22:10:45 America/Sao_Paulo] PHP Warning:  move_uploaded_file(./imagem/coelho_eu.jpg): failed to open stream: No such file or directory in /home2/unive271/public_html/cadastro_crianca_banco.php on line 75
[09-Dec-2019 22:10:45 America/Sao_Paulo] PHP Warning:  move_uploaded_file(): Unable to move '/tmp/php6a0MI9' to './imagem/coelho_eu.jpg' in /home2/unive271/public_html/cadastro_crianca_banco.php on line 75
[09-Dec-2019 22:10:45 America/Fortaleza] PHP Fatal error:  Uncaught Error: Call to a member function fetchAll() on boolean in /home2/unive271/public_html/confirma_cadastro.php:27
Stack trace:
#0 {main}
  thrown in /home2/unive271/public_html/confirma_cadastro.php on line 27
[09-Dec-2019 22:12:38 America/Fortaleza] PHP Fatal error:  Uncaught Error: Call to a member function fetchAll() on boolean in /home2/unive271/public_html/confirma_cadastro.php:27
Stack trace:
#0 {main}
  thrown in /home2/unive271/public_html/confirma_cadastro.php on line 27
[09-Dec-2019 22:12:57 America/Fortaleza] PHP Fatal error:  Uncaught Error: Call to a member function fetchAll() on boolean in /home2/unive271/public_html/confirma_cadastro.php:27
Stack trace:
#0 {main}
  thrown in /home2/unive271/public_html/confirma_cadastro.php on line 27
[09-Dec-2019 22:14:31 America/Sao_Paulo] PHP Warning:  move_uploaded_file(./imagem/coelho_filha.jfif): failed to open stream: No such file or directory in /home2/unive271/public_html/cadastro_crianca_banco.php on line 72
[09-Dec-2019 22:14:31 America/Sao_Paulo] PHP Warning:  move_uploaded_file(): Unable to move '/tmp/phpLoeT9I' to './imagem/coelho_filha.jfif' in /home2/unive271/public_html/cadastro_crianca_banco.php on line 72
[09-Dec-2019 22:14:31 America/Sao_Paulo] PHP Warning:  move_uploaded_file(./imagem/coelho_eu.jpg): failed to open stream: No such file or directory in /home2/unive271/public_html/cadastro_crianca_banco.php on line 73
[09-Dec-2019 22:14:31 America/Sao_Paulo] PHP Warning:  move_uploaded_file(): Unable to move '/tmp/phpgIghxz' to './imagem/coelho_eu.jpg' in /home2/unive271/public_html/cadastro_crianca_banco.php on line 73
[09-Dec-2019 22:14:31 America/Sao_Paulo] PHP Warning:  move_uploaded_file(./imagem/coelho_eu.jpg): failed to open stream: No such file or directory in /home2/unive271/public_html/cadastro_crianca_banco.php on line 74
[09-Dec-2019 22:14:31 America/Sao_Paulo] PHP Warning:  move_uploaded_file(): Unable to move '/tmp/phpLPRViq' to './imagem/coelho_eu.jpg' in /home2/unive271/public_html/cadastro_crianca_banco.php on line 74
[09-Dec-2019 22:14:31 America/Sao_Paulo] PHP Warning:  move_uploaded_file(./imagem/coelho_filha.jfif): failed to open stream: No such file or directory in /home2/unive271/public_html/cadastro_crianca_banco.php on line 75
[09-Dec-2019 22:14:31 America/Sao_Paulo] PHP Warning:  move_uploaded_file(): Unable to move '/tmp/phpecshUh' to './imagem/coelho_filha.jfif' in /home2/unive271/public_html/cadastro_crianca_banco.php on line 75
[09-Dec-2019 22:14:40 America/Sao_Paulo] PHP Warning:  move_uploaded_file(./imagem/teste.html): failed to open stream: No such file or directory in /home2/unive271/public_html/cadastro_crianca_banco.php on line 72
[09-Dec-2019 22:14:40 America/Sao_Paulo] PHP Warning:  move_uploaded_file(): Unable to move '/tmp/phpXQZSzo' to './imagem/teste.html' in /home2/unive271/public_html/cadastro_crianca_banco.php on line 72
[09-Dec-2019 22:14:40 America/Sao_Paulo] PHP Warning:  move_uploaded_file(./imagem/teste.html): failed to open stream: No such file or directory in /home2/unive271/public_html/cadastro_crianca_banco.php on line 73
[09-Dec-2019 22:14:40 America/Sao_Paulo] PHP Warning:  move_uploaded_file(): Unable to move '/tmp/phpyTiqqB' to './imagem/teste.html' in /home2/unive271/public_html/cadastro_crianca_banco.php on line 73
[09-Dec-2019 22:14:40 America/Sao_Paulo] PHP Warning:  move_uploaded_file(./imagem/teste.html): failed to open stream: No such file or directory in /home2/unive271/public_html/cadastro_crianca_banco.php on line 74
[09-Dec-2019 22:14:40 America/Sao_Paulo] PHP Warning:  move_uploaded_file(): Unable to move '/tmp/phpPIUWgO' to './imagem/teste.html' in /home2/unive271/public_html/cadastro_crianca_banco.php on line 74
[09-Dec-2019 22:14:40 America/Sao_Paulo] PHP Warning:  move_uploaded_file(./imagem/teste.html): failed to open stream: No such file or directory in /home2/unive271/public_html/cadastro_crianca_banco.php on line 75
[09-Dec-2019 22:14:40 America/Sao_Paulo] PHP Warning:  move_uploaded_file(): Unable to move '/tmp/phpsI3t70' to './imagem/teste.html' in /home2/unive271/public_html/cadastro_crianca_banco.php on line 75
[09-Dec-2019 22:21:08 America/Fortaleza] PHP Fatal error:  Uncaught Error: Call to a member function fetchAll() on boolean in /home2/unive271/public_html/confirma_cadastro.php:27
Stack trace:
#0 {main}
  thrown in /home2/unive271/public_html/confirma_cadastro.php on line 27
[09-Dec-2019 22:21:13 America/Fortaleza] PHP Fatal error:  Uncaught Error: Call to a member function fetchAll() on boolean in /home2/unive271/public_html/confirma_cadastro.php:27
Stack trace:
#0 {main}
  thrown in /home2/unive271/public_html/confirma_cadastro.php on line 27
[09-Dec-2019 22:21:43 America/Sao_Paulo] PHP Warning:  move_uploaded_file(./imagem/coelho_filha.jfif): failed to open stream: No such file or directory in /home2/unive271/public_html/cadastro_crianca_banco.php on line 72
[09-Dec-2019 22:21:43 America/Sao_Paulo] PHP Warning:  move_uploaded_file(): Unable to move '/tmp/phpTXtMgZ' to './imagem/coelho_filha.jfif' in /home2/unive271/public_html/cadastro_crianca_banco.php on line 72
[09-Dec-2019 22:21:43 America/Sao_Paulo] PHP Warning:  move_uploaded_file(./imagem/coelho_eu.jpg): failed to open stream: No such file or directory in /home2/unive271/public_html/cadastro_crianca_banco.php on line 73
[09-Dec-2019 22:21:43 America/Sao_Paulo] PHP Warning:  move_uploaded_file(): Unable to move '/tmp/phpLpMJoA' to './imagem/coelho_eu.jpg' in /home2/unive271/public_html/cadastro_crianca_banco.php on line 73
[09-Dec-2019 22:21:43 America/Sao_Paulo] PHP Warning:  move_uploaded_file(./imagem/coelho_eu.jpg): failed to open stream: No such file or directory in /home2/unive271/public_html/cadastro_crianca_banco.php on line 74
[09-Dec-2019 22:21:43 America/Sao_Paulo] PHP Warning:  move_uploaded_file(): Unable to move '/tmp/phplJCwYb' to './imagem/coelho_eu.jpg' in /home2/unive271/public_html/cadastro_crianca_banco.php on line 74
[09-Dec-2019 22:21:43 America/Sao_Paulo] PHP Warning:  move_uploaded_file(./imagem/coelho_filha.jfif): failed to open stream: No such file or directory in /home2/unive271/public_html/cadastro_crianca_banco.php on line 75
[09-Dec-2019 22:21:43 America/Sao_Paulo] PHP Warning:  move_uploaded_file(): Unable to move '/tmp/phptyzF0N' to './imagem/coelho_filha.jfif' in /home2/unive271/public_html/cadastro_crianca_banco.php on line 75
[09-Dec-2019 22:21:48 America/Fortaleza] PHP Notice:  Undefined variable: nm_pessoa in /home2/unive271/public_html/envia_email.php on line 23
[09-Dec-2019 22:21:48 America/Fortaleza] PHP Warning:  mail() expects parameter 4 to be string, object given in /home2/unive271/public_html/envia_email.php on line 36
[09-Dec-2019 22:21:48 America/Fortaleza] PHP Warning:  Cannot modify header information - headers already sent by (output started at /home2/unive271/public_html/envia_email.php:23) in /home2/unive271/public_html/envia_email.php on line 38
[09-Dec-2019 22:22:31 America/Fortaleza] PHP Notice:  Undefined variable: nm_pessoa in /home2/unive271/public_html/envia_email.php on line 23
[09-Dec-2019 22:22:31 America/Fortaleza] PHP Warning:  mail() expects parameter 4 to be string, object given in /home2/unive271/public_html/envia_email.php on line 36
[09-Dec-2019 22:22:31 America/Fortaleza] PHP Warning:  Cannot modify header information - headers already sent by (output started at /home2/unive271/public_html/envia_email.php:23) in /home2/unive271/public_html/envia_email.php on line 38
[09-Dec-2019 22:22:36 America/Fortaleza] PHP Notice:  Undefined variable: nm_pessoa in /home2/unive271/public_html/envia_email.php on line 23
[09-Dec-2019 22:22:36 America/Fortaleza] PHP Warning:  mail() expects parameter 4 to be string, object given in /home2/unive271/public_html/envia_email.php on line 36
[09-Dec-2019 22:22:36 America/Fortaleza] PHP Warning:  Cannot modify header information - headers already sent by (output started at /home2/unive271/public_html/envia_email.php:23) in /home2/unive271/public_html/envia_email.php on line 38
[09-Dec-2019 22:23:37 America/Sao_Paulo] PHP Warning:  move_uploaded_file(./imagem/coelho_filha.jfif): failed to open stream: No such file or directory in /home2/unive271/public_html/cadastro_crianca_banco.php on line 72
[09-Dec-2019 22:23:37 America/Sao_Paulo] PHP Warning:  move_uploaded_file(): Unable to move '/tmp/phpqZXDAF' to './imagem/coelho_filha.jfif' in /home2/unive271/public_html/cadastro_crianca_banco.php on line 72
[09-Dec-2019 22:23:37 America/Sao_Paulo] PHP Warning:  move_uploaded_file(./imagem/coelho_eu.jpg): failed to open stream: No such file or directory in /home2/unive271/public_html/cadastro_crianca_banco.php on line 73
[09-Dec-2019 22:23:37 America/Sao_Paulo] PHP Warning:  move_uploaded_file(): Unable to move '/tmp/phpP4J87G' to './imagem/coelho_eu.jpg' in /home2/unive271/public_html/cadastro_crianca_banco.php on line 73
[09-Dec-2019 22:23:37 America/Sao_Paulo] PHP Warning:  move_uploaded_file(./imagem/coelho_eu.jpg): failed to open stream: No such file or directory in /home2/unive271/public_html/cadastro_crianca_banco.php on line 74
[09-Dec-2019 22:23:37 America/Sao_Paulo] PHP Warning:  move_uploaded_file(): Unable to move '/tmp/phpeHUy6I' to './imagem/coelho_eu.jpg' in /home2/unive271/public_html/cadastro_crianca_banco.php on line 74
[09-Dec-2019 22:23:37 America/Sao_Paulo] PHP Warning:  move_uploaded_file(./imagem/coelho_filha.jfif): failed to open stream: No such file or directory in /home2/unive271/public_html/cadastro_crianca_banco.php on line 75
[09-Dec-2019 22:23:37 America/Sao_Paulo] PHP Warning:  move_uploaded_file(): Unable to move '/tmp/phpDaE8uL' to './imagem/coelho_filha.jfif' in /home2/unive271/public_html/cadastro_crianca_banco.php on line 75
[09-Dec-2019 22:23:46 America/Fortaleza] PHP Notice:  Undefined variable: mail in /home2/unive271/public_html/envia_email.php on line 36
[09-Dec-2019 22:23:46 America/Fortaleza] PHP Fatal error:  Uncaught Error: Function name must be a string in /home2/unive271/public_html/envia_email.php:36
Stack trace:
#0 {main}
  thrown in /home2/unive271/public_html/envia_email.php on line 36
[09-Dec-2019 22:24:19 America/Fortaleza] PHP Notice:  Undefined variable: mail in /home2/unive271/public_html/envia_email.php on line 36
[09-Dec-2019 22:24:19 America/Fortaleza] PHP Fatal error:  Uncaught Error: Function name must be a string in /home2/unive271/public_html/envia_email.php:36
Stack trace:
#0 {main}
  thrown in /home2/unive271/public_html/envia_email.php on line 36
[09-Dec-2019 22:25:39 America/Sao_Paulo] PHP Warning:  move_uploaded_file(./imagem/gotas-de-oleo-na-imagem-abstrata-padrao-psicodelico-de-agua_23-2148290141.jpg): failed to open stream: No such file or directory in /home2/unive271/public_html/cadastro_crianca_banco.php on line 72
[09-Dec-2019 22:25:39 America/Sao_Paulo] PHP Warning:  move_uploaded_file(): Unable to move '/tmp/phpKDtviV' to './imagem/gotas-de-oleo-na-imagem-abstrata-padrao-psicodelico-de-agua_23-2148290141.jpg' in /home2/unive271/public_html/cadastro_crianca_banco.php on line 72
[09-Dec-2019 22:25:39 America/Sao_Paulo] PHP Warning:  move_uploaded_file(./imagem/gotas-de-oleo-na-imagem-abstrata-padrao-psicodelico-de-agua_23-2148290141.jpg): failed to open stream: No such file or directory in /home2/unive271/public_html/cadastro_crianca_banco.php on line 73
[09-Dec-2019 22:25:39 America/Sao_Paulo] PHP Warning:  move_uploaded_file(): Unable to move '/tmp/phpPOa6XE' to './imagem/gotas-de-oleo-na-imagem-abstrata-padrao-psicodelico-de-agua_23-2148290141.jpg' in /home2/unive271/public_html/cadastro_crianca_banco.php on line 73
[09-Dec-2019 22:25:39 America/Sao_Paulo] PHP Warning:  move_uploaded_file(./imagem/gotas-de-oleo-na-imagem-abstrata-padrao-psicodelico-de-agua_23-2148290141.jpg): failed to open stream: No such file or directory in /home2/unive271/public_html/cadastro_crianca_banco.php on line 74
[09-Dec-2019 22:25:39 America/Sao_Paulo] PHP Warning:  move_uploaded_file(): Unable to move '/tmp/phpsEQ56o' to './imagem/gotas-de-oleo-na-imagem-abstrata-padrao-psicodelico-de-agua_23-2148290141.jpg' in /home2/unive271/public_html/cadastro_crianca_banco.php on line 74
[09-Dec-2019 22:25:39 America/Sao_Paulo] PHP Warning:  move_uploaded_file(./imagem/gotas-de-oleo-na-imagem-abstrata-padrao-psicodelico-de-agua_23-2148290141.jpg): failed to open stream: No such file or directory in /home2/unive271/public_html/cadastro_crianca_banco.php on line 75
[09-Dec-2019 22:25:39 America/Sao_Paulo] PHP Warning:  move_uploaded_file(): Unable to move '/tmp/php144nC9' to './imagem/gotas-de-oleo-na-imagem-abstrata-padrao-psicodelico-de-agua_23-2148290141.jpg' in /home2/unive271/public_html/cadastro_crianca_banco.php on line 75
[09-Dec-2019 22:25:55 America/Fortaleza] PHP Warning:  mail() expects parameter 4 to be string, object given in /home2/unive271/public_html/envia_email.php on line 36
[09-Dec-2019 22:25:55 America/Fortaleza] PHP Warning:  Cannot modify header information - headers already sent by (output started at /home2/unive271/public_html/envia_email.php:36) in /home2/unive271/public_html/envia_email.php on line 38
[09-Dec-2019 22:26:01 America/Fortaleza] PHP Warning:  mail() expects parameter 4 to be string, object given in /home2/unive271/public_html/envia_email.php on line 36
[09-Dec-2019 22:26:01 America/Fortaleza] PHP Warning:  Cannot modify header information - headers already sent by (output started at /home2/unive271/public_html/envia_email.php:36) in /home2/unive271/public_html/envia_email.php on line 38
[09-Dec-2019 22:26:44 America/Fortaleza] PHP Warning:  mail() expects parameter 4 to be string, object given in /home2/unive271/public_html/envia_email.php on line 36
[09-Dec-2019 22:26:44 America/Fortaleza] PHP Warning:  Cannot modify header information - headers already sent by (output started at /home2/unive271/public_html/envia_email.php:36) in /home2/unive271/public_html/envia_email.php on line 38
[09-Dec-2019 22:27:11 America/Fortaleza] PHP Warning:  mail() expects parameter 4 to be string, object given in /home2/unive271/public_html/envia_email.php on line 36
[09-Dec-2019 22:27:11 America/Fortaleza] PHP Warning:  Cannot modify header information - headers already sent by (output started at /home2/unive271/public_html/envia_email.php:36) in /home2/unive271/public_html/envia_email.php on line 38
[09-Dec-2019 22:29:58 America/Sao_Paulo] PHP Warning:  move_uploaded_file(./imagem/teste.html): failed to open stream: No such file or directory in /home2/unive271/public_html/cadastro_crianca_banco.php on line 72
[09-Dec-2019 22:29:58 America/Sao_Paulo] PHP Warning:  move_uploaded_file(): Unable to move '/tmp/phptg9VbH' to './imagem/teste.html' in /home2/unive271/public_html/cadastro_crianca_banco.php on line 72
[09-Dec-2019 22:29:58 America/Sao_Paulo] PHP Warning:  move_uploaded_file(./imagem/teste.html): failed to open stream: No such file or directory in /home2/unive271/public_html/cadastro_crianca_banco.php on line 73
[09-Dec-2019 22:29:58 America/Sao_Paulo] PHP Warning:  move_uploaded_file(): Unable to move '/tmp/phpMxRM7t' to './imagem/teste.html' in /home2/unive271/public_html/cadastro_crianca_banco.php on line 73
[09-Dec-2019 22:29:58 America/Sao_Paulo] PHP Warning:  move_uploaded_file(./imagem/teste.html): failed to open stream: No such file or directory in /home2/unive271/public_html/cadastro_crianca_banco.php on line 74
[09-Dec-2019 22:29:58 America/Sao_Paulo] PHP Warning:  move_uploaded_file(): Unable to move '/tmp/phpxm7D3g' to './imagem/teste.html' in /home2/unive271/public_html/cadastro_crianca_banco.php on line 74
[09-Dec-2019 22:29:58 America/Sao_Paulo] PHP Warning:  move_uploaded_file(./imagem/teste.html): failed to open stream: No such file or directory in /home2/unive271/public_html/cadastro_crianca_banco.php on line 75
[09-Dec-2019 22:29:58 America/Sao_Paulo] PHP Warning:  move_uploaded_file(): Unable to move '/tmp/phpQ5LvZ3' to './imagem/teste.html' in /home2/unive271/public_html/cadastro_crianca_banco.php on line 75
[09-Dec-2019 22:30:36 America/Fortaleza] PHP Parse error:  syntax error, unexpected ')' in /home2/unive271/public_html/envia_email.php on line 28
[09-Dec-2019 22:34:46 America/Sao_Paulo] PHP Warning:  move_uploaded_file(./imagem/coelho_eu.jpg): failed to open stream: No such file or directory in /home2/unive271/public_html/cadastro_crianca_banco.php on line 72
[09-Dec-2019 22:34:46 America/Sao_Paulo] PHP Warning:  move_uploaded_file(): Unable to move '/tmp/phpYXomi7' to './imagem/coelho_eu.jpg' in /home2/unive271/public_html/cadastro_crianca_banco.php on line 72
[09-Dec-2019 22:34:46 America/Sao_Paulo] PHP Warning:  move_uploaded_file(./imagem/coelho_filha.jfif): failed to open stream: No such file or directory in /home2/unive271/public_html/cadastro_crianca_banco.php on line 73
[09-Dec-2019 22:34:46 America/Sao_Paulo] PHP Warning:  move_uploaded_file(): Unable to move '/tmp/phpsREoQ2' to './imagem/coelho_filha.jfif' in /home2/unive271/public_html/cadastro_crianca_banco.php on line 73
[09-Dec-2019 22:34:46 America/Sao_Paulo] PHP Warning:  move_uploaded_file(./imagem/coelho_eu.jpg): failed to open stream: No such file or directory in /home2/unive271/public_html/cadastro_crianca_banco.php on line 74
[09-Dec-2019 22:34:46 America/Sao_Paulo] PHP Warning:  move_uploaded_file(): Unable to move '/tmp/phpc8QroY' to './imagem/coelho_eu.jpg' in /home2/unive271/public_html/cadastro_crianca_banco.php on line 74
[09-Dec-2019 22:34:46 America/Sao_Paulo] PHP Warning:  move_uploaded_file(./imagem/coelho_eu.jpg): failed to open stream: No such file or directory in /home2/unive271/public_html/cadastro_crianca_banco.php on line 75
[09-Dec-2019 22:34:46 America/Sao_Paulo] PHP Warning:  move_uploaded_file(): Unable to move '/tmp/phpK30gcV' to './imagem/coelho_eu.jpg' in /home2/unive271/public_html/cadastro_crianca_banco.php on line 75
[09-Dec-2019 22:35:53 America/Fortaleza] PHP Notice:  Undefined variable: mail in /home2/unive271/public_html/envia_email.php on line 33
[09-Dec-2019 22:35:53 America/Fortaleza] PHP Fatal error:  Uncaught Error: Function name must be a string in /home2/unive271/public_html/envia_email.php:33
Stack trace:
#0 {main}
  thrown in /home2/unive271/public_html/envia_email.php on line 33
[09-Dec-2019 22:42:03 America/Sao_Paulo] PHP Warning:  move_uploaded_file(./imagem/coelho_eu.jpg): failed to open stream: No such file or directory in /home2/unive271/public_html/cadastro_crianca_banco.php on line 72
[09-Dec-2019 22:42:03 America/Sao_Paulo] PHP Warning:  move_uploaded_file(): Unable to move '/tmp/phpWSKayD' to './imagem/coelho_eu.jpg' in /home2/unive271/public_html/cadastro_crianca_banco.php on line 72
[09-Dec-2019 22:42:03 America/Sao_Paulo] PHP Warning:  move_uploaded_file(./imagem/coelho_eu.jpg): failed to open stream: No such file or directory in /home2/unive271/public_html/cadastro_crianca_banco.php on line 73
[09-Dec-2019 22:42:03 America/Sao_Paulo] PHP Warning:  move_uploaded_file(): Unable to move '/tmp/phpkGPF9s' to './imagem/coelho_eu.jpg' in /home2/unive271/public_html/cadastro_crianca_banco.php on line 73
[09-Dec-2019 22:42:03 America/Sao_Paulo] PHP Warning:  move_uploaded_file(./imagem/coelho_eu.jpg): failed to open stream: No such file or directory in /home2/unive271/public_html/cadastro_crianca_banco.php on line 74
[09-Dec-2019 22:42:03 America/Sao_Paulo] PHP Warning:  move_uploaded_file(): Unable to move '/tmp/phpiM0dhj' to './imagem/coelho_eu.jpg' in /home2/unive271/public_html/cadastro_crianca_banco.php on line 74
[09-Dec-2019 22:42:03 America/Sao_Paulo] PHP Warning:  move_uploaded_file(./imagem/coelho_eu.jpg): failed to open stream: No such file or directory in /home2/unive271/public_html/cadastro_crianca_banco.php on line 75
[09-Dec-2019 22:42:03 America/Sao_Paulo] PHP Warning:  move_uploaded_file(): Unable to move '/tmp/phpY45SR9' to './imagem/coelho_eu.jpg' in /home2/unive271/public_html/cadastro_crianca_banco.php on line 75
[10-Dec-2019 00:00:48 America/Sao_Paulo] PHP Warning:  move_uploaded_file(./imagem/IMG-20191209-WA0070.jpg): failed to open stream: No such file or directory in /home2/unive271/public_html/cadastro_crianca_banco.php on line 72
[10-Dec-2019 00:00:48 America/Sao_Paulo] PHP Warning:  move_uploaded_file(): Unable to move '/tmp/phpA0kb2B' to './imagem/IMG-20191209-WA0070.jpg' in /home2/unive271/public_html/cadastro_crianca_banco.php on line 72
[10-Dec-2019 00:00:48 America/Sao_Paulo] PHP Warning:  move_uploaded_file(./imagem/IMG-20191209-WA0070.jpg): failed to open stream: No such file or directory in /home2/unive271/public_html/cadastro_crianca_banco.php on line 73
[10-Dec-2019 00:00:48 America/Sao_Paulo] PHP Warning:  move_uploaded_file(): Unable to move '/tmp/phpJ18H3s' to './imagem/IMG-20191209-WA0070.jpg' in /home2/unive271/public_html/cadastro_crianca_banco.php on line 73
[10-Dec-2019 00:00:48 America/Sao_Paulo] PHP Warning:  move_uploaded_file(./imagem/IMG-20191209-WA0070.jpg): failed to open stream: No such file or directory in /home2/unive271/public_html/cadastro_crianca_banco.php on line 74
[10-Dec-2019 00:00:48 America/Sao_Paulo] PHP Warning:  move_uploaded_file(): Unable to move '/tmp/php6gNOik' to './imagem/IMG-20191209-WA0070.jpg' in /home2/unive271/public_html/cadastro_crianca_banco.php on line 74
[10-Dec-2019 00:00:48 America/Sao_Paulo] PHP Warning:  move_uploaded_file(./imagem/IMG-20191209-WA0070.jpg): failed to open stream: No such file or directory in /home2/unive271/public_html/cadastro_crianca_banco.php on line 75
[10-Dec-2019 00:00:48 America/Sao_Paulo] PHP Warning:  move_uploaded_file(): Unable to move '/tmp/phpTHfYNb' to './imagem/IMG-20191209-WA0070.jpg' in /home2/unive271/public_html/cadastro_crianca_banco.php on line 75
[10-Dec-2019 01:25:44 America/Sao_Paulo] PHP Warning:  move_uploaded_file(./imagem/l.ino): failed to open stream: No such file or directory in /home2/unive271/public_html/cadastro_crianca_banco.php on line 72
[10-Dec-2019 01:25:44 America/Sao_Paulo] PHP Warning:  move_uploaded_file(): Unable to move '/tmp/phpdAEqgM' to './imagem/l.ino' in /home2/unive271/public_html/cadastro_crianca_banco.php on line 72
[10-Dec-2019 01:25:44 America/Sao_Paulo] PHP Warning:  move_uploaded_file(./imagem/l.ino): failed to open stream: No such file or directory in /home2/unive271/public_html/cadastro_crianca_banco.php on line 73
[10-Dec-2019 01:25:44 America/Sao_Paulo] PHP Warning:  move_uploaded_file(): Unable to move '/tmp/phpAwcMP2' to './imagem/l.ino' in /home2/unive271/public_html/cadastro_crianca_banco.php on line 73
[10-Dec-2019 01:25:44 America/Sao_Paulo] PHP Warning:  move_uploaded_file(./imagem/l.ino): failed to open stream: No such file or directory in /home2/unive271/public_html/cadastro_crianca_banco.php on line 74
[10-Dec-2019 01:25:44 America/Sao_Paulo] PHP Warning:  move_uploaded_file(): Unable to move '/tmp/phpnz25oj' to './imagem/l.ino' in /home2/unive271/public_html/cadastro_crianca_banco.php on line 74
[10-Dec-2019 01:25:44 America/Sao_Paulo] PHP Warning:  move_uploaded_file(./imagem/l.ino): failed to open stream: No such file or directory in /home2/unive271/public_html/cadastro_crianca_banco.php on line 75
[10-Dec-2019 01:25:44 America/Sao_Paulo] PHP Warning:  move_uploaded_file(): Unable to move '/tmp/phpYbxqYz' to './imagem/l.ino' in /home2/unive271/public_html/cadastro_crianca_banco.php on line 75
[10-Dec-2019 23:02:22 America/Fortaleza] PHP Parse error:  syntax error, unexpected ''.$tb_uf['' (T_CONSTANT_ENCAPSED_STRING), expecting ',' or ';' in /home2/unive271/public_html/crechess.php on line 143
[10-Dec-2019 23:02:33 America/Fortaleza] PHP Parse error:  syntax error, unexpected ''.$tb_uf['' (T_CONSTANT_ENCAPSED_STRING), expecting ',' or ';' in /home2/unive271/public_html/crechess.php on line 143
[10-Dec-2019 23:05:01 America/Fortaleza] PHP Parse error:  syntax error, unexpected ''.$tb_uf['' (T_CONSTANT_ENCAPSED_STRING), expecting ',' or ';' in /home2/unive271/public_html/crechess.php on line 143
[10-Dec-2019 23:08:03 America/Fortaleza] PHP Parse error:  syntax error, unexpected ''.$tb_uf['' (T_CONSTANT_ENCAPSED_STRING), expecting ',' or ';' in /home2/unive271/public_html/crechess.php on line 143
[10-Dec-2019 23:08:06 America/Fortaleza] PHP Parse error:  syntax error, unexpected ''.$tb_uf['' (T_CONSTANT_ENCAPSED_STRING), expecting ',' or ';' in /home2/unive271/public_html/crechess.php on line 143
[10-Dec-2019 23:16:43 America/Fortaleza] PHP Fatal error:  Uncaught Error: Call to undefined method PDOStatement::fectchAll() in /home2/unive271/public_html/crechess.php:140
Stack trace:
#0 {main}
  thrown in /home2/unive271/public_html/crechess.php on line 140
[10-Dec-2019 23:18:12 America/Fortaleza] PHP Fatal error:  Uncaught Error: Call to undefined method PDOStatement::fectchAll() in /home2/unive271/public_html/crechess.php:105
Stack trace:
#0 {main}
  thrown in /home2/unive271/public_html/crechess.php on line 105
[10-Dec-2019 23:26:52 America/Fortaleza] PHP Fatal error:  Uncaught Error: Call to undefined method PDOStatement::fectchAll() in /home2/unive271/public_html/crechess.php:73
Stack trace:
#0 {main}
  thrown in /home2/unive271/public_html/crechess.php on line 73
[10-Dec-2019 23:27:00 America/Fortaleza] PHP Fatal error:  Uncaught Error: Call to undefined method PDOStatement::fectchAll() in /home2/unive271/public_html/crechess.php:73
Stack trace:
#0 {main}
  thrown in /home2/unive271/public_html/crechess.php on line 73
[10-Dec-2019 23:33:03 America/Fortaleza] PHP Fatal error:  Uncaught Error: Call to undefined method PDOStatement::fectchAll() in /home2/unive271/public_html/crechess.php:73
Stack trace:
#0 {main}
  thrown in /home2/unive271/public_html/crechess.php on line 73
[10-Dec-2019 23:35:51 America/Fortaleza] PHP Fatal error:  Uncaught Error: Call to undefined method PDOStatement::fectchAll() in /home2/unive271/public_html/crechess.php:74
Stack trace:
#0 {main}
  thrown in /home2/unive271/public_html/crechess.php on line 74
[10-Dec-2019 23:35:54 America/Fortaleza] PHP Fatal error:  Uncaught Error: Call to undefined method PDOStatement::fectchAll() in /home2/unive271/public_html/crechess.php:74
Stack trace:
#0 {main}
  thrown in /home2/unive271/public_html/crechess.php on line 74
[10-Dec-2019 23:36:06 America/Fortaleza] PHP Fatal error:  Uncaught Error: Call to undefined method PDOStatement::fectchAll() in /home2/unive271/public_html/crechess.php:73
Stack trace:
#0 {main}
  thrown in /home2/unive271/public_html/crechess.php on line 73
[10-Dec-2019 23:36:08 America/Fortaleza] PHP Fatal error:  Uncaught Error: Call to undefined method PDOStatement::fectchAll() in /home2/unive271/public_html/crechess.php:73
Stack trace:
#0 {main}
  thrown in /home2/unive271/public_html/crechess.php on line 73
[10-Dec-2019 23:53:20 America/Fortaleza] PHP Parse error:  syntax error, unexpected '$conexao' (T_VARIABLE) in /home2/unive271/public_html/crechess.php on line 3
[10-Dec-2019 23:53:45 America/Fortaleza] PHP Fatal error:  Uncaught Error: Call to undefined method PDOStatement::fectchAll() in /home2/unive271/public_html/crechess.php:73
Stack trace:
#0 {main}
  thrown in /home2/unive271/public_html/crechess.php on line 73
[10-Dec-2019 23:53:58 America/Fortaleza] PHP Fatal error:  Uncaught Error: Call to undefined method PDOStatement::fectchAll() in /home2/unive271/public_html/crechess.php:73
Stack trace:
#0 {main}
  thrown in /home2/unive271/public_html/crechess.php on line 73
[11-Dec-2019 00:08:10 America/Fortaleza] PHP Fatal error:  Uncaught Error: Call to a member function query() on null in /home2/unive271/public_html/crechess.php:13
Stack trace:
#0 {main}
  thrown in /home2/unive271/public_html/crechess.php on line 13
[11-Dec-2019 00:09:15 America/Fortaleza] PHP Fatal error:  Uncaught Error: Call to undefined method PDOStatement::fectchAll() in /home2/unive271/public_html/crechess.php:73
Stack trace:
#0 {main}
  thrown in /home2/unive271/public_html/crechess.php on line 73
[11-Dec-2019 00:10:36 America/Fortaleza] PHP Fatal error:  Uncaught Error: Call to undefined method PDOStatement::fectchAll() in /home2/unive271/public_html/crechess.php:73
Stack trace:
#0 {main}
  thrown in /home2/unive271/public_html/crechess.php on line 73
[11-Dec-2019 00:32:39 America/Fortaleza] PHP Fatal error:  Uncaught Error: Call to a member function fetchAll() on boolean in /home2/unive271/public_html/creches.php:17
Stack trace:
#0 {main}
  thrown in /home2/unive271/public_html/creches.php on line 17
[11-Dec-2019 00:33:12 America/Fortaleza] PHP Fatal error:  Uncaught Error: Call to a member function fetchAll() on boolean in /home2/unive271/public_html/creches.php:17
Stack trace:
#0 {main}
  thrown in /home2/unive271/public_html/creches.php on line 17
[11-Dec-2019 00:33:41 America/Fortaleza] PHP Fatal error:  Uncaught Error: Call to a member function fetchAll() on boolean in /home2/unive271/public_html/creches.php:17
Stack trace:
#0 {main}
  thrown in /home2/unive271/public_html/creches.php on line 17
[11-Dec-2019 00:40:26 America/Fortaleza] PHP Fatal error:  Uncaught Error: Call to undefined method PDOStatement::fectchAll() in /home2/unive271/public_html/crechess.php:73
Stack trace:
#0 {main}
  thrown in /home2/unive271/public_html/crechess.php on line 73
[11-Dec-2019 00:42:04 America/Fortaleza] PHP Fatal error:  Uncaught Error: Call to undefined method PDOStatement::fectchAll() in /home2/unive271/public_html/crechess.php:73
Stack trace:
#0 {main}
  thrown in /home2/unive271/public_html/crechess.php on line 73
[11-Dec-2019 00:43:18 America/Fortaleza] PHP Fatal error:  Uncaught Error: Call to undefined method PDOStatement::fectchAll() in /home2/unive271/public_html/crechess.php:73
Stack trace:
#0 {main}
  thrown in /home2/unive271/public_html/crechess.php on line 73
[11-Dec-2019 00:45:04 America/Fortaleza] PHP Fatal error:  Uncaught Error: Call to undefined method PDOStatement::fectchAll() in /home2/unive271/public_html/crechess.php:73
Stack trace:
#0 {main}
  thrown in /home2/unive271/public_html/crechess.php on line 73
[11-Dec-2019 00:45:32 America/Fortaleza] PHP Fatal error:  Uncaught Error: Call to undefined method PDOStatement::fectchAll() in /home2/unive271/public_html/crechess.php:73
Stack trace:
#0 {main}
  thrown in /home2/unive271/public_html/crechess.php on line 73
[11-Dec-2019 00:50:48 America/Fortaleza] PHP Parse error:  syntax error, unexpected '(', expecting identifier (T_STRING) or variable (T_VARIABLE) or '{' or '$' in /home2/unive271/public_html/crechess.php on line 71
[11-Dec-2019 00:53:27 America/Fortaleza] PHP Parse error:  syntax error, unexpected end of file in /home2/unive271/public_html/crechess.php on line 221
[11-Dec-2019 01:39:51 America/Fortaleza] PHP Fatal error:  Uncaught Error: Call to a member function fetchAll() on null in /home2/unive271/public_html/crechess.php:80
Stack trace:
#0 {main}
  thrown in /home2/unive271/public_html/crechess.php on line 80
[11-Dec-2019 01:54:33 America/Fortaleza] PHP Fatal error:  Uncaught Error: Call to a member function fetchAll() on null in /home2/unive271/public_html/crechess.php:5
Stack trace:
#0 {main}
  thrown in /home2/unive271/public_html/crechess.php on line 5
[11-Dec-2019 01:54:56 America/Fortaleza] PHP Fatal error:  Uncaught Error: Call to a member function fetchAll() on null in /home2/unive271/public_html/crechess.php:5
Stack trace:
#0 {main}
  thrown in /home2/unive271/public_html/crechess.php on line 5
[11-Dec-2019 01:55:00 America/Fortaleza] PHP Fatal error:  Uncaught Error: Call to a member function fetchAll() on null in /home2/unive271/public_html/crechess.php:11
Stack trace:
#0 {main}
  thrown in /home2/unive271/public_html/crechess.php on line 11
[11-Dec-2019 01:55:36 America/Fortaleza] PHP Fatal error:  Uncaught Error: Call to a member function fetchAll() on null in /home2/unive271/public_html/crechess.php:11
Stack trace:
#0 {main}
  thrown in /home2/unive271/public_html/crechess.php on line 11
[11-Dec-2019 01:55:49 America/Fortaleza] PHP Parse error:  syntax error, unexpected end of file in /home2/unive271/public_html/crechess.php on line 221
[11-Dec-2019 02:03:56 America/Fortaleza] PHP Fatal error:  Uncaught Error: Call to a member function fetchAll() on null in /home2/unive271/public_html/crechess.php:95
Stack trace:
#0 {main}
  thrown in /home2/unive271/public_html/crechess.php on line 95
[11-Dec-2019 02:04:34 America/Fortaleza] PHP Fatal error:  Uncaught Error: Call to a member function fetchAll() on null in /home2/unive271/public_html/crechess.php:95
Stack trace:
#0 {main}
  thrown in /home2/unive271/public_html/crechess.php on line 95
[11-Dec-2019 02:05:46 America/Fortaleza] PHP Fatal error:  Uncaught Error: Call to a member function fetchAll() on null in /home2/unive271/public_html/crechess.php:81
Stack trace:
#0 {main}
  thrown in /home2/unive271/public_html/crechess.php on line 81
[11-Dec-2019 02:06:04 America/Fortaleza] PHP Fatal error:  Uncaught Error: Call to a member function fetchAll() on null in /home2/unive271/public_html/crechess.php:81
Stack trace:
#0 {main}
  thrown in /home2/unive271/public_html/crechess.php on line 81
[11-Dec-2019 02:06:13 America/Fortaleza] PHP Fatal error:  Uncaught Error: Call to a member function fetchAll() on null in /home2/unive271/public_html/crechess.php:95
Stack trace:
#0 {main}
  thrown in /home2/unive271/public_html/crechess.php on line 95
[11-Dec-2019 02:07:17 America/Fortaleza] PHP Fatal error:  Uncaught Error: Call to a member function fetchAll() on null in /home2/unive271/public_html/crechess.php:81
Stack trace:
#0 {main}
  thrown in /home2/unive271/public_html/crechess.php on line 81
[11-Dec-2019 02:07:55 America/Fortaleza] PHP Fatal error:  Uncaught Error: Call to a member function fetchAll() on null in /home2/unive271/public_html/crechess.php:95
Stack trace:
#0 {main}
  thrown in /home2/unive271/public_html/crechess.php on line 95
[11-Dec-2019 02:18:02 America/Fortaleza] PHP Parse error:  syntax error, unexpected '$id' (T_VARIABLE) in /home2/unive271/public_html/crechess.php on line 76
[11-Dec-2019 02:18:24 America/Fortaleza] PHP Parse error:  syntax error, unexpected '$id' (T_VARIABLE) in /home2/unive271/public_html/crechess.php on line 76
[11-Dec-2019 02:18:57 America/Fortaleza] PHP Warning:  Creating default object from empty value in /home2/unive271/public_html/crechess.php on line 76
[11-Dec-2019 02:19:53 America/Fortaleza] PHP Warning:  Creating default object from empty value in /home2/unive271/public_html/crechess.php on line 76
[11-Dec-2019 02:19:53 America/Fortaleza] PHP Recoverable fatal error:  Object of class stdClass could not be converted to string in /home2/unive271/public_html/crechess.php on line 96
[11-Dec-2019 02:24:13 America/Fortaleza] PHP Warning:  Creating default object from empty value in /home2/unive271/public_html/crechess.php on line 76
[11-Dec-2019 02:24:13 America/Fortaleza] PHP Recoverable fatal error:  Object of class stdClass could not be converted to string in /home2/unive271/public_html/crechess.php on line 96
[11-Dec-2019 02:24:43 America/Fortaleza] PHP Warning:  Creating default object from empty value in /home2/unive271/public_html/crechess.php on line 76
[11-Dec-2019 02:24:43 America/Fortaleza] PHP Recoverable fatal error:  Object of class stdClass could not be converted to string in /home2/unive271/public_html/crechess.php on line 96
[11-Dec-2019 02:25:11 America/Fortaleza] PHP Warning:  Creating default object from empty value in /home2/unive271/public_html/crechess.php on line 76
[11-Dec-2019 02:25:11 America/Fortaleza] PHP Recoverable fatal error:  Object of class stdClass could not be converted to string in /home2/unive271/public_html/crechess.php on line 96
[11-Dec-2019 02:25:25 America/Fortaleza] PHP Warning:  Creating default object from empty value in /home2/unive271/public_html/crechess.php on line 76
[11-Dec-2019 02:25:25 America/Fortaleza] PHP Recoverable fatal error:  Object of class stdClass could not be converted to string in /home2/unive271/public_html/crechess.php on line 96
[11-Dec-2019 02:35:25 America/Fortaleza] PHP Parse error:  syntax error, unexpected '<' in /home2/unive271/public_html/crechess.php on line 81
[11-Dec-2019 02:36:08 America/Fortaleza] PHP Parse error:  syntax error, unexpected '<' in /home2/unive271/public_html/crechess.php on line 81
[11-Dec-2019 02:36:29 America/Fortaleza] PHP Parse error:  syntax error, unexpected '<' in /home2/unive271/public_html/crechess.php on line 81
[11-Dec-2019 08:59:32 America/Fortaleza] PHP Parse error:  syntax error, unexpected '<' in /home2/unive271/public_html/crechess.php on line 81
[11-Dec-2019 08:59:32 America/Fortaleza] PHP Parse error:  syntax error, unexpected '<' in /home2/unive271/public_html/crechess.php on line 81
[11-Dec-2019 08:59:59 America/Fortaleza] PHP Parse error:  syntax error, unexpected '<' in /home2/unive271/public_html/crechess.php on line 81
[11-Dec-2019 10:16:05 America/Fortaleza] PHP Parse error:  syntax error, unexpected '<' in /home2/unive271/public_html/crechess.php on line 81
[11-Dec-2019 10:16:19 America/Fortaleza] PHP Fatal error:  Uncaught Error: Call to a member function fetchAll() on boolean in /home2/unive271/public_html/confirma_cadastro.php:27
Stack trace:
#0 {main}
  thrown in /home2/unive271/public_html/confirma_cadastro.php on line 27
[11-Dec-2019 10:16:20 America/Fortaleza] PHP Fatal error:  Uncaught Error: Call to a member function fetchObject() on boolean in /home2/unive271/public_html/cadastrar_endereco.php:23
Stack trace:
#0 {main}
  thrown in /home2/unive271/public_html/cadastrar_endereco.php on line 23
[11-Dec-2019 12:59:13 America/Fortaleza] PHP Parse error:  syntax error, unexpected '<' in /home2/unive271/public_html/crechess.php on line 81
[11-Dec-2019 13:22:09 America/Fortaleza] PHP Parse error:  syntax error, unexpected '<' in /home2/unive271/public_html/crechess.php on line 81
[11-Dec-2019 13:23:10 America/Fortaleza] PHP Parse error:  syntax error, unexpected '""' (T_CONSTANT_ENCAPSED_STRING) in /home2/unive271/public_html/crechess.php on line 81
[11-Dec-2019 13:23:12 America/Fortaleza] PHP Parse error:  syntax error, unexpected '""' (T_CONSTANT_ENCAPSED_STRING) in /home2/unive271/public_html/crechess.php on line 81
[11-Dec-2019 14:16:15 America/Fortaleza] PHP Fatal error:  Uncaught Error: Call to a member function fetchAll() on boolean in /home2/unive271/public_html/creches.php:17
Stack trace:
#0 {main}
  thrown in /home2/unive271/public_html/creches.php on line 17
[11-Dec-2019 14:45:04 America/Fortaleza] PHP Fatal error:  Uncaught Error: Call to a member function fetchObject() on boolean in /home2/unive271/public_html/cadastrar_endereco.php:23
Stack trace:
#0 {main}
  thrown in /home2/unive271/public_html/cadastrar_endereco.php on line 23
[11-Dec-2019 14:46:19 America/Fortaleza] PHP Fatal error:  Uncaught Error: Call to a member function fetchObject() on boolean in /home2/unive271/public_html/cadastrar_endereco.php:23
Stack trace:
#0 {main}
  thrown in /home2/unive271/public_html/cadastrar_endereco.php on line 23
[11-Dec-2019 14:53:37 America/Fortaleza] PHP Parse error:  syntax error, unexpected 'btn' (T_STRING), expecting ',' or ';' in /home2/unive271/public_html/inicio_funcionario.php on line 153
[11-Dec-2019 14:54:08 America/Fortaleza] PHP Parse error:  syntax error, unexpected 'btn' (T_STRING), expecting ',' or ';' in /home2/unive271/public_html/inicio_funcionario.php on line 153
[11-Dec-2019 16:00:13 America/Fortaleza] PHP Parse error:  syntax error, unexpected 'btn' (T_STRING), expecting ',' or ';' in /home2/unive271/public_html/inicio_funcionario.php on line 153
[11-Dec-2019 16:02:16 America/Fortaleza] PHP Parse error:  syntax error, unexpected 'btn' (T_STRING), expecting ',' or ';' in /home2/unive271/public_html/inicio_funcionario.php on line 154
[11-Dec-2019 16:02:51 America/Fortaleza] PHP Parse error:  syntax error, unexpected 'background' (T_STRING), expecting ',' or ';' in /home2/unive271/public_html/inicio_funcionario.php on line 154
[11-Dec-2019 16:03:11 America/Fortaleza] PHP Parse error:  syntax error, unexpected 'background' (T_STRING), expecting ',' or ';' in /home2/unive271/public_html/inicio_funcionario.php on line 154
[11-Dec-2019 16:05:14 America/Fortaleza] PHP Parse error:  syntax error, unexpected 'text' (T_STRING), expecting ',' or ';' in /home2/unive271/public_html/inicio_funcionario.php on line 154
[11-Dec-2019 18:58:01 America/Fortaleza] PHP Parse error:  syntax error, unexpected '}', expecting end of file in /home2/unive271/public_html/crechess.php on line 105
[11-Dec-2019 18:58:46 America/Fortaleza] PHP Parse error:  syntax error, unexpected '}', expecting end of file in /home2/unive271/public_html/crechess.php on line 105
[11-Dec-2019 19:10:37 America/Fortaleza] PHP Parse error:  syntax error, unexpected end of file in /home2/unive271/public_html/crechess.php on line 266
[11-Dec-2019 19:10:56 America/Fortaleza] PHP Parse error:  syntax error, unexpected end of file in /home2/unive271/public_html/crechess.php on line 266
[11-Dec-2019 19:14:05 America/Fortaleza] PHP Fatal error:  Uncaught Error: Call to a member function fetchObject() on boolean in /home2/unive271/public_html/cadastrar_endereco.php:23
Stack trace:
#0 {main}
  thrown in /home2/unive271/public_html/cadastrar_endereco.php on line 23
[12-Dec-2019 05:48:08 America/Fortaleza] PHP Fatal error:  Uncaught Error: Call to a member function fetchAll() on boolean in /home2/unive271/public_html/creches.php:17
Stack trace:
#0 {main}
  thrown in /home2/unive271/public_html/creches.php on line 17
[12-Dec-2019 15:11:44 America/Fortaleza] PHP Fatal error:  Uncaught Error: Call to a member function fetchAll() on boolean in /home2/unive271/public_html/creches.php:17
Stack trace:
#0 {main}
  thrown in /home2/unive271/public_html/creches.php on line 17
[14-Dec-2019 00:00:24 America/Fortaleza] PHP Fatal error:  Uncaught Error: Call to a member function fetchAll() on boolean in /home2/unive271/public_html/creches.php:17
Stack trace:
#0 {main}
  thrown in /home2/unive271/public_html/creches.php on line 17
[18-Dec-2019 21:19:09 America/Fortaleza] PHP Fatal error:  Uncaught Error: Call to a member function fetchAll() on boolean in /home2/unive271/public_html/creches.php:17
Stack trace:
#0 {main}
  thrown in /home2/unive271/public_html/creches.php on line 17
[19-Dec-2019 05:29:49 America/Fortaleza] PHP Fatal error:  Uncaught Error: Call to a member function fetchAll() on boolean in /home2/unive271/public_html/creches.php:17
Stack trace:
#0 {main}
  thrown in /home2/unive271/public_html/creches.php on line 17
[21-Dec-2019 07:17:39 America/Fortaleza] PHP Fatal error:  Uncaught Error: Call to a member function fetchAll() on boolean in /home2/unive271/public_html/creches.php:17
Stack trace:
#0 {main}
  thrown in /home2/unive271/public_html/creches.php on line 17
